#-----------------------------------------------------------
# Vivado v2022.1 (64-bit)
# SW Build 3526262 on Mon Apr 18 15:47:01 MDT 2022
# IP Build 3524634 on Mon Apr 18 20:55:01 MDT 2022
# Start of session at: Fri Feb  6 01:48:35 2026
# Process ID: 3948948
# Current directory: /home/mahfuz/vivado_run
# Command line: vivado -mode batch -source scripts/run_gemm_main_zynq7020.tcl -log reports/gemm_vivado.log -journal reports/gemm_vivado.jou
# Log file: /home/mahfuz/vivado_run/reports/gemm_vivado.log
# Journal file: /home/mahfuz/vivado_run/reports/gemm_vivado.jou
# Running On: dell-PT-3620, OS: Linux, CPU Frequency: 800.000 MHz, CPU Physical cores: 4, Host memory: 33541 MB
#-----------------------------------------------------------
source scripts/run_gemm_main_zynq7020.tcl
# file mkdir reports
# set PART   "xc7z020clg484-1"
# set TOP    "main"
# set DESIGN "gemm"
# set RTL_FILES [list \
#   "$::env(HOME)/ReadySv/Gemm/Output/gemm.sv" \
# ]
# puts "Using TOP=$TOP PART=$PART"
Using TOP=main PART=xc7z020clg484-1
# puts "RTL_FILES=$RTL_FILES"
RTL_FILES=/home/mahfuz/ReadySv/Gemm/Output/gemm.sv
# read_verilog -sv $RTL_FILES
# synth_design -top $TOP -part $PART
Command: synth_design -top main -part xc7z020clg484-1
Starting synth_design
Attempting to get a license for feature 'Synthesis' and/or device 'xc7z020'
INFO: [Common 17-349] Got license for feature 'Synthesis' and/or device 'xc7z020'
INFO: [Synth 8-7079] Multithreading enabled for synth_design using a maximum of 4 processes.
INFO: [Synth 8-7078] Launching helper process for spawning children vivado processes
INFO: [Synth 8-7075] Helper process launched with PID 3948960
---------------------------------------------------------------------------------
Starting Synthesize : Time (s): cpu = 00:00:03 ; elapsed = 00:00:03 . Memory (MB): peak = 2902.414 ; gain = 0.000 ; free physical = 3534 ; free virtual = 22270
---------------------------------------------------------------------------------
INFO: [Synth 8-6157] synthesizing module 'main' [/home/mahfuz/ReadySv/Gemm/Output/gemm.sv:1347]
INFO: [Synth 8-6157] synthesizing module 'seq_mem_d1' [/home/mahfuz/ReadySv/Gemm/Output/gemm.sv:1085]
	Parameter WIDTH bound to: 32 - type: integer 
	Parameter SIZE bound to: 1024 - type: integer 
	Parameter IDX_SIZE bound to: 10 - type: integer 
INFO: [Synth 8-6155] done synthesizing module 'seq_mem_d1' (0#1) [/home/mahfuz/ReadySv/Gemm/Output/gemm.sv:1085]
INFO: [Synth 8-6157] synthesizing module 'gemm' [/home/mahfuz/ReadySv/Gemm/Output/gemm.sv:1571]
INFO: [Synth 8-6157] synthesizing module 'std_slice' [/home/mahfuz/ReadySv/Gemm/Output/gemm.sv:786]
	Parameter IN_WIDTH bound to: 32 - type: integer 
	Parameter OUT_WIDTH bound to: 10 - type: integer 
INFO: [Synth 8-6155] done synthesizing module 'std_slice' (0#1) [/home/mahfuz/ReadySv/Gemm/Output/gemm.sv:786]
INFO: [Synth 8-6157] synthesizing module 'std_add' [/home/mahfuz/ReadySv/Gemm/Output/gemm.sv:1285]
	Parameter WIDTH bound to: 32 - type: integer 
INFO: [Synth 8-6155] done synthesizing module 'std_add' (0#1) [/home/mahfuz/ReadySv/Gemm/Output/gemm.sv:1285]
INFO: [Synth 8-6157] synthesizing module 'std_lsh' [/home/mahfuz/ReadySv/Gemm/Output/gemm.sv:1295]
	Parameter WIDTH bound to: 32 - type: integer 
INFO: [Synth 8-6155] done synthesizing module 'std_lsh' (0#1) [/home/mahfuz/ReadySv/Gemm/Output/gemm.sv:1295]
INFO: [Synth 8-6157] synthesizing module 'std_slice__parameterized0' [/home/mahfuz/ReadySv/Gemm/Output/gemm.sv:786]
	Parameter IN_WIDTH bound to: 65 - type: integer 
	Parameter OUT_WIDTH bound to: 32 - type: integer 
INFO: [Synth 8-6155] done synthesizing module 'std_slice__parameterized0' (0#1) [/home/mahfuz/ReadySv/Gemm/Output/gemm.sv:786]
INFO: [Synth 8-6157] synthesizing module 'std_add__parameterized0' [/home/mahfuz/ReadySv/Gemm/Output/gemm.sv:1285]
	Parameter WIDTH bound to: 65 - type: integer 
INFO: [Synth 8-6155] done synthesizing module 'std_add__parameterized0' (0#1) [/home/mahfuz/ReadySv/Gemm/Output/gemm.sv:1285]
INFO: [Synth 8-6157] synthesizing module 'std_signext' [/home/mahfuz/ReadySv/Gemm/Output/gemm.sv:745]
	Parameter IN_WIDTH bound to: 64 - type: integer 
	Parameter OUT_WIDTH bound to: 65 - type: integer 
INFO: [Synth 8-6155] done synthesizing module 'std_signext' (0#1) [/home/mahfuz/ReadySv/Gemm/Output/gemm.sv:745]
INFO: [Synth 8-6157] synthesizing module 'std_signext__parameterized0' [/home/mahfuz/ReadySv/Gemm/Output/gemm.sv:745]
	Parameter IN_WIDTH bound to: 32 - type: integer 
	Parameter OUT_WIDTH bound to: 65 - type: integer 
INFO: [Synth 8-6155] done synthesizing module 'std_signext__parameterized0' (0#1) [/home/mahfuz/ReadySv/Gemm/Output/gemm.sv:745]
INFO: [Synth 8-6157] synthesizing module 'std_reg' [/home/mahfuz/ReadySv/Gemm/Output/gemm.sv:1305]
	Parameter WIDTH bound to: 32 - type: integer 
INFO: [Synth 8-6155] done synthesizing module 'std_reg' (0#1) [/home/mahfuz/ReadySv/Gemm/Output/gemm.sv:1305]
INFO: [Synth 8-6157] synthesizing module 'std_reg__parameterized0' [/home/mahfuz/ReadySv/Gemm/Output/gemm.sv:1305]
	Parameter WIDTH bound to: 64 - type: integer 
INFO: [Synth 8-6155] done synthesizing module 'std_reg__parameterized0' (0#1) [/home/mahfuz/ReadySv/Gemm/Output/gemm.sv:1305]
INFO: [Synth 8-6157] synthesizing module 'std_mult_pipe' [/home/mahfuz/ReadySv/Gemm/Output/gemm.sv:366]
	Parameter WIDTH bound to: 64 - type: integer 
INFO: [Synth 8-6157] synthesizing module 'std_fp_mult_pipe' [/home/mahfuz/ReadySv/Gemm/Output/gemm.sv:27]
	Parameter WIDTH bound to: 64 - type: integer 
	Parameter INT_WIDTH bound to: 64 - type: integer 
	Parameter FRAC_WIDTH bound to: 0 - type: integer 
	Parameter SIGNED bound to: 0 - type: integer 
INFO: [Synth 8-6155] done synthesizing module 'std_fp_mult_pipe' (0#1) [/home/mahfuz/ReadySv/Gemm/Output/gemm.sv:27]
INFO: [Synth 8-6155] done synthesizing module 'std_mult_pipe' (0#1) [/home/mahfuz/ReadySv/Gemm/Output/gemm.sv:366]
INFO: [Synth 8-6157] synthesizing module 'std_signext__parameterized1' [/home/mahfuz/ReadySv/Gemm/Output/gemm.sv:745]
	Parameter IN_WIDTH bound to: 32 - type: integer 
	Parameter OUT_WIDTH bound to: 64 - type: integer 
INFO: [Synth 8-6155] done synthesizing module 'std_signext__parameterized1' (0#1) [/home/mahfuz/ReadySv/Gemm/Output/gemm.sv:745]
INFO: [Synth 8-6157] synthesizing module 'std_reg__parameterized1' [/home/mahfuz/ReadySv/Gemm/Output/gemm.sv:1305]
	Parameter WIDTH bound to: 6 - type: integer 
INFO: [Synth 8-6155] done synthesizing module 'std_reg__parameterized1' (0#1) [/home/mahfuz/ReadySv/Gemm/Output/gemm.sv:1305]
INFO: [Synth 8-6157] synthesizing module 'std_reg__parameterized2' [/home/mahfuz/ReadySv/Gemm/Output/gemm.sv:1305]
	Parameter WIDTH bound to: 1 - type: integer 
INFO: [Synth 8-6155] done synthesizing module 'std_reg__parameterized2' (0#1) [/home/mahfuz/ReadySv/Gemm/Output/gemm.sv:1305]
INFO: [Synth 8-6157] synthesizing module 'std_add__parameterized1' [/home/mahfuz/ReadySv/Gemm/Output/gemm.sv:1285]
	Parameter WIDTH bound to: 6 - type: integer 
INFO: [Synth 8-6155] done synthesizing module 'std_add__parameterized1' (0#1) [/home/mahfuz/ReadySv/Gemm/Output/gemm.sv:1285]
INFO: [Synth 8-6157] synthesizing module 'std_lt' [/home/mahfuz/ReadySv/Gemm/Output/gemm.sv:912]
	Parameter WIDTH bound to: 6 - type: integer 
INFO: [Synth 8-6155] done synthesizing module 'std_lt' (0#1) [/home/mahfuz/ReadySv/Gemm/Output/gemm.sv:912]
INFO: [Synth 8-6157] synthesizing module 'std_reg__parameterized3' [/home/mahfuz/ReadySv/Gemm/Output/gemm.sv:1305]
	Parameter WIDTH bound to: 3 - type: integer 
INFO: [Synth 8-6155] done synthesizing module 'std_reg__parameterized3' (0#1) [/home/mahfuz/ReadySv/Gemm/Output/gemm.sv:1305]
INFO: [Synth 8-6157] synthesizing module 'std_add__parameterized2' [/home/mahfuz/ReadySv/Gemm/Output/gemm.sv:1285]
	Parameter WIDTH bound to: 3 - type: integer 
INFO: [Synth 8-6155] done synthesizing module 'std_add__parameterized2' (0#1) [/home/mahfuz/ReadySv/Gemm/Output/gemm.sv:1285]
INFO: [Synth 8-6157] synthesizing module 'undef' [/home/mahfuz/ReadySv/Gemm/Output/gemm.sv:1259]
	Parameter WIDTH bound to: 1 - type: integer 
INFO: [Synth 8-6155] done synthesizing module 'undef' (0#1) [/home/mahfuz/ReadySv/Gemm/Output/gemm.sv:1259]
INFO: [Synth 8-6157] synthesizing module 'std_reg__parameterized4' [/home/mahfuz/ReadySv/Gemm/Output/gemm.sv:1305]
	Parameter WIDTH bound to: 5 - type: integer 
INFO: [Synth 8-6155] done synthesizing module 'std_reg__parameterized4' (0#1) [/home/mahfuz/ReadySv/Gemm/Output/gemm.sv:1305]
INFO: [Synth 8-6157] synthesizing module 'std_wire' [/home/mahfuz/ReadySv/Gemm/Output/gemm.sv:1276]
	Parameter WIDTH bound to: 1 - type: integer 
INFO: [Synth 8-6155] done synthesizing module 'std_wire' (0#1) [/home/mahfuz/ReadySv/Gemm/Output/gemm.sv:1276]
INFO: [Synth 8-6155] done synthesizing module 'gemm' (0#1) [/home/mahfuz/ReadySv/Gemm/Output/gemm.sv:1571]
INFO: [Synth 8-6155] done synthesizing module 'main' (0#1) [/home/mahfuz/ReadySv/Gemm/Output/gemm.sv:1347]
WARNING: [Synth 8-3848] Net arg_mem_1_write_data in module/entity gemm does not have driver. [/home/mahfuz/ReadySv/Gemm/Output/gemm.sv:1585]
WARNING: [Synth 8-3848] Net arg_mem_0_write_data in module/entity gemm does not have driver. [/home/mahfuz/ReadySv/Gemm/Output/gemm.sv:1591]
WARNING: [Synth 8-3848] Net mem_1_write_data in module/entity main does not have driver. [/home/mahfuz/ReadySv/Gemm/Output/gemm.sv:1383]
WARNING: [Synth 8-3848] Net mem_0_write_data in module/entity main does not have driver. [/home/mahfuz/ReadySv/Gemm/Output/gemm.sv:1391]
WARNING: [Synth 8-7129] Port in[64] in module std_slice__parameterized0 is either unconnected or has no load
WARNING: [Synth 8-7129] Port in[63] in module std_slice__parameterized0 is either unconnected or has no load
WARNING: [Synth 8-7129] Port in[62] in module std_slice__parameterized0 is either unconnected or has no load
WARNING: [Synth 8-7129] Port in[61] in module std_slice__parameterized0 is either unconnected or has no load
WARNING: [Synth 8-7129] Port in[60] in module std_slice__parameterized0 is either unconnected or has no load
WARNING: [Synth 8-7129] Port in[59] in module std_slice__parameterized0 is either unconnected or has no load
WARNING: [Synth 8-7129] Port in[58] in module std_slice__parameterized0 is either unconnected or has no load
WARNING: [Synth 8-7129] Port in[57] in module std_slice__parameterized0 is either unconnected or has no load
WARNING: [Synth 8-7129] Port in[56] in module std_slice__parameterized0 is either unconnected or has no load
WARNING: [Synth 8-7129] Port in[55] in module std_slice__parameterized0 is either unconnected or has no load
WARNING: [Synth 8-7129] Port in[54] in module std_slice__parameterized0 is either unconnected or has no load
WARNING: [Synth 8-7129] Port in[53] in module std_slice__parameterized0 is either unconnected or has no load
WARNING: [Synth 8-7129] Port in[52] in module std_slice__parameterized0 is either unconnected or has no load
WARNING: [Synth 8-7129] Port in[51] in module std_slice__parameterized0 is either unconnected or has no load
WARNING: [Synth 8-7129] Port in[50] in module std_slice__parameterized0 is either unconnected or has no load
WARNING: [Synth 8-7129] Port in[49] in module std_slice__parameterized0 is either unconnected or has no load
WARNING: [Synth 8-7129] Port in[48] in module std_slice__parameterized0 is either unconnected or has no load
WARNING: [Synth 8-7129] Port in[47] in module std_slice__parameterized0 is either unconnected or has no load
WARNING: [Synth 8-7129] Port in[46] in module std_slice__parameterized0 is either unconnected or has no load
WARNING: [Synth 8-7129] Port in[45] in module std_slice__parameterized0 is either unconnected or has no load
WARNING: [Synth 8-7129] Port in[44] in module std_slice__parameterized0 is either unconnected or has no load
WARNING: [Synth 8-7129] Port in[43] in module std_slice__parameterized0 is either unconnected or has no load
WARNING: [Synth 8-7129] Port in[42] in module std_slice__parameterized0 is either unconnected or has no load
WARNING: [Synth 8-7129] Port in[41] in module std_slice__parameterized0 is either unconnected or has no load
WARNING: [Synth 8-7129] Port in[40] in module std_slice__parameterized0 is either unconnected or has no load
WARNING: [Synth 8-7129] Port in[39] in module std_slice__parameterized0 is either unconnected or has no load
WARNING: [Synth 8-7129] Port in[38] in module std_slice__parameterized0 is either unconnected or has no load
WARNING: [Synth 8-7129] Port in[37] in module std_slice__parameterized0 is either unconnected or has no load
WARNING: [Synth 8-7129] Port in[36] in module std_slice__parameterized0 is either unconnected or has no load
WARNING: [Synth 8-7129] Port in[35] in module std_slice__parameterized0 is either unconnected or has no load
WARNING: [Synth 8-7129] Port in[34] in module std_slice__parameterized0 is either unconnected or has no load
WARNING: [Synth 8-7129] Port in[33] in module std_slice__parameterized0 is either unconnected or has no load
WARNING: [Synth 8-7129] Port in[32] in module std_slice__parameterized0 is either unconnected or has no load
WARNING: [Synth 8-7129] Port in[31] in module std_slice is either unconnected or has no load
WARNING: [Synth 8-7129] Port in[30] in module std_slice is either unconnected or has no load
WARNING: [Synth 8-7129] Port in[29] in module std_slice is either unconnected or has no load
WARNING: [Synth 8-7129] Port in[28] in module std_slice is either unconnected or has no load
WARNING: [Synth 8-7129] Port in[27] in module std_slice is either unconnected or has no load
WARNING: [Synth 8-7129] Port in[26] in module std_slice is either unconnected or has no load
WARNING: [Synth 8-7129] Port in[25] in module std_slice is either unconnected or has no load
WARNING: [Synth 8-7129] Port in[24] in module std_slice is either unconnected or has no load
WARNING: [Synth 8-7129] Port in[23] in module std_slice is either unconnected or has no load
WARNING: [Synth 8-7129] Port in[22] in module std_slice is either unconnected or has no load
WARNING: [Synth 8-7129] Port in[21] in module std_slice is either unconnected or has no load
WARNING: [Synth 8-7129] Port in[20] in module std_slice is either unconnected or has no load
WARNING: [Synth 8-7129] Port in[19] in module std_slice is either unconnected or has no load
WARNING: [Synth 8-7129] Port in[18] in module std_slice is either unconnected or has no load
WARNING: [Synth 8-7129] Port in[17] in module std_slice is either unconnected or has no load
WARNING: [Synth 8-7129] Port in[16] in module std_slice is either unconnected or has no load
WARNING: [Synth 8-7129] Port in[15] in module std_slice is either unconnected or has no load
WARNING: [Synth 8-7129] Port in[14] in module std_slice is either unconnected or has no load
WARNING: [Synth 8-7129] Port in[13] in module std_slice is either unconnected or has no load
WARNING: [Synth 8-7129] Port in[12] in module std_slice is either unconnected or has no load
WARNING: [Synth 8-7129] Port in[11] in module std_slice is either unconnected or has no load
WARNING: [Synth 8-7129] Port in[10] in module std_slice is either unconnected or has no load
WARNING: [Synth 8-7129] Port arg_mem_1_write_data[31] in module gemm is either unconnected or has no load
WARNING: [Synth 8-7129] Port arg_mem_1_write_data[30] in module gemm is either unconnected or has no load
WARNING: [Synth 8-7129] Port arg_mem_1_write_data[29] in module gemm is either unconnected or has no load
WARNING: [Synth 8-7129] Port arg_mem_1_write_data[28] in module gemm is either unconnected or has no load
WARNING: [Synth 8-7129] Port arg_mem_1_write_data[27] in module gemm is either unconnected or has no load
WARNING: [Synth 8-7129] Port arg_mem_1_write_data[26] in module gemm is either unconnected or has no load
WARNING: [Synth 8-7129] Port arg_mem_1_write_data[25] in module gemm is either unconnected or has no load
WARNING: [Synth 8-7129] Port arg_mem_1_write_data[24] in module gemm is either unconnected or has no load
WARNING: [Synth 8-7129] Port arg_mem_1_write_data[23] in module gemm is either unconnected or has no load
WARNING: [Synth 8-7129] Port arg_mem_1_write_data[22] in module gemm is either unconnected or has no load
WARNING: [Synth 8-7129] Port arg_mem_1_write_data[21] in module gemm is either unconnected or has no load
WARNING: [Synth 8-7129] Port arg_mem_1_write_data[20] in module gemm is either unconnected or has no load
WARNING: [Synth 8-7129] Port arg_mem_1_write_data[19] in module gemm is either unconnected or has no load
WARNING: [Synth 8-7129] Port arg_mem_1_write_data[18] in module gemm is either unconnected or has no load
WARNING: [Synth 8-7129] Port arg_mem_1_write_data[17] in module gemm is either unconnected or has no load
WARNING: [Synth 8-7129] Port arg_mem_1_write_data[16] in module gemm is either unconnected or has no load
WARNING: [Synth 8-7129] Port arg_mem_1_write_data[15] in module gemm is either unconnected or has no load
WARNING: [Synth 8-7129] Port arg_mem_1_write_data[14] in module gemm is either unconnected or has no load
WARNING: [Synth 8-7129] Port arg_mem_1_write_data[13] in module gemm is either unconnected or has no load
WARNING: [Synth 8-7129] Port arg_mem_1_write_data[12] in module gemm is either unconnected or has no load
WARNING: [Synth 8-7129] Port arg_mem_1_write_data[11] in module gemm is either unconnected or has no load
WARNING: [Synth 8-7129] Port arg_mem_1_write_data[10] in module gemm is either unconnected or has no load
WARNING: [Synth 8-7129] Port arg_mem_1_write_data[9] in module gemm is either unconnected or has no load
WARNING: [Synth 8-7129] Port arg_mem_1_write_data[8] in module gemm is either unconnected or has no load
WARNING: [Synth 8-7129] Port arg_mem_1_write_data[7] in module gemm is either unconnected or has no load
WARNING: [Synth 8-7129] Port arg_mem_1_write_data[6] in module gemm is either unconnected or has no load
WARNING: [Synth 8-7129] Port arg_mem_1_write_data[5] in module gemm is either unconnected or has no load
WARNING: [Synth 8-7129] Port arg_mem_1_write_data[4] in module gemm is either unconnected or has no load
WARNING: [Synth 8-7129] Port arg_mem_1_write_data[3] in module gemm is either unconnected or has no load
WARNING: [Synth 8-7129] Port arg_mem_1_write_data[2] in module gemm is either unconnected or has no load
WARNING: [Synth 8-7129] Port arg_mem_1_write_data[1] in module gemm is either unconnected or has no load
WARNING: [Synth 8-7129] Port arg_mem_1_write_data[0] in module gemm is either unconnected or has no load
WARNING: [Synth 8-7129] Port arg_mem_0_write_data[31] in module gemm is either unconnected or has no load
WARNING: [Synth 8-7129] Port arg_mem_0_write_data[30] in module gemm is either unconnected or has no load
WARNING: [Synth 8-7129] Port arg_mem_0_write_data[29] in module gemm is either unconnected or has no load
WARNING: [Synth 8-7129] Port arg_mem_0_write_data[28] in module gemm is either unconnected or has no load
WARNING: [Synth 8-7129] Port arg_mem_0_write_data[27] in module gemm is either unconnected or has no load
WARNING: [Synth 8-7129] Port arg_mem_0_write_data[26] in module gemm is either unconnected or has no load
WARNING: [Synth 8-7129] Port arg_mem_0_write_data[25] in module gemm is either unconnected or has no load
WARNING: [Synth 8-7129] Port arg_mem_0_write_data[24] in module gemm is either unconnected or has no load
WARNING: [Synth 8-7129] Port arg_mem_0_write_data[23] in module gemm is either unconnected or has no load
WARNING: [Synth 8-7129] Port arg_mem_0_write_data[22] in module gemm is either unconnected or has no load
WARNING: [Synth 8-7129] Port arg_mem_0_write_data[21] in module gemm is either unconnected or has no load
WARNING: [Synth 8-7129] Port arg_mem_0_write_data[20] in module gemm is either unconnected or has no load
WARNING: [Synth 8-7129] Port arg_mem_0_write_data[19] in module gemm is either unconnected or has no load
INFO: [Common 17-14] Message 'Synth 8-7129' appears 100 times and further instances of the messages will be disabled. Use the Tcl command set_msg_config to change the current settings.
---------------------------------------------------------------------------------
Finished Synthesize : Time (s): cpu = 00:00:04 ; elapsed = 00:00:05 . Memory (MB): peak = 2902.414 ; gain = 0.000 ; free physical = 4135 ; free virtual = 22872
---------------------------------------------------------------------------------
---------------------------------------------------------------------------------
Finished Constraint Validation : Time (s): cpu = 00:00:05 ; elapsed = 00:00:05 . Memory (MB): peak = 2902.414 ; gain = 0.000 ; free physical = 4155 ; free virtual = 22892
---------------------------------------------------------------------------------
---------------------------------------------------------------------------------
Start Loading Part and Timing Information
---------------------------------------------------------------------------------
Loading part: xc7z020clg484-1
---------------------------------------------------------------------------------
INFO: [Device 21-403] Loading part xc7z020clg484-1
Finished Loading Part and Timing Information : Time (s): cpu = 00:00:05 ; elapsed = 00:00:05 . Memory (MB): peak = 2910.387 ; gain = 7.973 ; free physical = 4155 ; free virtual = 22892
---------------------------------------------------------------------------------
---------------------------------------------------------------------------------
Finished RTL Optimization Phase 2 : Time (s): cpu = 00:00:05 ; elapsed = 00:00:06 . Memory (MB): peak = 2910.387 ; gain = 7.973 ; free physical = 4118 ; free virtual = 22856
---------------------------------------------------------------------------------
INFO: [Synth 8-223] decloning instance 'gemm_instance/beg_spl_bb0_11_done' (std_wire) to 'gemm_instance/bb0_18_done'
INFO: [Synth 8-223] decloning instance 'gemm_instance/invoke0_done' (std_wire) to 'gemm_instance/invoke8_done'
INFO: [Synth 8-223] decloning instance 'gemm_instance/invoke1_done' (std_wire) to 'gemm_instance/invoke7_done'
INFO: [Synth 8-223] decloning instance 'gemm_instance/invoke2_done' (std_wire) to 'gemm_instance/invoke6_done'
INFO: [Synth 8-223] decloning instance 'gemm_instance/init_repeat_done' (std_wire) to 'gemm_instance/incr_repeat_done'
INFO: [Synth 8-223] decloning instance 'gemm_instance/init_repeat0_done' (std_wire) to 'gemm_instance/incr_repeat0_done'
INFO: [Synth 8-223] decloning instance 'gemm_instance/init_repeat1_done' (std_wire) to 'gemm_instance/incr_repeat1_done'
No constraint files found.
---------------------------------------------------------------------------------
Start RTL Component Statistics 
---------------------------------------------------------------------------------
Detailed RTL Component Info : 
+---Adders : 
	   2 Input   65 Bit       Adders := 1     
	   2 Input   32 Bit       Adders := 1     
	   2 Input    6 Bit       Adders := 3     
	   2 Input    3 Bit       Adders := 1     
+---Registers : 
	              128 Bit    Registers := 1     
	               64 Bit    Registers := 3     
	               32 Bit    Registers := 7     
	                6 Bit    Registers := 3     
	                5 Bit    Registers := 1     
	                3 Bit    Registers := 1     
	                1 Bit    Registers := 23    
+---Multipliers : 
	              64x64  Multipliers := 1     
+---RAMs : 
	              32K Bit	(1024 X 32 bit)          RAMs := 3     
+---Muxes : 
	   2 Input   64 Bit        Muxes := 2     
	   2 Input   32 Bit        Muxes := 12    
	   2 Input    6 Bit        Muxes := 3     
	  20 Input    5 Bit        Muxes := 1     
	   2 Input    3 Bit        Muxes := 2     
	   2 Input    1 Bit        Muxes := 3     
---------------------------------------------------------------------------------
Finished RTL Component Statistics 
---------------------------------------------------------------------------------
---------------------------------------------------------------------------------
Start Part Resource Summary
---------------------------------------------------------------------------------
Part Resources:
DSPs: 220 (col length:60)
BRAMs: 280 (col length: RAMB18 60 RAMB36 30)
---------------------------------------------------------------------------------
Finished Part Resource Summary
---------------------------------------------------------------------------------
No constraint files found.
---------------------------------------------------------------------------------
Start Cross Boundary and Area Optimization
---------------------------------------------------------------------------------
WARNING: [Synth 8-7080] Parallel synthesis criteria is not met
WARNING: [Synth 8-6014] Unused sequential element mem_2/mem_reg was removed. 
WARNING: [Synth 8-6014] Unused sequential element mem_1/mem_reg was removed. 
WARNING: [Synth 8-6014] Unused sequential element mem_0/mem_reg was removed. 
---------------------------------------------------------------------------------
Finished Cross Boundary and Area Optimization : Time (s): cpu = 00:00:10 ; elapsed = 00:00:10 . Memory (MB): peak = 2910.387 ; gain = 7.973 ; free physical = 3906 ; free virtual = 22646
---------------------------------------------------------------------------------
No constraint files found.
---------------------------------------------------------------------------------
Start Timing Optimization
---------------------------------------------------------------------------------
---------------------------------------------------------------------------------
Finished Timing Optimization : Time (s): cpu = 00:00:10 ; elapsed = 00:00:10 . Memory (MB): peak = 2910.387 ; gain = 7.973 ; free physical = 3916 ; free virtual = 22656
---------------------------------------------------------------------------------
---------------------------------------------------------------------------------
Start Technology Mapping
---------------------------------------------------------------------------------
---------------------------------------------------------------------------------
Finished Technology Mapping : Time (s): cpu = 00:00:10 ; elapsed = 00:00:10 . Memory (MB): peak = 2910.387 ; gain = 7.973 ; free physical = 3916 ; free virtual = 22656
---------------------------------------------------------------------------------
---------------------------------------------------------------------------------
Start IO Insertion
---------------------------------------------------------------------------------
---------------------------------------------------------------------------------
Start Flattening Before IO Insertion
---------------------------------------------------------------------------------
---------------------------------------------------------------------------------
Finished Flattening Before IO Insertion
---------------------------------------------------------------------------------
---------------------------------------------------------------------------------
Start Final Netlist Cleanup
---------------------------------------------------------------------------------
---------------------------------------------------------------------------------
Finished Final Netlist Cleanup
---------------------------------------------------------------------------------
---------------------------------------------------------------------------------
Finished IO Insertion : Time (s): cpu = 00:00:13 ; elapsed = 00:00:14 . Memory (MB): peak = 2910.387 ; gain = 7.973 ; free physical = 3963 ; free virtual = 22703
---------------------------------------------------------------------------------
---------------------------------------------------------------------------------
Start Renaming Generated Instances
---------------------------------------------------------------------------------
---------------------------------------------------------------------------------
Finished Renaming Generated Instances : Time (s): cpu = 00:00:13 ; elapsed = 00:00:14 . Memory (MB): peak = 2910.387 ; gain = 7.973 ; free physical = 3963 ; free virtual = 22703
---------------------------------------------------------------------------------
---------------------------------------------------------------------------------
Start Rebuilding User Hierarchy
---------------------------------------------------------------------------------
---------------------------------------------------------------------------------
Finished Rebuilding User Hierarchy : Time (s): cpu = 00:00:13 ; elapsed = 00:00:14 . Memory (MB): peak = 2910.387 ; gain = 7.973 ; free physical = 3963 ; free virtual = 22703
---------------------------------------------------------------------------------
---------------------------------------------------------------------------------
Start Renaming Generated Ports
---------------------------------------------------------------------------------
---------------------------------------------------------------------------------
Finished Renaming Generated Ports : Time (s): cpu = 00:00:13 ; elapsed = 00:00:14 . Memory (MB): peak = 2910.387 ; gain = 7.973 ; free physical = 3963 ; free virtual = 22703
---------------------------------------------------------------------------------
---------------------------------------------------------------------------------
Start Handling Custom Attributes
---------------------------------------------------------------------------------
---------------------------------------------------------------------------------
Finished Handling Custom Attributes : Time (s): cpu = 00:00:13 ; elapsed = 00:00:14 . Memory (MB): peak = 2910.387 ; gain = 7.973 ; free physical = 3963 ; free virtual = 22703
---------------------------------------------------------------------------------
---------------------------------------------------------------------------------
Start Renaming Generated Nets
---------------------------------------------------------------------------------
---------------------------------------------------------------------------------
Finished Renaming Generated Nets : Time (s): cpu = 00:00:13 ; elapsed = 00:00:14 . Memory (MB): peak = 2910.387 ; gain = 7.973 ; free physical = 3963 ; free virtual = 22703
---------------------------------------------------------------------------------
---------------------------------------------------------------------------------
Start Writing Synthesis Report
---------------------------------------------------------------------------------

Report BlackBoxes: 
+-+--------------+----------+
| |BlackBox name |Instances |
+-+--------------+----------+
+-+--------------+----------+

Report Cell Usage: 
+------+-----+------+
|      |Cell |Count |
+------+-----+------+
|1     |BUFG |     1|
|2     |LUT2 |    10|
|3     |LUT3 |     8|
|4     |LUT4 |    21|
|5     |LUT5 |     9|
|6     |LUT6 |    34|
|7     |FDRE |    39|
|8     |IBUF |     3|
|9     |OBUF |     1|
+------+-----+------+

Report Instance Areas: 
+------+----------------------------+--------------------------+------+
|      |Instance                    |Module                    |Cells |
+------+----------------------------+--------------------------+------+
|1     |top                         |                          |   126|
|2     |  gemm_instance             |gemm                      |   118|
|3     |    cond_reg                |std_reg__parameterized2   |     1|
|4     |    cond_reg0               |std_reg__parameterized2_2 |     1|
|5     |    cond_reg1               |std_reg__parameterized2_3 |     1|
|6     |    for_0_induction_var_reg |std_reg                   |     2|
|7     |    for_1_induction_var_reg |std_reg_4                 |     1|
|8     |    for_2_induction_var_reg |std_reg_5                 |     1|
|9     |    fsm                     |std_reg__parameterized3   |     5|
|10    |    fsm0                    |std_reg__parameterized4   |    62|
|11    |    idx                     |std_reg__parameterized1   |    14|
|12    |    idx0                    |std_reg__parameterized1_6 |    14|
|13    |    idx1                    |std_reg__parameterized1_7 |    14|
|14    |    load_0_reg              |std_reg_8                 |     1|
|15    |    signal_reg              |std_reg__parameterized2_9 |     1|
|16    |  mem_0                     |seq_mem_d1                |     1|
|17    |  mem_1                     |seq_mem_d1_0              |     1|
|18    |  mem_2                     |seq_mem_d1_1              |     1|
+------+----------------------------+--------------------------+------+
---------------------------------------------------------------------------------
Finished Writing Synthesis Report : Time (s): cpu = 00:00:13 ; elapsed = 00:00:14 . Memory (MB): peak = 2910.387 ; gain = 7.973 ; free physical = 3963 ; free virtual = 22703
---------------------------------------------------------------------------------
Synthesis finished with 0 errors, 0 critical warnings and 127 warnings.
Synthesis Optimization Runtime : Time (s): cpu = 00:00:13 ; elapsed = 00:00:14 . Memory (MB): peak = 2910.387 ; gain = 7.973 ; free physical = 3977 ; free virtual = 22717
Synthesis Optimization Complete : Time (s): cpu = 00:00:13 ; elapsed = 00:00:14 . Memory (MB): peak = 2910.395 ; gain = 7.973 ; free physical = 3977 ; free virtual = 22717
INFO: [Project 1-571] Translating synthesized netlist
Netlist sorting complete. Time (s): cpu = 00:00:00 ; elapsed = 00:00:00 . Memory (MB): peak = 2910.395 ; gain = 0.000 ; free physical = 4058 ; free virtual = 22797
INFO: [Project 1-570] Preparing netlist for logic optimization
INFO: [Opt 31-138] Pushed 0 inverter(s) to 0 load pin(s).
Netlist sorting complete. Time (s): cpu = 00:00:00 ; elapsed = 00:00:00 . Memory (MB): peak = 2966.414 ; gain = 0.000 ; free physical = 4011 ; free virtual = 22751
INFO: [Project 1-111] Unisim Transformation Summary:
No Unisim elements were transformed.

Synth Design complete, checksum: 3748e9e8
INFO: [Common 17-83] Releasing license: Synthesis
66 Infos, 108 Warnings, 0 Critical Warnings and 0 Errors encountered.
synth_design completed successfully
synth_design: Time (s): cpu = 00:00:20 ; elapsed = 00:00:17 . Memory (MB): peak = 2966.414 ; gain = 64.031 ; free physical = 4133 ; free virtual = 22873
# create_clock -name clk -period 10.000 [get_ports clk]
# set_false_path -from [get_ports reset]
# report_clocks -file reports/${DESIGN}_clocks.rpt
INFO: [Timing 38-35] Done setting XDC timing constraints.
report_clocks: Time (s): cpu = 00:00:05 ; elapsed = 00:00:06 . Memory (MB): peak = 3046.289 ; gain = 79.875 ; free physical = 3911 ; free virtual = 22651
# write_checkpoint -force reports/${DESIGN}_post_synth.dcp
INFO: [Timing 38-480] Writing timing data to binary archive.
INFO: [Common 17-1381] The checkpoint '/home/mahfuz/vivado_run/reports/gemm_post_synth.dcp' has been generated.
# report_utilization -hierarchical -file reports/${DESIGN}_util_synth_hier.rpt
# report_utilization               -file reports/${DESIGN}_util_synth.rpt
# report_timing_summary            -file reports/${DESIGN}_timing_synth.rpt
INFO: [Timing 38-91] UpdateTimingParams: Speed grade: -1, Delay Type: min_max.
INFO: [Timing 38-191] Multithreading enabled for timing update using a maximum of 8 CPUs
# opt_design
Command: opt_design
Attempting to get a license for feature 'Implementation' and/or device 'xc7z020'
INFO: [Common 17-349] Got license for feature 'Implementation' and/or device 'xc7z020'
Running DRC as a precondition to command opt_design

Starting DRC Task
INFO: [DRC 23-27] Running DRC with 8 threads
INFO: [Project 1-461] DRC finished with 0 Errors
INFO: [Project 1-462] Please refer to the DRC report (report_drc) for more information.

Time (s): cpu = 00:00:00.86 ; elapsed = 00:00:00.57 . Memory (MB): peak = 3141.105 ; gain = 38.789 ; free physical = 3924 ; free virtual = 22664

Starting Cache Timing Information Task
Ending Cache Timing Information Task | Checksum: 110c7e08a

Time (s): cpu = 00:00:00 ; elapsed = 00:00:00 . Memory (MB): peak = 3141.105 ; gain = 0.000 ; free physical = 3924 ; free virtual = 22664

Starting Logic Optimization Task

Phase 1 Retarget
INFO: [Opt 31-138] Pushed 0 inverter(s) to 0 load pin(s).
INFO: [Opt 31-49] Retargeted 0 cell(s).
Phase 1 Retarget | Checksum: 110c7e08a

Time (s): cpu = 00:00:00.01 ; elapsed = 00:00:00.01 . Memory (MB): peak = 3313.090 ; gain = 0.000 ; free physical = 3763 ; free virtual = 22498
INFO: [Opt 31-389] Phase Retarget created 0 cells and removed 0 cells

Phase 2 Constant propagation
INFO: [Opt 31-138] Pushed 0 inverter(s) to 0 load pin(s).
Phase 2 Constant propagation | Checksum: 110c7e08a

Time (s): cpu = 00:00:00.02 ; elapsed = 00:00:00.01 . Memory (MB): peak = 3313.090 ; gain = 0.000 ; free physical = 3763 ; free virtual = 22498
INFO: [Opt 31-389] Phase Constant propagation created 0 cells and removed 0 cells

Phase 3 Sweep
Phase 3 Sweep | Checksum: 110c7e08a

Time (s): cpu = 00:00:00.02 ; elapsed = 00:00:00.02 . Memory (MB): peak = 3313.090 ; gain = 0.000 ; free physical = 3763 ; free virtual = 22498
INFO: [Opt 31-389] Phase Sweep created 0 cells and removed 0 cells

Phase 4 BUFG optimization
Phase 4 BUFG optimization | Checksum: 110c7e08a

Time (s): cpu = 00:00:00.02 ; elapsed = 00:00:00.02 . Memory (MB): peak = 3313.090 ; gain = 0.000 ; free physical = 3763 ; free virtual = 22498
INFO: [Opt 31-662] Phase BUFG optimization created 0 cells of which 0 are BUFGs and removed 0 cells.

Phase 5 Shift Register Optimization
INFO: [Opt 31-1064] SRL Remap converted 0 SRLs to 0 registers and converted 0 registers of register chains to 0 SRLs
Phase 5 Shift Register Optimization | Checksum: 110c7e08a

Time (s): cpu = 00:00:00.03 ; elapsed = 00:00:00.02 . Memory (MB): peak = 3313.090 ; gain = 0.000 ; free physical = 3763 ; free virtual = 22498
INFO: [Opt 31-389] Phase Shift Register Optimization created 0 cells and removed 0 cells

Phase 6 Post Processing Netlist
Phase 6 Post Processing Netlist | Checksum: 110c7e08a

Time (s): cpu = 00:00:00.03 ; elapsed = 00:00:00.02 . Memory (MB): peak = 3313.090 ; gain = 0.000 ; free physical = 3763 ; free virtual = 22498
INFO: [Opt 31-389] Phase Post Processing Netlist created 0 cells and removed 0 cells
Opt_design Change Summary
=========================


-------------------------------------------------------------------------------------------------------------------------
|  Phase                        |  #Cells created  |  #Cells Removed  |  #Constrained objects preventing optimizations  |
-------------------------------------------------------------------------------------------------------------------------
|  Retarget                     |               0  |               0  |                                              0  |
|  Constant propagation         |               0  |               0  |                                              0  |
|  Sweep                        |               0  |               0  |                                              0  |
|  BUFG optimization            |               0  |               0  |                                              0  |
|  Shift Register Optimization  |               0  |               0  |                                              0  |
|  Post Processing Netlist      |               0  |               0  |                                              0  |
-------------------------------------------------------------------------------------------------------------------------



Starting Connectivity Check Task

Time (s): cpu = 00:00:00 ; elapsed = 00:00:00 . Memory (MB): peak = 3313.090 ; gain = 0.000 ; free physical = 3763 ; free virtual = 22498
Ending Logic Optimization Task | Checksum: 110c7e08a

Time (s): cpu = 00:00:00.03 ; elapsed = 00:00:00.03 . Memory (MB): peak = 3313.090 ; gain = 0.000 ; free physical = 3763 ; free virtual = 22498

Starting Power Optimization Task
INFO: [Pwropt 34-132] Skipping clock gating for clocks with a period < 2.00 ns.
Ending Power Optimization Task | Checksum: 110c7e08a

Time (s): cpu = 00:00:00.01 ; elapsed = 00:00:00.01 . Memory (MB): peak = 3313.090 ; gain = 0.000 ; free physical = 3967 ; free virtual = 22701

Starting Final Cleanup Task
Ending Final Cleanup Task | Checksum: 110c7e08a

Time (s): cpu = 00:00:00 ; elapsed = 00:00:00 . Memory (MB): peak = 3313.090 ; gain = 0.000 ; free physical = 3967 ; free virtual = 22701

Starting Netlist Obfuscation Task
Netlist sorting complete. Time (s): cpu = 00:00:00 ; elapsed = 00:00:00 . Memory (MB): peak = 3313.090 ; gain = 0.000 ; free physical = 3967 ; free virtual = 22701
Ending Netlist Obfuscation Task | Checksum: 110c7e08a

Time (s): cpu = 00:00:00 ; elapsed = 00:00:00 . Memory (MB): peak = 3313.090 ; gain = 0.000 ; free physical = 3967 ; free virtual = 22701
INFO: [Common 17-83] Releasing license: Implementation
16 Infos, 0 Warnings, 0 Critical Warnings and 0 Errors encountered.
opt_design completed successfully
# place_design
Command: place_design
Attempting to get a license for feature 'Implementation' and/or device 'xc7z020'
INFO: [Common 17-349] Got license for feature 'Implementation' and/or device 'xc7z020'
INFO: [Timing 38-35] Done setting XDC timing constraints.
INFO: [DRC 23-27] Running DRC with 8 threads
INFO: [Vivado_Tcl 4-198] DRC finished with 0 Errors
INFO: [Vivado_Tcl 4-199] Please refer to the DRC report (report_drc) for more information.
Running DRC as a precondition to command place_design
INFO: [DRC 23-27] Running DRC with 8 threads
INFO: [Vivado_Tcl 4-198] DRC finished with 0 Errors
INFO: [Vivado_Tcl 4-199] Please refer to the DRC report (report_drc) for more information.

Starting Placer Task
INFO: [Place 30-611] Multithreading enabled for place_design using a maximum of 8 CPUs

Phase 1 Placer Initialization

Phase 1.1 Placer Initialization Netlist Sorting
Netlist sorting complete. Time (s): cpu = 00:00:00 ; elapsed = 00:00:00 . Memory (MB): peak = 3345.105 ; gain = 0.000 ; free physical = 3965 ; free virtual = 22700
Phase 1.1 Placer Initialization Netlist Sorting | Checksum: d97ef6a2

Time (s): cpu = 00:00:00 ; elapsed = 00:00:00 . Memory (MB): peak = 3345.105 ; gain = 0.000 ; free physical = 3965 ; free virtual = 22700
Netlist sorting complete. Time (s): cpu = 00:00:00 ; elapsed = 00:00:00 . Memory (MB): peak = 3345.105 ; gain = 0.000 ; free physical = 3965 ; free virtual = 22700

Phase 1.2 IO Placement/ Clock Placement/ Build Placer Device
Phase 1.2 IO Placement/ Clock Placement/ Build Placer Device | Checksum: 157964696

Time (s): cpu = 00:00:00.39 ; elapsed = 00:00:00.18 . Memory (MB): peak = 3345.105 ; gain = 0.000 ; free physical = 3996 ; free virtual = 22731

Phase 1.3 Build Placer Netlist Model
Phase 1.3 Build Placer Netlist Model | Checksum: 16d021ce0

Time (s): cpu = 00:00:00.59 ; elapsed = 00:00:00.22 . Memory (MB): peak = 3345.105 ; gain = 0.000 ; free physical = 3996 ; free virtual = 22731

Phase 1.4 Constrain Clocks/Macros
Phase 1.4 Constrain Clocks/Macros | Checksum: 16d021ce0

Time (s): cpu = 00:00:00.59 ; elapsed = 00:00:00.23 . Memory (MB): peak = 3345.105 ; gain = 0.000 ; free physical = 3996 ; free virtual = 22731
Phase 1 Placer Initialization | Checksum: 16d021ce0

Time (s): cpu = 00:00:00.6 ; elapsed = 00:00:00.23 . Memory (MB): peak = 3345.105 ; gain = 0.000 ; free physical = 3996 ; free virtual = 22731

Phase 2 Global Placement

Phase 2.1 Floorplanning
Phase 2.1 Floorplanning | Checksum: 1ba3f552e

Time (s): cpu = 00:00:00.71 ; elapsed = 00:00:00.25 . Memory (MB): peak = 3345.105 ; gain = 0.000 ; free physical = 3994 ; free virtual = 22729

Phase 2.2 Update Timing before SLR Path Opt
Phase 2.2 Update Timing before SLR Path Opt | Checksum: 1927cf410

Time (s): cpu = 00:00:00.8 ; elapsed = 00:00:00.26 . Memory (MB): peak = 3345.105 ; gain = 0.000 ; free physical = 3994 ; free virtual = 22729

Phase 2.3 Post-Processing in Floorplanning
Phase 2.3 Post-Processing in Floorplanning | Checksum: 1927cf410

Time (s): cpu = 00:00:00.81 ; elapsed = 00:00:00.26 . Memory (MB): peak = 3345.105 ; gain = 0.000 ; free physical = 3994 ; free virtual = 22729

Phase 2.4 Global Placement Core

Phase 2.4.1 Physical Synthesis In Placer
INFO: [Physopt 32-1035] Found 0 LUTNM shape to break, 2 LUT instances to create LUTNM shape
INFO: [Physopt 32-1044] Break lutnm for timing: one critical 0, two critical 0, total 0, new lutff created 0
INFO: [Physopt 32-1138] End 1 Pass. Optimized 1 net or LUT. Breaked 0 LUT, combined 1 existing LUT and moved 0 existing LUT
INFO: [Physopt 32-65] No nets found for high-fanout optimization.
INFO: [Physopt 32-232] Optimized 0 net. Created 0 new instance.
INFO: [Physopt 32-775] End 1 Pass. Optimized 0 net or cell. Created 0 new cell, deleted 0 existing cell and moved 0 existing cell
INFO: [Physopt 32-670] No setup violation found.  DSP Register Optimization was not performed.
INFO: [Physopt 32-670] No setup violation found.  Shift Register to Pipeline Optimization was not performed.
INFO: [Physopt 32-670] No setup violation found.  Shift Register Optimization was not performed.
INFO: [Physopt 32-670] No setup violation found.  BRAM Register Optimization was not performed.
INFO: [Physopt 32-670] No setup violation found.  URAM Register Optimization was not performed.
INFO: [Physopt 32-949] No candidate nets found for dynamic/static region interface net replication
INFO: [Physopt 32-775] End 1 Pass. Optimized 0 net or cell. Created 0 new cell, deleted 0 existing cell and moved 0 existing cell
Netlist sorting complete. Time (s): cpu = 00:00:00 ; elapsed = 00:00:00 . Memory (MB): peak = 3345.105 ; gain = 0.000 ; free physical = 4125 ; free virtual = 22859

Summary of Physical Synthesis Optimizations
============================================


-----------------------------------------------------------------------------------------------------------------------------------------------------------
|  Optimization                                     |  Added Cells  |  Removed Cells  |  Optimized Cells/Nets  |  Dont Touch  |  Iterations  |  Elapsed   |
-----------------------------------------------------------------------------------------------------------------------------------------------------------
|  LUT Combining                                    |            0  |              1  |                     1  |           0  |           1  |  00:00:00  |
|  Retime                                           |            0  |              0  |                     0  |           0  |           1  |  00:00:00  |
|  Very High Fanout                                 |            0  |              0  |                     0  |           0  |           1  |  00:00:00  |
|  DSP Register                                     |            0  |              0  |                     0  |           0  |           0  |  00:00:00  |
|  Shift Register to Pipeline                       |            0  |              0  |                     0  |           0  |           0  |  00:00:00  |
|  Shift Register                                   |            0  |              0  |                     0  |           0  |           0  |  00:00:00  |
|  BRAM Register                                    |            0  |              0  |                     0  |           0  |           0  |  00:00:00  |
|  URAM Register                                    |            0  |              0  |                     0  |           0  |           0  |  00:00:00  |
|  Dynamic/Static Region Interface Net Replication  |            0  |              0  |                     0  |           0  |           1  |  00:00:00  |
|  Total                                            |            0  |              1  |                     1  |           0  |           4  |  00:00:00  |
-----------------------------------------------------------------------------------------------------------------------------------------------------------


Phase 2.4.1 Physical Synthesis In Placer | Checksum: 18a60f15a

Time (s): cpu = 00:00:02 ; elapsed = 00:00:00.8 . Memory (MB): peak = 3345.105 ; gain = 0.000 ; free physical = 4133 ; free virtual = 22867
Phase 2.4 Global Placement Core | Checksum: 138f3ad91

Time (s): cpu = 00:00:03 ; elapsed = 00:00:00.83 . Memory (MB): peak = 3345.105 ; gain = 0.000 ; free physical = 4132 ; free virtual = 22862
Phase 2 Global Placement | Checksum: 138f3ad91

Time (s): cpu = 00:00:03 ; elapsed = 00:00:00.84 . Memory (MB): peak = 3345.105 ; gain = 0.000 ; free physical = 4132 ; free virtual = 22862

Phase 3 Detail Placement

Phase 3.1 Commit Multi Column Macros
Phase 3.1 Commit Multi Column Macros | Checksum: 17ae3e5a9

Time (s): cpu = 00:00:03 ; elapsed = 00:00:00.85 . Memory (MB): peak = 3345.105 ; gain = 0.000 ; free physical = 4132 ; free virtual = 22862

Phase 3.2 Commit Most Macros & LUTRAMs
Phase 3.2 Commit Most Macros & LUTRAMs | Checksum: 19fdc0d8b

Time (s): cpu = 00:00:03 ; elapsed = 00:00:00.87 . Memory (MB): peak = 3345.105 ; gain = 0.000 ; free physical = 4131 ; free virtual = 22862

Phase 3.3 Area Swap Optimization
Phase 3.3 Area Swap Optimization | Checksum: 151757590

Time (s): cpu = 00:00:03 ; elapsed = 00:00:00.88 . Memory (MB): peak = 3345.105 ; gain = 0.000 ; free physical = 4131 ; free virtual = 22862

Phase 3.4 Pipeline Register Optimization
Phase 3.4 Pipeline Register Optimization | Checksum: 151757590

Time (s): cpu = 00:00:03 ; elapsed = 00:00:00.88 . Memory (MB): peak = 3345.105 ; gain = 0.000 ; free physical = 4131 ; free virtual = 22862

Phase 3.5 Small Shape Detail Placement
Phase 3.5 Small Shape Detail Placement | Checksum: 16baeca34

Time (s): cpu = 00:00:03 ; elapsed = 00:00:01 . Memory (MB): peak = 3345.105 ; gain = 0.000 ; free physical = 4130 ; free virtual = 22861

Phase 3.6 Re-assign LUT pins
Phase 3.6 Re-assign LUT pins | Checksum: 1dc37b49b

Time (s): cpu = 00:00:03 ; elapsed = 00:00:01 . Memory (MB): peak = 3345.105 ; gain = 0.000 ; free physical = 4130 ; free virtual = 22861

Phase 3.7 Pipeline Register Optimization
Phase 3.7 Pipeline Register Optimization | Checksum: 1dc37b49b

Time (s): cpu = 00:00:03 ; elapsed = 00:00:01 . Memory (MB): peak = 3345.105 ; gain = 0.000 ; free physical = 4130 ; free virtual = 22861
Phase 3 Detail Placement | Checksum: 1dc37b49b

Time (s): cpu = 00:00:03 ; elapsed = 00:00:01 . Memory (MB): peak = 3345.105 ; gain = 0.000 ; free physical = 4130 ; free virtual = 22861

Phase 4 Post Placement Optimization and Clean-Up

Phase 4.1 Post Commit Optimization
INFO: [Timing 38-35] Done setting XDC timing constraints.

Phase 4.1.1 Post Placement Optimization
Post Placement Optimization Initialization | Checksum: 25f911438

Phase 4.1.1.1 BUFG Insertion

Starting Physical Synthesis Task

Phase 1 Physical Synthesis Initialization
INFO: [Physopt 32-721] Multithreading enabled for phys_opt_design using a maximum of 8 CPUs
INFO: [Physopt 32-619] Estimated Timing Summary | WNS=5.559 | TNS=0.000 |
Phase 1 Physical Synthesis Initialization | Checksum: 1a39e55eb

Time (s): cpu = 00:00:00.05 ; elapsed = 00:00:00.01 . Memory (MB): peak = 3345.105 ; gain = 0.000 ; free physical = 4130 ; free virtual = 22861
INFO: [Place 46-56] BUFG insertion identified 0 candidate nets. Inserted BUFG: 0, Replicated BUFG Driver: 0, Skipped due to Placement/Routing Conflicts: 0, Skipped due to Timing Degradation: 0, Skipped due to Illegal Netlist: 0.
Ending Physical Synthesis Task | Checksum: 1d028da52

Time (s): cpu = 00:00:00.05 ; elapsed = 00:00:00.01 . Memory (MB): peak = 3345.105 ; gain = 0.000 ; free physical = 4130 ; free virtual = 22861
Phase 4.1.1.1 BUFG Insertion | Checksum: 25f911438

Time (s): cpu = 00:00:04 ; elapsed = 00:00:01 . Memory (MB): peak = 3345.105 ; gain = 0.000 ; free physical = 4130 ; free virtual = 22861

Phase 4.1.1.2 Post Placement Timing Optimization
INFO: [Place 30-746] Post Placement Timing Summary WNS=5.559. For the most accurate timing information please run report_timing.
Phase 4.1.1.2 Post Placement Timing Optimization | Checksum: 264cd13f8

Time (s): cpu = 00:00:04 ; elapsed = 00:00:01 . Memory (MB): peak = 3345.105 ; gain = 0.000 ; free physical = 4130 ; free virtual = 22861

Time (s): cpu = 00:00:04 ; elapsed = 00:00:01 . Memory (MB): peak = 3345.105 ; gain = 0.000 ; free physical = 4130 ; free virtual = 22861
Phase 4.1 Post Commit Optimization | Checksum: 264cd13f8

Time (s): cpu = 00:00:04 ; elapsed = 00:00:01 . Memory (MB): peak = 3345.105 ; gain = 0.000 ; free physical = 4130 ; free virtual = 22861

Phase 4.2 Post Placement Cleanup
Phase 4.2 Post Placement Cleanup | Checksum: 264cd13f8

Time (s): cpu = 00:00:04 ; elapsed = 00:00:01 . Memory (MB): peak = 3345.105 ; gain = 0.000 ; free physical = 4130 ; free virtual = 22861

Phase 4.3 Placer Reporting

Phase 4.3.1 Print Estimated Congestion
INFO: [Place 30-612] Post-Placement Estimated Congestion 
 ____________________________________________________
|           | Global Congestion | Short Congestion  |
| Direction | Region Size       | Region Size       |
|___________|___________________|___________________|
|      North|                1x1|                1x1|
|___________|___________________|___________________|
|      South|                1x1|                1x1|
|___________|___________________|___________________|
|       East|                1x1|                1x1|
|___________|___________________|___________________|
|       West|                1x1|                1x1|
|___________|___________________|___________________|

Phase 4.3.1 Print Estimated Congestion | Checksum: 264cd13f8

Time (s): cpu = 00:00:04 ; elapsed = 00:00:01 . Memory (MB): peak = 3345.105 ; gain = 0.000 ; free physical = 4130 ; free virtual = 22861
Phase 4.3 Placer Reporting | Checksum: 264cd13f8

Time (s): cpu = 00:00:04 ; elapsed = 00:00:01 . Memory (MB): peak = 3345.105 ; gain = 0.000 ; free physical = 4130 ; free virtual = 22861

Phase 4.4 Final Placement Cleanup
Netlist sorting complete. Time (s): cpu = 00:00:00 ; elapsed = 00:00:00 . Memory (MB): peak = 3345.105 ; gain = 0.000 ; free physical = 4130 ; free virtual = 22861

Time (s): cpu = 00:00:04 ; elapsed = 00:00:01 . Memory (MB): peak = 3345.105 ; gain = 0.000 ; free physical = 4130 ; free virtual = 22861
Phase 4 Post Placement Optimization and Clean-Up | Checksum: 22b436199

Time (s): cpu = 00:00:04 ; elapsed = 00:00:01 . Memory (MB): peak = 3345.105 ; gain = 0.000 ; free physical = 4130 ; free virtual = 22861
Ending Placer Task | Checksum: 15f563e0b

Time (s): cpu = 00:00:04 ; elapsed = 00:00:01 . Memory (MB): peak = 3345.105 ; gain = 0.000 ; free physical = 4130 ; free virtual = 22861
INFO: [Common 17-83] Releasing license: Implementation
29 Infos, 0 Warnings, 0 Critical Warnings and 0 Errors encountered.
place_design completed successfully
# route_design
Command: route_design
Attempting to get a license for feature 'Implementation' and/or device 'xc7z020'
INFO: [Common 17-349] Got license for feature 'Implementation' and/or device 'xc7z020'
Running DRC as a precondition to command route_design
INFO: [DRC 23-27] Running DRC with 8 threads
INFO: [Vivado_Tcl 4-198] DRC finished with 0 Errors
INFO: [Vivado_Tcl 4-199] Please refer to the DRC report (report_drc) for more information.


Starting Routing Task
INFO: [Route 35-254] Multithreading enabled for route_design using a maximum of 8 CPUs

Phase 1 Build RT Design
Checksum: PlaceDB: f33ba835 ConstDB: 0 ShapeSum: 6c1a95d6 RouteDB: 0
Post Restoration Checksum: NetGraph: af1aee3b NumContArr: bf1a177a Constraints: 0 Timing: 0
Phase 1 Build RT Design | Checksum: 16e3505b5

Time (s): cpu = 00:00:18 ; elapsed = 00:00:16 . Memory (MB): peak = 3346.109 ; gain = 0.000 ; free physical = 3978 ; free virtual = 22711

Phase 2 Router Initialization

Phase 2.1 Fix Topology Constraints
Phase 2.1 Fix Topology Constraints | Checksum: 16e3505b5

Time (s): cpu = 00:00:19 ; elapsed = 00:00:16 . Memory (MB): peak = 3346.109 ; gain = 0.000 ; free physical = 3939 ; free virtual = 22672

Phase 2.2 Pre Route Cleanup
Phase 2.2 Pre Route Cleanup | Checksum: 16e3505b5

Time (s): cpu = 00:00:19 ; elapsed = 00:00:16 . Memory (MB): peak = 3346.109 ; gain = 0.000 ; free physical = 3939 ; free virtual = 22672
 Number of Nodes with overlaps = 0

Phase 2.3 Update Timing
Phase 2.3 Update Timing | Checksum: a4bb0d64

Time (s): cpu = 00:00:19 ; elapsed = 00:00:16 . Memory (MB): peak = 3346.109 ; gain = 0.000 ; free physical = 3924 ; free virtual = 22660
INFO: [Route 35-416] Intermediate Timing Summary | WNS=5.543  | TNS=0.000  | WHS=-0.143 | THS=-1.641 |


Router Utilization Summary
  Global Vertical Routing Utilization    = 0 %
  Global Horizontal Routing Utilization  = 0 %
  Routable Net Status*
  *Does not include unroutable nets such as driverless and loadless.
  Run report_route_status for detailed report.
  Number of Failed Nets               = 90
    (Failed Nets is the sum of unrouted and partially routed nets)
  Number of Unrouted Nets             = 90
  Number of Partially Routed Nets     = 0
  Number of Node Overlaps             = 0

Phase 2 Router Initialization | Checksum: 12995a076

Time (s): cpu = 00:00:19 ; elapsed = 00:00:16 . Memory (MB): peak = 3346.109 ; gain = 0.000 ; free physical = 3906 ; free virtual = 22642

Phase 3 Initial Routing

Phase 3.1 Global Routing
Phase 3.1 Global Routing | Checksum: 12995a076

Time (s): cpu = 00:00:19 ; elapsed = 00:00:16 . Memory (MB): peak = 3346.109 ; gain = 0.000 ; free physical = 3906 ; free virtual = 22642
Phase 3 Initial Routing | Checksum: 18b233903

Time (s): cpu = 00:00:19 ; elapsed = 00:00:17 . Memory (MB): peak = 3346.109 ; gain = 0.000 ; free physical = 3904 ; free virtual = 22640

Phase 4 Rip-up And Reroute

Phase 4.1 Global Iteration 0
 Number of Nodes with overlaps = 14
 Number of Nodes with overlaps = 0
INFO: [Route 35-416] Intermediate Timing Summary | WNS=5.324  | TNS=0.000  | WHS=N/A    | THS=N/A    |

Phase 4.1 Global Iteration 0 | Checksum: 1be289881

Time (s): cpu = 00:00:19 ; elapsed = 00:00:17 . Memory (MB): peak = 3346.109 ; gain = 0.000 ; free physical = 3904 ; free virtual = 22640

Phase 4.2 Global Iteration 1
 Number of Nodes with overlaps = 1
 Number of Nodes with overlaps = 0
INFO: [Route 35-416] Intermediate Timing Summary | WNS=5.324  | TNS=0.000  | WHS=N/A    | THS=N/A    |

Phase 4.2 Global Iteration 1 | Checksum: 2154fa34a

Time (s): cpu = 00:00:19 ; elapsed = 00:00:17 . Memory (MB): peak = 3346.109 ; gain = 0.000 ; free physical = 3904 ; free virtual = 22640
Phase 4 Rip-up And Reroute | Checksum: 2154fa34a

Time (s): cpu = 00:00:19 ; elapsed = 00:00:17 . Memory (MB): peak = 3346.109 ; gain = 0.000 ; free physical = 3904 ; free virtual = 22640

Phase 5 Delay and Skew Optimization

Phase 5.1 Delay CleanUp
Phase 5.1 Delay CleanUp | Checksum: 2154fa34a

Time (s): cpu = 00:00:19 ; elapsed = 00:00:17 . Memory (MB): peak = 3346.109 ; gain = 0.000 ; free physical = 3904 ; free virtual = 22640

Phase 5.2 Clock Skew Optimization
Phase 5.2 Clock Skew Optimization | Checksum: 2154fa34a

Time (s): cpu = 00:00:19 ; elapsed = 00:00:17 . Memory (MB): peak = 3346.109 ; gain = 0.000 ; free physical = 3904 ; free virtual = 22640
Phase 5 Delay and Skew Optimization | Checksum: 2154fa34a

Time (s): cpu = 00:00:19 ; elapsed = 00:00:17 . Memory (MB): peak = 3346.109 ; gain = 0.000 ; free physical = 3904 ; free virtual = 22640

Phase 6 Post Hold Fix

Phase 6.1 Hold Fix Iter

Phase 6.1.1 Update Timing
Phase 6.1.1 Update Timing | Checksum: 219ea7c13

Time (s): cpu = 00:00:19 ; elapsed = 00:00:17 . Memory (MB): peak = 3346.109 ; gain = 0.000 ; free physical = 3904 ; free virtual = 22640
INFO: [Route 35-416] Intermediate Timing Summary | WNS=5.477  | TNS=0.000  | WHS=0.178  | THS=0.000  |

Phase 6.1 Hold Fix Iter | Checksum: 206a2fc1b

Time (s): cpu = 00:00:19 ; elapsed = 00:00:17 . Memory (MB): peak = 3346.109 ; gain = 0.000 ; free physical = 3904 ; free virtual = 22640
Phase 6 Post Hold Fix | Checksum: 206a2fc1b

Time (s): cpu = 00:00:19 ; elapsed = 00:00:17 . Memory (MB): peak = 3346.109 ; gain = 0.000 ; free physical = 3904 ; free virtual = 22640

Phase 7 Route finalize

Router Utilization Summary
  Global Vertical Routing Utilization    = 0.00911256 %
  Global Horizontal Routing Utilization  = 0.00743746 %
  Routable Net Status*
  *Does not include unroutable nets such as driverless and loadless.
  Run report_route_status for detailed report.
  Number of Failed Nets               = 0
    (Failed Nets is the sum of unrouted and partially routed nets)
  Number of Unrouted Nets             = 0
  Number of Partially Routed Nets     = 0
  Number of Node Overlaps             = 0

Phase 7 Route finalize | Checksum: 1c8818eb0

Time (s): cpu = 00:00:19 ; elapsed = 00:00:17 . Memory (MB): peak = 3346.109 ; gain = 0.000 ; free physical = 3904 ; free virtual = 22640

Phase 8 Verifying routed nets

 Verification completed successfully
Phase 8 Verifying routed nets | Checksum: 1c8818eb0

Time (s): cpu = 00:00:19 ; elapsed = 00:00:17 . Memory (MB): peak = 3346.109 ; gain = 0.000 ; free physical = 3904 ; free virtual = 22640

Phase 9 Depositing Routes
Phase 9 Depositing Routes | Checksum: 10c7a92f5

Time (s): cpu = 00:00:20 ; elapsed = 00:00:17 . Memory (MB): peak = 3346.109 ; gain = 0.000 ; free physical = 3904 ; free virtual = 22640

Phase 10 Post Router Timing
INFO: [Route 35-57] Estimated Timing Summary | WNS=5.477  | TNS=0.000  | WHS=0.178  | THS=0.000  |

INFO: [Route 35-327] The final timing numbers are based on the router estimated timing analysis. For a complete and accurate timing signoff, please run report_timing_summary.
Phase 10 Post Router Timing | Checksum: 10c7a92f5

Time (s): cpu = 00:00:20 ; elapsed = 00:00:17 . Memory (MB): peak = 3346.109 ; gain = 0.000 ; free physical = 3904 ; free virtual = 22640
INFO: [Route 35-16] Router Completed Successfully

Time (s): cpu = 00:00:20 ; elapsed = 00:00:17 . Memory (MB): peak = 3346.109 ; gain = 0.000 ; free physical = 3918 ; free virtual = 22654

Routing Is Done.
INFO: [Common 17-83] Releasing license: Implementation
13 Infos, 0 Warnings, 0 Critical Warnings and 0 Errors encountered.
route_design completed successfully
route_design: Time (s): cpu = 00:00:20 ; elapsed = 00:00:17 . Memory (MB): peak = 3346.109 ; gain = 1.004 ; free physical = 3918 ; free virtual = 22654
# write_checkpoint -force reports/${DESIGN}_post_route.dcp
INFO: [Timing 38-480] Writing timing data to binary archive.
Writing XDEF routing.
Writing XDEF routing logical nets.
Writing XDEF routing special nets.
Write XDEF Complete: Time (s): cpu = 00:00:00.13 ; elapsed = 00:00:00.07 . Memory (MB): peak = 3346.109 ; gain = 0.000 ; free physical = 3921 ; free virtual = 22658
INFO: [Common 17-1381] The checkpoint '/home/mahfuz/vivado_run/reports/gemm_post_route.dcp' has been generated.
# report_utilization -hierarchical -file reports/${DESIGN}_util_route_hier.rpt
# report_utilization               -file reports/${DESIGN}_util_route.rpt
# report_timing_summary            -file reports/${DESIGN}_timing_route.rpt
INFO: [Timing 38-91] UpdateTimingParams: Speed grade: -1, Delay Type: min_max.
INFO: [Timing 38-191] Multithreading enabled for timing update using a maximum of 8 CPUs
# report_power                     -file reports/${DESIGN}_power_route_est.rpt
Command: report_power -file reports/gemm_power_route_est.rpt
Running Vector-less Activity Propagation...

Finished Running Vector-less Activity Propagation
0 Infos, 0 Warnings, 0 Critical Warnings and 0 Errors encountered.
report_power completed successfully
# quit
INFO: [Common 17-206] Exiting Vivado at Fri Feb  6 01:49:27 2026...
