#-----------------------------------------------------------
# Vivado v2022.1 (64-bit)
# SW Build 3526262 on Mon Apr 18 15:47:01 MDT 2022
# IP Build 3524634 on Mon Apr 18 20:55:01 MDT 2022
# Start of session at: Fri Feb  6 01:42:44 2026
# Process ID: 3945651
# Current directory: /home/mahfuz/vivado_run
# Command line: vivado -mode batch -source scripts/run_gemm_main_zynq7020.tcl -log reports/gemm_vivado.log -journal reports/gemm_vivado.jou
# Log file: /home/mahfuz/vivado_run/reports/gemm_vivado.log
# Journal file: /home/mahfuz/vivado_run/reports/gemm_vivado.jou
# Running On: dell-PT-3620, OS: Linux, CPU Frequency: 4199.138 MHz, CPU Physical cores: 4, Host memory: 33541 MB
#-----------------------------------------------------------
source scripts/run_gemm_main_zynq7020.tcl
# file mkdir reports
# set PART "xc7z020clg484-1"
# set TOP  "main"
# set RTL_FILES [list \
#   "$::env(HOME)/ReadySv/Gemm/Output/gemm.sv" \
# ]
# puts "Using TOP=$TOP PART=$PART"
Using TOP=main PART=xc7z020clg484-1
# puts "RTL_FILES=$RTL_FILES"
RTL_FILES=/home/mahfuz/ReadySv/Gemm/Output/gemm.sv
# read_verilog -sv $RTL_FILES
ERROR: [Common 17-53] User Exception: No open design. Please open an elaborated, synthesized or implemented design before executing this command.
INFO: [Common 17-206] Exiting Vivado at Fri Feb  6 01:42:51 2026...
