#-----------------------------------------------------------
# Vivado v2022.1 (64-bit)
# SW Build 3526262 on Mon Apr 18 15:47:01 MDT 2022
# IP Build 3524634 on Mon Apr 18 20:55:01 MDT 2022
# Start of session at: Fri Feb  6 01:08:06 2026
# Process ID: 3940299
# Current directory: /home/mahfuz/vivado_run
# Command line: vivado -mode batch -source scripts/run_main_zynq7020_no_xdc.tcl -log reports/vivado.log -journal reports/vivado.jou
# Log file: /home/mahfuz/vivado_run/reports/vivado.log
# Journal file: /home/mahfuz/vivado_run/reports/vivado.jou
# Running On: dell-PT-3620, OS: Linux, CPU Frequency: 800.000 MHz, CPU Physical cores: 4, Host memory: 33541 MB
#-----------------------------------------------------------
source scripts/run_main_zynq7020_no_xdc.tcl
# file mkdir reports
# set PART "xc7z020clg484-1"
# set TOP  "main"
# set RTL_FILES [list \
#   "$::env(HOME)/ReadySv/Gemm/Output/gemm.sv" \
# ]
# puts "RTL_FILES = $RTL_FILES"
RTL_FILES = /home/mahfuz/ReadySv/Gemm/Output/gemm.sv
# read_verilog -sv $RTL_FILES
# synth_design -rtl -top $TOP -part $PART
Command: synth_design -rtl -top main -part xc7z020clg484-1
Starting synth_design
INFO: [Device 21-403] Loading part xc7z020clg484-1
---------------------------------------------------------------------------------
Starting RTL Elaboration : Time (s): cpu = 00:00:03 ; elapsed = 00:00:03 . Memory (MB): peak = 2903.418 ; gain = 0.000 ; free physical = 4070 ; free virtual = 22798
---------------------------------------------------------------------------------
INFO: [Synth 8-6157] synthesizing module 'main' [/home/mahfuz/ReadySv/Gemm/Output/gemm.sv:1347]
ERROR: [Synth 8-27] string type not supported [/home/mahfuz/ReadySv/Gemm/Output/gemm.sv:1354]
ERROR: [Synth 8-6156] failed synthesizing module 'main' [/home/mahfuz/ReadySv/Gemm/Output/gemm.sv:1347]
---------------------------------------------------------------------------------
Finished RTL Elaboration : Time (s): cpu = 00:00:04 ; elapsed = 00:00:04 . Memory (MB): peak = 2903.418 ; gain = 0.000 ; free physical = 3978 ; free virtual = 22706
---------------------------------------------------------------------------------
RTL Elaboration failed
2 Infos, 0 Warnings, 0 Critical Warnings and 3 Errors encountered.
synth_design failed
ERROR: [Vivado_Tcl 4-5] Elaboration failed - please see the console for details
INFO: [Common 17-206] Exiting Vivado at Fri Feb  6 01:08:22 2026...
