#-----------------------------------------------------------
# Vivado v2022.1 (64-bit)
# SW Build 3526262 on Mon Apr 18 15:47:01 MDT 2022
# IP Build 3524634 on Mon Apr 18 20:55:01 MDT 2022
# Start of session at: Fri Feb  6 07:38:32 2026
# Process ID: 3992327
# Current directory: /home/mahfuz/vivado_run
# Command line: vivado -mode batch -source scripts/run_gemm_main_zynq7020.tcl -log reports/relu_vivado.log -journal reports/relu_vivado.jou
# Log file: /home/mahfuz/vivado_run/reports/relu_vivado.log
# Journal file: /home/mahfuz/vivado_run/reports/relu_vivado.jou
# Running On: dell-PT-3620, OS: Linux, CPU Frequency: 800.000 MHz, CPU Physical cores: 4, Host memory: 33541 MB
#-----------------------------------------------------------
source scripts/run_gemm_main_zynq7020.tcl
# file mkdir reports
# set PART   "xc7z020clg484-1"
# set TOP    "main"
# set DESIGN "relu"
# set RTL_FILES [list \
#   "$::env(HOME)/ReadySv/Relu/Output/relu.sv" \
# ]
# puts "Using TOP=$TOP PART=$PART"
Using TOP=main PART=xc7z020clg484-1
# puts "RTL_FILES=$RTL_FILES"
RTL_FILES=/home/mahfuz/ReadySv/Relu/Output/relu.sv
# read_verilog -sv $RTL_FILES
# synth_design -top $TOP -part $PART
Command: synth_design -top main -part xc7z020clg484-1
Starting synth_design
Attempting to get a license for feature 'Synthesis' and/or device 'xc7z020'
INFO: [Common 17-349] Got license for feature 'Synthesis' and/or device 'xc7z020'
INFO: [Synth 8-7079] Multithreading enabled for synth_design using a maximum of 4 processes.
INFO: [Synth 8-7078] Launching helper process for spawning children vivado processes
INFO: [Synth 8-7075] Helper process launched with PID 3992344
---------------------------------------------------------------------------------
Starting Synthesize : Time (s): cpu = 00:00:03 ; elapsed = 00:00:03 . Memory (MB): peak = 2902.430 ; gain = 0.000 ; free physical = 3029 ; free virtual = 22277
---------------------------------------------------------------------------------
INFO: [Synth 8-6157] synthesizing module 'main' [/home/mahfuz/ReadySv/Relu/Output/relu.sv:2272]
INFO: [Synth 8-6157] synthesizing module 'seq_mem_d1' [/home/mahfuz/ReadySv/Relu/Output/relu.sv:10]
	Parameter WIDTH bound to: 32 - type: integer 
	Parameter SIZE bound to: 300 - type: integer 
	Parameter IDX_SIZE bound to: 9 - type: integer 
INFO: [Synth 8-6085] Hierarchical reference on 'mem' stops possible memory inference [/home/mahfuz/ReadySv/Relu/Output/relu.sv:30]
INFO: [Synth 8-6155] done synthesizing module 'seq_mem_d1' (0#1) [/home/mahfuz/ReadySv/Relu/Output/relu.sv:10]
INFO: [Synth 8-6157] synthesizing module 'forward' [/home/mahfuz/ReadySv/Relu/Output/relu.sv:4574]
INFO: [Synth 8-6157] synthesizing module 'std_slice' [/home/mahfuz/ReadySv/Relu/Output/relu.sv:435]
	Parameter IN_WIDTH bound to: 32 - type: integer 
	Parameter OUT_WIDTH bound to: 9 - type: integer 
INFO: [Synth 8-6155] done synthesizing module 'std_slice' (0#1) [/home/mahfuz/ReadySv/Relu/Output/relu.sv:435]
INFO: [Synth 8-6157] synthesizing module 'std_add' [/home/mahfuz/ReadySv/Relu/Output/relu.sv:2210]
	Parameter WIDTH bound to: 32 - type: integer 
INFO: [Synth 8-6155] done synthesizing module 'std_add' (0#1) [/home/mahfuz/ReadySv/Relu/Output/relu.sv:2210]
INFO: [Synth 8-6157] synthesizing module 'std_reg' [/home/mahfuz/ReadySv/Relu/Output/relu.sv:2230]
	Parameter WIDTH bound to: 32 - type: integer 
INFO: [Synth 8-6155] done synthesizing module 'std_reg' (0#1) [/home/mahfuz/ReadySv/Relu/Output/relu.sv:2230]
INFO: [Synth 8-6157] synthesizing module 'std_mult_pipe' [/home/mahfuz/ReadySv/Relu/Output/relu.sv:1053]
	Parameter WIDTH bound to: 32 - type: integer 
INFO: [Synth 8-6157] synthesizing module 'std_fp_mult_pipe' [/home/mahfuz/ReadySv/Relu/Output/relu.sv:714]
	Parameter WIDTH bound to: 32 - type: integer 
	Parameter INT_WIDTH bound to: 32 - type: integer 
	Parameter FRAC_WIDTH bound to: 0 - type: integer 
	Parameter SIGNED bound to: 0 - type: integer 
INFO: [Synth 8-6155] done synthesizing module 'std_fp_mult_pipe' (0#1) [/home/mahfuz/ReadySv/Relu/Output/relu.sv:714]
INFO: [Synth 8-6155] done synthesizing module 'std_mult_pipe' (0#1) [/home/mahfuz/ReadySv/Relu/Output/relu.sv:1053]
INFO: [Synth 8-6157] synthesizing module 'std_addFN' [/home/mahfuz/ReadySv/Relu/Output/relu.sv:334]
	Parameter expWidth bound to: 8 - type: integer 
	Parameter sigWidth bound to: 24 - type: integer 
	Parameter numWidth bound to: 32 - type: integer 
INFO: [Synth 8-6157] synthesizing module 'fNToRecFN' [/home/mahfuz/ReadySv/Relu/Output/relu.sv:2085]
	Parameter expWidth bound to: 8 - type: integer 
	Parameter sigWidth bound to: 24 - type: integer 
INFO: [Synth 8-6157] synthesizing module 'countLeadingZeros' [/home/mahfuz/ReadySv/Relu/Output/relu.sv:7431]
	Parameter inWidth bound to: 23 - type: integer 
	Parameter countWidth bound to: 5 - type: integer 
INFO: [Synth 8-6157] synthesizing module 'reverse' [/home/mahfuz/ReadySv/Relu/Output/relu.sv:7360]
	Parameter width bound to: 23 - type: integer 
INFO: [Synth 8-6155] done synthesizing module 'reverse' (0#1) [/home/mahfuz/ReadySv/Relu/Output/relu.sv:7360]
INFO: [Synth 8-6155] done synthesizing module 'countLeadingZeros' (0#1) [/home/mahfuz/ReadySv/Relu/Output/relu.sv:7431]
INFO: [Synth 8-6155] done synthesizing module 'fNToRecFN' (0#1) [/home/mahfuz/ReadySv/Relu/Output/relu.sv:2085]
INFO: [Synth 8-6157] synthesizing module 'addRecFN' [/home/mahfuz/ReadySv/Relu/Output/relu.sv:1851]
	Parameter expWidth bound to: 8 - type: integer 
	Parameter sigWidth bound to: 24 - type: integer 
INFO: [Synth 8-6157] synthesizing module 'addRecFNToRaw' [/home/mahfuz/ReadySv/Relu/Output/relu.sv:1661]
	Parameter expWidth bound to: 8 - type: integer 
	Parameter sigWidth bound to: 24 - type: integer 
INFO: [Synth 8-6157] synthesizing module 'recFNToRawFN' [/home/mahfuz/ReadySv/Relu/Output/relu.sv:7018]
	Parameter expWidth bound to: 8 - type: integer 
	Parameter sigWidth bound to: 24 - type: integer 
INFO: [Synth 8-6155] done synthesizing module 'recFNToRawFN' (0#1) [/home/mahfuz/ReadySv/Relu/Output/relu.sv:7018]
INFO: [Synth 8-6157] synthesizing module 'isSigNaNRecFN' [/home/mahfuz/ReadySv/Relu/Output/relu.sv:2035]
	Parameter expWidth bound to: 8 - type: integer 
	Parameter sigWidth bound to: 24 - type: integer 
INFO: [Synth 8-6155] done synthesizing module 'isSigNaNRecFN' (0#1) [/home/mahfuz/ReadySv/Relu/Output/relu.sv:2035]
INFO: [Synth 8-6157] synthesizing module 'compressBy2' [/home/mahfuz/ReadySv/Relu/Output/relu.sv:7459]
	Parameter inWidth bound to: 26 - type: integer 
INFO: [Synth 8-6155] done synthesizing module 'compressBy2' (0#1) [/home/mahfuz/ReadySv/Relu/Output/relu.sv:7459]
INFO: [Synth 8-6157] synthesizing module 'countLeadingZeros__parameterized0' [/home/mahfuz/ReadySv/Relu/Output/relu.sv:7431]
	Parameter inWidth bound to: 13 - type: integer 
	Parameter countWidth bound to: 5 - type: integer 
INFO: [Synth 8-6157] synthesizing module 'reverse__parameterized0' [/home/mahfuz/ReadySv/Relu/Output/relu.sv:7360]
	Parameter width bound to: 13 - type: integer 
INFO: [Synth 8-6155] done synthesizing module 'reverse__parameterized0' (0#1) [/home/mahfuz/ReadySv/Relu/Output/relu.sv:7360]
INFO: [Synth 8-6155] done synthesizing module 'countLeadingZeros__parameterized0' (0#1) [/home/mahfuz/ReadySv/Relu/Output/relu.sv:7431]
INFO: [Synth 8-6157] synthesizing module 'compressBy4' [/home/mahfuz/ReadySv/Relu/Output/relu.sv:7478]
	Parameter inWidth bound to: 26 - type: integer 
INFO: [Synth 8-6155] done synthesizing module 'compressBy4' (0#1) [/home/mahfuz/ReadySv/Relu/Output/relu.sv:7478]
INFO: [Synth 8-6157] synthesizing module 'lowMaskHiLo' [/home/mahfuz/ReadySv/Relu/Output/relu.sv:7377]
	Parameter inWidth bound to: 3 - type: integer 
	Parameter topBound bound to: 7 - type: integer 
	Parameter bottomBound bound to: 0 - type: integer 
INFO: [Synth 8-6157] synthesizing module 'reverse__parameterized1' [/home/mahfuz/ReadySv/Relu/Output/relu.sv:7360]
	Parameter width bound to: 7 - type: integer 
INFO: [Synth 8-6155] done synthesizing module 'reverse__parameterized1' (0#1) [/home/mahfuz/ReadySv/Relu/Output/relu.sv:7360]
INFO: [Synth 8-6155] done synthesizing module 'lowMaskHiLo' (0#1) [/home/mahfuz/ReadySv/Relu/Output/relu.sv:7377]
INFO: [Synth 8-6155] done synthesizing module 'addRecFNToRaw' (0#1) [/home/mahfuz/ReadySv/Relu/Output/relu.sv:1661]
INFO: [Synth 8-6157] synthesizing module 'roundRawFNToRecFN' [/home/mahfuz/ReadySv/Relu/Output/relu.sv:7283]
	Parameter expWidth bound to: 8 - type: integer 
	Parameter sigWidth bound to: 24 - type: integer 
	Parameter options bound to: 2 - type: integer 
INFO: [Synth 8-6157] synthesizing module 'roundAnyRawFNToRecFN' [/home/mahfuz/ReadySv/Relu/Output/relu.sv:7048]
	Parameter inExpWidth bound to: 8 - type: integer 
	Parameter inSigWidth bound to: 26 - type: integer 
	Parameter outExpWidth bound to: 8 - type: integer 
	Parameter outSigWidth bound to: 24 - type: integer 
	Parameter options bound to: 2 - type: integer 
INFO: [Synth 8-6155] done synthesizing module 'roundAnyRawFNToRecFN' (0#1) [/home/mahfuz/ReadySv/Relu/Output/relu.sv:7048]
INFO: [Synth 8-6155] done synthesizing module 'roundRawFNToRecFN' (0#1) [/home/mahfuz/ReadySv/Relu/Output/relu.sv:7283]
INFO: [Synth 8-6155] done synthesizing module 'addRecFN' (0#1) [/home/mahfuz/ReadySv/Relu/Output/relu.sv:1851]
INFO: [Synth 8-6157] synthesizing module 'recFNToFN' [/home/mahfuz/ReadySv/Relu/Output/relu.sv:1432]
	Parameter expWidth bound to: 8 - type: integer 
	Parameter sigWidth bound to: 24 - type: integer 
INFO: [Synth 8-6155] done synthesizing module 'recFNToFN' (0#1) [/home/mahfuz/ReadySv/Relu/Output/relu.sv:1432]
INFO: [Synth 8-6155] done synthesizing module 'std_addFN' (0#1) [/home/mahfuz/ReadySv/Relu/Output/relu.sv:334]
INFO: [Synth 8-6157] synthesizing module 'relu4d_0' [/home/mahfuz/ReadySv/Relu/Output/relu.sv:2554]
INFO: [Synth 8-6157] synthesizing module 'std_float_const' [/home/mahfuz/ReadySv/Relu/Output/relu.sv:2174]
	Parameter REP bound to: 0 - type: integer 
	Parameter WIDTH bound to: 32 - type: integer 
	Parameter VALUE bound to: 0 - type: integer 
INFO: [Synth 8-6155] done synthesizing module 'std_float_const' (0#1) [/home/mahfuz/ReadySv/Relu/Output/relu.sv:2174]
INFO: [Synth 8-6157] synthesizing module 'std_mux' [/home/mahfuz/ReadySv/Relu/Output/relu.sv:595]
	Parameter WIDTH bound to: 32 - type: integer 
INFO: [Synth 8-6155] done synthesizing module 'std_mux' (0#1) [/home/mahfuz/ReadySv/Relu/Output/relu.sv:595]
INFO: [Synth 8-6157] synthesizing module 'std_and' [/home/mahfuz/ReadySv/Relu/Output/relu.sv:483]
	Parameter WIDTH bound to: 1 - type: integer 
INFO: [Synth 8-6155] done synthesizing module 'std_and' (0#1) [/home/mahfuz/ReadySv/Relu/Output/relu.sv:483]
INFO: [Synth 8-6157] synthesizing module 'std_or' [/home/mahfuz/ReadySv/Relu/Output/relu.sv:493]
	Parameter WIDTH bound to: 1 - type: integer 
INFO: [Synth 8-6155] done synthesizing module 'std_or' (0#1) [/home/mahfuz/ReadySv/Relu/Output/relu.sv:493]
INFO: [Synth 8-6157] synthesizing module 'std_reg__parameterized0' [/home/mahfuz/ReadySv/Relu/Output/relu.sv:2230]
	Parameter WIDTH bound to: 1 - type: integer 
INFO: [Synth 8-6155] done synthesizing module 'std_reg__parameterized0' (0#1) [/home/mahfuz/ReadySv/Relu/Output/relu.sv:2230]
INFO: [Synth 8-6157] synthesizing module 'std_compareFN' [/home/mahfuz/ReadySv/Relu/Output/relu.sv:175]
	Parameter expWidth bound to: 8 - type: integer 
	Parameter sigWidth bound to: 24 - type: integer 
	Parameter numWidth bound to: 32 - type: integer 
INFO: [Synth 8-6157] synthesizing module 'compareRecFN' [/home/mahfuz/ReadySv/Relu/Output/relu.sv:1941]
	Parameter expWidth bound to: 8 - type: integer 
	Parameter sigWidth bound to: 24 - type: integer 
INFO: [Synth 8-6155] done synthesizing module 'compareRecFN' (0#1) [/home/mahfuz/ReadySv/Relu/Output/relu.sv:1941]
INFO: [Synth 8-6155] done synthesizing module 'std_compareFN' (0#1) [/home/mahfuz/ReadySv/Relu/Output/relu.sv:175]
INFO: [Synth 8-6157] synthesizing module 'std_reg__parameterized1' [/home/mahfuz/ReadySv/Relu/Output/relu.sv:2230]
	Parameter WIDTH bound to: 4 - type: integer 
INFO: [Synth 8-6155] done synthesizing module 'std_reg__parameterized1' (0#1) [/home/mahfuz/ReadySv/Relu/Output/relu.sv:2230]
INFO: [Synth 8-6157] synthesizing module 'std_add__parameterized0' [/home/mahfuz/ReadySv/Relu/Output/relu.sv:2210]
	Parameter WIDTH bound to: 4 - type: integer 
INFO: [Synth 8-6155] done synthesizing module 'std_add__parameterized0' (0#1) [/home/mahfuz/ReadySv/Relu/Output/relu.sv:2210]
INFO: [Synth 8-6157] synthesizing module 'std_lt' [/home/mahfuz/ReadySv/Relu/Output/relu.sv:533]
	Parameter WIDTH bound to: 4 - type: integer 
INFO: [Synth 8-6155] done synthesizing module 'std_lt' (0#1) [/home/mahfuz/ReadySv/Relu/Output/relu.sv:533]
INFO: [Synth 8-6157] synthesizing module 'std_reg__parameterized2' [/home/mahfuz/ReadySv/Relu/Output/relu.sv:2230]
	Parameter WIDTH bound to: 2 - type: integer 
INFO: [Synth 8-6155] done synthesizing module 'std_reg__parameterized2' (0#1) [/home/mahfuz/ReadySv/Relu/Output/relu.sv:2230]
INFO: [Synth 8-6157] synthesizing module 'std_add__parameterized1' [/home/mahfuz/ReadySv/Relu/Output/relu.sv:2210]
	Parameter WIDTH bound to: 2 - type: integer 
INFO: [Synth 8-6155] done synthesizing module 'std_add__parameterized1' (0#1) [/home/mahfuz/ReadySv/Relu/Output/relu.sv:2210]
INFO: [Synth 8-6157] synthesizing module 'std_lt__parameterized0' [/home/mahfuz/ReadySv/Relu/Output/relu.sv:533]
	Parameter WIDTH bound to: 2 - type: integer 
INFO: [Synth 8-6155] done synthesizing module 'std_lt__parameterized0' (0#1) [/home/mahfuz/ReadySv/Relu/Output/relu.sv:533]
INFO: [Synth 8-6157] synthesizing module 'undef' [/home/mahfuz/ReadySv/Relu/Output/relu.sv:2184]
	Parameter WIDTH bound to: 1 - type: integer 
INFO: [Synth 8-6155] done synthesizing module 'undef' (0#1) [/home/mahfuz/ReadySv/Relu/Output/relu.sv:2184]
INFO: [Synth 8-6157] synthesizing module 'std_reg__parameterized3' [/home/mahfuz/ReadySv/Relu/Output/relu.sv:2230]
	Parameter WIDTH bound to: 5 - type: integer 
INFO: [Synth 8-6155] done synthesizing module 'std_reg__parameterized3' (0#1) [/home/mahfuz/ReadySv/Relu/Output/relu.sv:2230]
INFO: [Synth 8-6157] synthesizing module 'std_wire' [/home/mahfuz/ReadySv/Relu/Output/relu.sv:2201]
	Parameter WIDTH bound to: 1 - type: integer 
INFO: [Synth 8-6155] done synthesizing module 'std_wire' (0#1) [/home/mahfuz/ReadySv/Relu/Output/relu.sv:2201]
INFO: [Synth 8-6155] done synthesizing module 'relu4d_0' (0#1) [/home/mahfuz/ReadySv/Relu/Output/relu.sv:2554]
INFO: [Synth 8-6155] done synthesizing module 'forward' (0#1) [/home/mahfuz/ReadySv/Relu/Output/relu.sv:4574]
INFO: [Synth 8-6155] done synthesizing module 'main' (0#1) [/home/mahfuz/ReadySv/Relu/Output/relu.sv:2272]
WARNING: [Synth 8-3848] Net exceptionFlags in module/entity std_addFN does not have driver. [/home/mahfuz/ReadySv/Relu/Output/relu.sv:344]
WARNING: [Synth 8-3848] Net arg_mem_0_write_data in module/entity relu4d_0 does not have driver. [/home/mahfuz/ReadySv/Relu/Output/relu.sv:2568]
WARNING: [Synth 8-3848] Net arg_mem_1_write_data in module/entity forward does not have driver. [/home/mahfuz/ReadySv/Relu/Output/relu.sv:4594]
WARNING: [Synth 8-3848] Net arg_mem_0_write_data in module/entity forward does not have driver. [/home/mahfuz/ReadySv/Relu/Output/relu.sv:4600]
WARNING: [Synth 8-3848] Net relu4d_0_instance_arg_mem_1_read_data in module/entity forward does not have driver. [/home/mahfuz/ReadySv/Relu/Output/relu.sv:4671]
WARNING: [Synth 8-3848] Net forward_instance_arg_mem_2_read_data in module/entity main does not have driver. [/home/mahfuz/ReadySv/Relu/Output/relu.sv:2339]
WARNING: [Synth 8-3848] Net mem_0_write_data in module/entity main does not have driver. [/home/mahfuz/ReadySv/Relu/Output/relu.sv:2328]
WARNING: [Synth 8-7129] Port in[32] in module isSigNaNRecFN is either unconnected or has no load
WARNING: [Synth 8-7129] Port in[28] in module isSigNaNRecFN is either unconnected or has no load
WARNING: [Synth 8-7129] Port in[27] in module isSigNaNRecFN is either unconnected or has no load
WARNING: [Synth 8-7129] Port in[26] in module isSigNaNRecFN is either unconnected or has no load
WARNING: [Synth 8-7129] Port in[25] in module isSigNaNRecFN is either unconnected or has no load
WARNING: [Synth 8-7129] Port in[24] in module isSigNaNRecFN is either unconnected or has no load
WARNING: [Synth 8-7129] Port in[23] in module isSigNaNRecFN is either unconnected or has no load
WARNING: [Synth 8-7129] Port in[21] in module isSigNaNRecFN is either unconnected or has no load
WARNING: [Synth 8-7129] Port in[20] in module isSigNaNRecFN is either unconnected or has no load
WARNING: [Synth 8-7129] Port in[19] in module isSigNaNRecFN is either unconnected or has no load
WARNING: [Synth 8-7129] Port in[18] in module isSigNaNRecFN is either unconnected or has no load
WARNING: [Synth 8-7129] Port in[17] in module isSigNaNRecFN is either unconnected or has no load
WARNING: [Synth 8-7129] Port in[16] in module isSigNaNRecFN is either unconnected or has no load
WARNING: [Synth 8-7129] Port in[15] in module isSigNaNRecFN is either unconnected or has no load
WARNING: [Synth 8-7129] Port in[14] in module isSigNaNRecFN is either unconnected or has no load
WARNING: [Synth 8-7129] Port in[13] in module isSigNaNRecFN is either unconnected or has no load
WARNING: [Synth 8-7129] Port in[12] in module isSigNaNRecFN is either unconnected or has no load
WARNING: [Synth 8-7129] Port in[11] in module isSigNaNRecFN is either unconnected or has no load
WARNING: [Synth 8-7129] Port in[10] in module isSigNaNRecFN is either unconnected or has no load
WARNING: [Synth 8-7129] Port in[9] in module isSigNaNRecFN is either unconnected or has no load
WARNING: [Synth 8-7129] Port in[8] in module isSigNaNRecFN is either unconnected or has no load
WARNING: [Synth 8-7129] Port in[7] in module isSigNaNRecFN is either unconnected or has no load
WARNING: [Synth 8-7129] Port in[6] in module isSigNaNRecFN is either unconnected or has no load
WARNING: [Synth 8-7129] Port in[5] in module isSigNaNRecFN is either unconnected or has no load
WARNING: [Synth 8-7129] Port in[4] in module isSigNaNRecFN is either unconnected or has no load
WARNING: [Synth 8-7129] Port in[3] in module isSigNaNRecFN is either unconnected or has no load
WARNING: [Synth 8-7129] Port in[2] in module isSigNaNRecFN is either unconnected or has no load
WARNING: [Synth 8-7129] Port in[1] in module isSigNaNRecFN is either unconnected or has no load
WARNING: [Synth 8-7129] Port in[0] in module isSigNaNRecFN is either unconnected or has no load
WARNING: [Synth 8-7129] Port in[31] in module std_slice is either unconnected or has no load
WARNING: [Synth 8-7129] Port in[30] in module std_slice is either unconnected or has no load
WARNING: [Synth 8-7129] Port in[29] in module std_slice is either unconnected or has no load
WARNING: [Synth 8-7129] Port in[28] in module std_slice is either unconnected or has no load
WARNING: [Synth 8-7129] Port in[27] in module std_slice is either unconnected or has no load
WARNING: [Synth 8-7129] Port in[26] in module std_slice is either unconnected or has no load
WARNING: [Synth 8-7129] Port in[25] in module std_slice is either unconnected or has no load
WARNING: [Synth 8-7129] Port in[24] in module std_slice is either unconnected or has no load
WARNING: [Synth 8-7129] Port in[23] in module std_slice is either unconnected or has no load
WARNING: [Synth 8-7129] Port in[22] in module std_slice is either unconnected or has no load
WARNING: [Synth 8-7129] Port in[21] in module std_slice is either unconnected or has no load
WARNING: [Synth 8-7129] Port in[20] in module std_slice is either unconnected or has no load
WARNING: [Synth 8-7129] Port in[19] in module std_slice is either unconnected or has no load
WARNING: [Synth 8-7129] Port in[18] in module std_slice is either unconnected or has no load
WARNING: [Synth 8-7129] Port in[17] in module std_slice is either unconnected or has no load
WARNING: [Synth 8-7129] Port in[16] in module std_slice is either unconnected or has no load
WARNING: [Synth 8-7129] Port in[15] in module std_slice is either unconnected or has no load
WARNING: [Synth 8-7129] Port in[14] in module std_slice is either unconnected or has no load
WARNING: [Synth 8-7129] Port in[13] in module std_slice is either unconnected or has no load
WARNING: [Synth 8-7129] Port in[12] in module std_slice is either unconnected or has no load
WARNING: [Synth 8-7129] Port in[11] in module std_slice is either unconnected or has no load
WARNING: [Synth 8-7129] Port in[10] in module std_slice is either unconnected or has no load
WARNING: [Synth 8-7129] Port in[9] in module std_slice is either unconnected or has no load
WARNING: [Synth 8-7129] Port arg_mem_0_write_data[31] in module relu4d_0 is either unconnected or has no load
WARNING: [Synth 8-7129] Port arg_mem_0_write_data[30] in module relu4d_0 is either unconnected or has no load
WARNING: [Synth 8-7129] Port arg_mem_0_write_data[29] in module relu4d_0 is either unconnected or has no load
WARNING: [Synth 8-7129] Port arg_mem_0_write_data[28] in module relu4d_0 is either unconnected or has no load
WARNING: [Synth 8-7129] Port arg_mem_0_write_data[27] in module relu4d_0 is either unconnected or has no load
WARNING: [Synth 8-7129] Port arg_mem_0_write_data[26] in module relu4d_0 is either unconnected or has no load
WARNING: [Synth 8-7129] Port arg_mem_0_write_data[25] in module relu4d_0 is either unconnected or has no load
WARNING: [Synth 8-7129] Port arg_mem_0_write_data[24] in module relu4d_0 is either unconnected or has no load
WARNING: [Synth 8-7129] Port arg_mem_0_write_data[23] in module relu4d_0 is either unconnected or has no load
WARNING: [Synth 8-7129] Port arg_mem_0_write_data[22] in module relu4d_0 is either unconnected or has no load
WARNING: [Synth 8-7129] Port arg_mem_0_write_data[21] in module relu4d_0 is either unconnected or has no load
WARNING: [Synth 8-7129] Port arg_mem_0_write_data[20] in module relu4d_0 is either unconnected or has no load
WARNING: [Synth 8-7129] Port arg_mem_0_write_data[19] in module relu4d_0 is either unconnected or has no load
WARNING: [Synth 8-7129] Port arg_mem_0_write_data[18] in module relu4d_0 is either unconnected or has no load
WARNING: [Synth 8-7129] Port arg_mem_0_write_data[17] in module relu4d_0 is either unconnected or has no load
WARNING: [Synth 8-7129] Port arg_mem_0_write_data[16] in module relu4d_0 is either unconnected or has no load
WARNING: [Synth 8-7129] Port arg_mem_0_write_data[15] in module relu4d_0 is either unconnected or has no load
WARNING: [Synth 8-7129] Port arg_mem_0_write_data[14] in module relu4d_0 is either unconnected or has no load
WARNING: [Synth 8-7129] Port arg_mem_0_write_data[13] in module relu4d_0 is either unconnected or has no load
WARNING: [Synth 8-7129] Port arg_mem_0_write_data[12] in module relu4d_0 is either unconnected or has no load
WARNING: [Synth 8-7129] Port arg_mem_0_write_data[11] in module relu4d_0 is either unconnected or has no load
WARNING: [Synth 8-7129] Port arg_mem_0_write_data[10] in module relu4d_0 is either unconnected or has no load
WARNING: [Synth 8-7129] Port arg_mem_0_write_data[9] in module relu4d_0 is either unconnected or has no load
WARNING: [Synth 8-7129] Port arg_mem_0_write_data[8] in module relu4d_0 is either unconnected or has no load
WARNING: [Synth 8-7129] Port arg_mem_0_write_data[7] in module relu4d_0 is either unconnected or has no load
WARNING: [Synth 8-7129] Port arg_mem_0_write_data[6] in module relu4d_0 is either unconnected or has no load
WARNING: [Synth 8-7129] Port arg_mem_0_write_data[5] in module relu4d_0 is either unconnected or has no load
WARNING: [Synth 8-7129] Port arg_mem_0_write_data[4] in module relu4d_0 is either unconnected or has no load
WARNING: [Synth 8-7129] Port arg_mem_0_write_data[3] in module relu4d_0 is either unconnected or has no load
WARNING: [Synth 8-7129] Port arg_mem_0_write_data[2] in module relu4d_0 is either unconnected or has no load
WARNING: [Synth 8-7129] Port arg_mem_0_write_data[1] in module relu4d_0 is either unconnected or has no load
WARNING: [Synth 8-7129] Port arg_mem_0_write_data[0] in module relu4d_0 is either unconnected or has no load
WARNING: [Synth 8-7129] Port arg_mem_1_read_data[31] in module relu4d_0 is either unconnected or has no load
WARNING: [Synth 8-7129] Port arg_mem_1_read_data[30] in module relu4d_0 is either unconnected or has no load
WARNING: [Synth 8-7129] Port arg_mem_1_read_data[29] in module relu4d_0 is either unconnected or has no load
WARNING: [Synth 8-7129] Port arg_mem_1_read_data[28] in module relu4d_0 is either unconnected or has no load
WARNING: [Synth 8-7129] Port arg_mem_1_read_data[27] in module relu4d_0 is either unconnected or has no load
WARNING: [Synth 8-7129] Port arg_mem_1_read_data[26] in module relu4d_0 is either unconnected or has no load
WARNING: [Synth 8-7129] Port arg_mem_1_read_data[25] in module relu4d_0 is either unconnected or has no load
WARNING: [Synth 8-7129] Port arg_mem_1_read_data[24] in module relu4d_0 is either unconnected or has no load
WARNING: [Synth 8-7129] Port arg_mem_1_read_data[23] in module relu4d_0 is either unconnected or has no load
WARNING: [Synth 8-7129] Port arg_mem_1_read_data[22] in module relu4d_0 is either unconnected or has no load
WARNING: [Synth 8-7129] Port arg_mem_1_read_data[21] in module relu4d_0 is either unconnected or has no load
WARNING: [Synth 8-7129] Port arg_mem_1_read_data[20] in module relu4d_0 is either unconnected or has no load
WARNING: [Synth 8-7129] Port arg_mem_1_read_data[19] in module relu4d_0 is either unconnected or has no load
WARNING: [Synth 8-7129] Port arg_mem_1_read_data[18] in module relu4d_0 is either unconnected or has no load
WARNING: [Synth 8-7129] Port arg_mem_1_read_data[17] in module relu4d_0 is either unconnected or has no load
WARNING: [Synth 8-7129] Port arg_mem_1_read_data[16] in module relu4d_0 is either unconnected or has no load
INFO: [Common 17-14] Message 'Synth 8-7129' appears 100 times and further instances of the messages will be disabled. Use the Tcl command set_msg_config to change the current settings.
---------------------------------------------------------------------------------
Finished Synthesize : Time (s): cpu = 00:00:05 ; elapsed = 00:00:06 . Memory (MB): peak = 2902.430 ; gain = 0.000 ; free physical = 3633 ; free virtual = 22883
---------------------------------------------------------------------------------
---------------------------------------------------------------------------------
Finished Constraint Validation : Time (s): cpu = 00:00:06 ; elapsed = 00:00:06 . Memory (MB): peak = 2902.430 ; gain = 0.000 ; free physical = 3667 ; free virtual = 22916
---------------------------------------------------------------------------------
---------------------------------------------------------------------------------
Start Loading Part and Timing Information
---------------------------------------------------------------------------------
Loading part: xc7z020clg484-1
---------------------------------------------------------------------------------
Finished Loading Part and Timing Information : Time (s): cpu = 00:00:06 ; elapsed = 00:00:06 . Memory (MB): peak = 2910.391 ; gain = 7.961 ; free physical = 3667 ; free virtual = 22916
INFO: [Device 21-403] Loading part xc7z020clg484-1
---------------------------------------------------------------------------------
---------------------------------------------------------------------------------
Finished RTL Optimization Phase 2 : Time (s): cpu = 00:00:15 ; elapsed = 00:00:13 . Memory (MB): peak = 2910.391 ; gain = 7.961 ; free physical = 3655 ; free virtual = 22906
---------------------------------------------------------------------------------
INFO: [Synth 8-223] decloning instance 'forward_instance/relu4d_0_instance/ud' (undef) to 'forward_instance/relu4d_0_instance/ud0'
INFO: [Synth 8-223] decloning instance 'forward_instance/relu4d_0_instance/ud' (undef) to 'forward_instance/relu4d_0_instance/ud1'
INFO: [Synth 8-223] decloning instance 'forward_instance/relu4d_0_instance/invoke2_done' (std_wire) to 'forward_instance/relu4d_0_instance/invoke17_done'
INFO: [Synth 8-223] decloning instance 'forward_instance/relu4d_0_instance/invoke3_done' (std_wire) to 'forward_instance/relu4d_0_instance/invoke16_done'
INFO: [Synth 8-223] decloning instance 'forward_instance/relu4d_0_instance/init_repeat_done' (std_wire) to 'forward_instance/relu4d_0_instance/incr_repeat_done'
INFO: [Synth 8-223] decloning instance 'forward_instance/relu4d_0_instance/init_repeat0_done' (std_wire) to 'forward_instance/relu4d_0_instance/incr_repeat0_done'
INFO: [Synth 8-223] decloning instance 'forward_instance/relu4d_0_instance/init_repeat1_done' (std_wire) to 'forward_instance/relu4d_0_instance/incr_repeat1_done'
INFO: [Synth 8-223] decloning instance 'forward_instance/relu4d_0_instance/early_reset_static_par_thread_done' (std_wire) to 'forward_instance/relu4d_0_instance/early_reset_static_seq_done'
INFO: [Synth 8-223] decloning instance 'forward_instance/relu4d_0_instance/early_reset_static_par_thread_done' (std_wire) to 'forward_instance/relu4d_0_instance/early_reset_static_seq0_done'
INFO: [Synth 8-223] decloning instance 'forward_instance/relu4d_0_instance/wrapper_early_reset_static_par_thread_done' (std_wire) to 'forward_instance/relu4d_0_instance/wrapper_early_reset_static_seq_done'
INFO: [Synth 8-223] decloning instance 'forward_instance/relu4d_0_instance/wrapper_early_reset_static_par_thread_done' (std_wire) to 'forward_instance/relu4d_0_instance/wrapper_early_reset_static_seq0_done'
INFO: [Synth 8-223] decloning instance 'forward_instance/ud' (undef) to 'forward_instance/ud0'
INFO: [Synth 8-223] decloning instance 'forward_instance/ud' (undef) to 'forward_instance/ud1'
INFO: [Synth 8-223] decloning instance 'forward_instance/ud' (undef) to 'forward_instance/ud2'
INFO: [Synth 8-223] decloning instance 'forward_instance/invoke2_done' (std_wire) to 'forward_instance/invoke23_done'
INFO: [Synth 8-223] decloning instance 'forward_instance/invoke3_done' (std_wire) to 'forward_instance/invoke22_done'
INFO: [Synth 8-223] decloning instance 'forward_instance/init_repeat_done' (std_wire) to 'forward_instance/incr_repeat_done'
INFO: [Synth 8-223] decloning instance 'forward_instance/init_repeat0_done' (std_wire) to 'forward_instance/incr_repeat0_done'
INFO: [Synth 8-223] decloning instance 'forward_instance/init_repeat1_done' (std_wire) to 'forward_instance/incr_repeat1_done'
INFO: [Synth 8-223] decloning instance 'forward_instance/early_reset_static_par_thread_done' (std_wire) to 'forward_instance/early_reset_static_seq_done'
INFO: [Synth 8-223] decloning instance 'forward_instance/early_reset_static_par_thread_done' (std_wire) to 'forward_instance/early_reset_static_seq0_done'
INFO: [Synth 8-223] decloning instance 'forward_instance/early_reset_static_par_thread_done' (std_wire) to 'forward_instance/early_reset_static_seq1_done'
INFO: [Synth 8-223] decloning instance 'forward_instance/wrapper_early_reset_static_par_thread_done' (std_wire) to 'forward_instance/wrapper_early_reset_static_seq_done'
INFO: [Synth 8-223] decloning instance 'forward_instance/wrapper_early_reset_static_par_thread_done' (std_wire) to 'forward_instance/wrapper_early_reset_static_seq0_done'
INFO: [Synth 8-223] decloning instance 'forward_instance/wrapper_early_reset_static_par_thread_done' (std_wire) to 'forward_instance/wrapper_early_reset_static_seq1_done'
No constraint files found.
---------------------------------------------------------------------------------
Start RTL Component Statistics 
---------------------------------------------------------------------------------
Detailed RTL Component Info : 
+---Adders : 
	   2 Input   32 Bit       Adders := 2     
	   3 Input   28 Bit       Adders := 1     
	   3 Input   27 Bit       Adders := 1     
	   2 Input   26 Bit       Adders := 2     
	   2 Input   24 Bit       Adders := 4     
	   2 Input   14 Bit       Adders := 1     
	   2 Input   11 Bit       Adders := 1     
	   3 Input   10 Bit       Adders := 2     
	   2 Input    9 Bit       Adders := 4     
	   2 Input    8 Bit       Adders := 1     
	   3 Input    5 Bit       Adders := 1     
	   2 Input    5 Bit       Adders := 1     
	   2 Input    4 Bit       Adders := 9     
	   2 Input    2 Bit       Adders := 2     
+---XORs : 
	   2 Input      9 Bit         XORs := 4     
	   2 Input      1 Bit         XORs := 1     
+---Registers : 
	               64 Bit    Registers := 2     
	               32 Bit    Registers := 1220  
	                5 Bit    Registers := 3     
	                4 Bit    Registers := 6     
	                2 Bit    Registers := 2     
	                1 Bit    Registers := 59    
+---Multipliers : 
	              32x32  Multipliers := 2     
+---Muxes : 
	   2 Input   32 Bit        Muxes := 2425  
	   2 Input   28 Bit        Muxes := 1     
	   2 Input   27 Bit        Muxes := 3     
	   2 Input   26 Bit        Muxes := 4     
	   2 Input   25 Bit        Muxes := 1     
	   2 Input   24 Bit        Muxes := 2     
	   2 Input   23 Bit        Muxes := 10    
	   2 Input   10 Bit        Muxes := 1     
	   2 Input    9 Bit        Muxes := 11    
	   2 Input    8 Bit        Muxes := 2     
	   2 Input    7 Bit        Muxes := 3     
	   2 Input    5 Bit        Muxes := 3     
	  20 Input    5 Bit        Muxes := 1     
	  23 Input    5 Bit        Muxes := 1     
	   2 Input    4 Bit        Muxes := 14    
	   2 Input    3 Bit        Muxes := 9     
	   2 Input    2 Bit        Muxes := 6     
	   2 Input    1 Bit        Muxes := 11    
---------------------------------------------------------------------------------
Finished RTL Component Statistics 
---------------------------------------------------------------------------------
---------------------------------------------------------------------------------
Start Part Resource Summary
---------------------------------------------------------------------------------
Part Resources:
DSPs: 220 (col length:60)
BRAMs: 280 (col length: RAMB18 60 RAMB36 30)
---------------------------------------------------------------------------------
Finished Part Resource Summary
---------------------------------------------------------------------------------
No constraint files found.
---------------------------------------------------------------------------------
Start Cross Boundary and Area Optimization
---------------------------------------------------------------------------------
WARNING: [Synth 8-7080] Parallel synthesis criteria is not met
DSP Report: Generating DSP comp/out0, operation Mode is: A2*B2.
DSP Report: register comp/ltmp_reg is absorbed into DSP comp/out0.
DSP Report: register comp/out0 is absorbed into DSP comp/out0.
DSP Report: operator comp/out0 is absorbed into DSP comp/out0.
DSP Report: operator comp/out0 is absorbed into DSP comp/out0.
DSP Report: Generating DSP comp/out_tmp_reg, operation Mode is: (PCIN>>17)+A2*B2.
DSP Report: register comp/rtmp_reg is absorbed into DSP comp/out_tmp_reg.
DSP Report: register comp/ltmp_reg is absorbed into DSP comp/out_tmp_reg.
DSP Report: register comp/out_tmp_reg is absorbed into DSP comp/out_tmp_reg.
DSP Report: operator comp/out0 is absorbed into DSP comp/out_tmp_reg.
DSP Report: operator comp/out0 is absorbed into DSP comp/out_tmp_reg.
DSP Report: Generating DSP comp/out0, operation Mode is: A2*B2.
DSP Report: register comp/out0 is absorbed into DSP comp/out0.
DSP Report: register comp/out0 is absorbed into DSP comp/out0.
DSP Report: operator comp/out0 is absorbed into DSP comp/out0.
DSP Report: operator comp/out0 is absorbed into DSP comp/out0.
DSP Report: Generating DSP comp/out_tmp_reg, operation Mode is: (PCIN>>17)+A2*B2.
DSP Report: register comp/rtmp_reg is absorbed into DSP comp/out_tmp_reg.
DSP Report: register comp/out_tmp_reg is absorbed into DSP comp/out_tmp_reg.
DSP Report: register comp/out_tmp_reg is absorbed into DSP comp/out_tmp_reg.
DSP Report: operator comp/out0 is absorbed into DSP comp/out_tmp_reg.
DSP Report: operator comp/out0 is absorbed into DSP comp/out_tmp_reg.
DSP Report: Generating DSP forward_instance/std_mult_pipe_8/comp/out0, operation Mode is: A2*B2.
DSP Report: register forward_instance/std_mult_pipe_8/comp/ltmp_reg is absorbed into DSP forward_instance/std_mult_pipe_8/comp/out0.
DSP Report: register forward_instance/std_mult_pipe_8/comp/out0 is absorbed into DSP forward_instance/std_mult_pipe_8/comp/out0.
DSP Report: operator forward_instance/std_mult_pipe_8/comp/out0 is absorbed into DSP forward_instance/std_mult_pipe_8/comp/out0.
DSP Report: operator forward_instance/std_mult_pipe_8/comp/out0 is absorbed into DSP forward_instance/std_mult_pipe_8/comp/out0.
DSP Report: Generating DSP forward_instance/std_mult_pipe_8/comp/out_tmp_reg, operation Mode is: (PCIN>>17)+A2*B2.
DSP Report: register forward_instance/std_mult_pipe_8/comp/rtmp_reg is absorbed into DSP forward_instance/std_mult_pipe_8/comp/out_tmp_reg.
DSP Report: register forward_instance/std_mult_pipe_8/comp/ltmp_reg is absorbed into DSP forward_instance/std_mult_pipe_8/comp/out_tmp_reg.
DSP Report: register forward_instance/std_mult_pipe_8/comp/out_tmp_reg is absorbed into DSP forward_instance/std_mult_pipe_8/comp/out_tmp_reg.
DSP Report: operator forward_instance/std_mult_pipe_8/comp/out0 is absorbed into DSP forward_instance/std_mult_pipe_8/comp/out_tmp_reg.
DSP Report: operator forward_instance/std_mult_pipe_8/comp/out0 is absorbed into DSP forward_instance/std_mult_pipe_8/comp/out_tmp_reg.
DSP Report: Generating DSP forward_instance/std_mult_pipe_8/comp/out0, operation Mode is: A2*B2.
DSP Report: register forward_instance/std_mult_pipe_8/comp/out0 is absorbed into DSP forward_instance/std_mult_pipe_8/comp/out0.
DSP Report: register forward_instance/std_mult_pipe_8/comp/out0 is absorbed into DSP forward_instance/std_mult_pipe_8/comp/out0.
DSP Report: operator forward_instance/std_mult_pipe_8/comp/out0 is absorbed into DSP forward_instance/std_mult_pipe_8/comp/out0.
DSP Report: operator forward_instance/std_mult_pipe_8/comp/out0 is absorbed into DSP forward_instance/std_mult_pipe_8/comp/out0.
DSP Report: Generating DSP forward_instance/std_mult_pipe_8/comp/out_tmp_reg, operation Mode is: (PCIN>>17)+A2*B2.
DSP Report: register forward_instance/std_mult_pipe_8/comp/rtmp_reg is absorbed into DSP forward_instance/std_mult_pipe_8/comp/out_tmp_reg.
DSP Report: register forward_instance/std_mult_pipe_8/comp/out_tmp_reg is absorbed into DSP forward_instance/std_mult_pipe_8/comp/out_tmp_reg.
DSP Report: register forward_instance/std_mult_pipe_8/comp/out_tmp_reg is absorbed into DSP forward_instance/std_mult_pipe_8/comp/out_tmp_reg.
DSP Report: operator forward_instance/std_mult_pipe_8/comp/out0 is absorbed into DSP forward_instance/std_mult_pipe_8/comp/out_tmp_reg.
DSP Report: operator forward_instance/std_mult_pipe_8/comp/out0 is absorbed into DSP forward_instance/std_mult_pipe_8/comp/out_tmp_reg.
WARNING: [Synth 8-3332] Sequential element (std_mult_pipe_5/comp/out_tmp_reg[47]) is unused and will be removed from module relu4d_0.
WARNING: [Synth 8-3332] Sequential element (std_mult_pipe_5/comp/out_tmp_reg[46]) is unused and will be removed from module relu4d_0.
WARNING: [Synth 8-3332] Sequential element (std_mult_pipe_5/comp/out_tmp_reg[45]) is unused and will be removed from module relu4d_0.
WARNING: [Synth 8-3332] Sequential element (std_mult_pipe_5/comp/out_tmp_reg[44]) is unused and will be removed from module relu4d_0.
WARNING: [Synth 8-3332] Sequential element (std_mult_pipe_5/comp/out_tmp_reg[43]) is unused and will be removed from module relu4d_0.
WARNING: [Synth 8-3332] Sequential element (std_mult_pipe_5/comp/out_tmp_reg[42]) is unused and will be removed from module relu4d_0.
WARNING: [Synth 8-3332] Sequential element (std_mult_pipe_5/comp/out_tmp_reg[41]) is unused and will be removed from module relu4d_0.
WARNING: [Synth 8-3332] Sequential element (std_mult_pipe_5/comp/out_tmp_reg[40]) is unused and will be removed from module relu4d_0.
WARNING: [Synth 8-3332] Sequential element (std_mult_pipe_5/comp/out_tmp_reg[39]) is unused and will be removed from module relu4d_0.
WARNING: [Synth 8-3332] Sequential element (std_mult_pipe_5/comp/out_tmp_reg[38]) is unused and will be removed from module relu4d_0.
WARNING: [Synth 8-3332] Sequential element (std_mult_pipe_5/comp/out_tmp_reg[37]) is unused and will be removed from module relu4d_0.
WARNING: [Synth 8-3332] Sequential element (std_mult_pipe_5/comp/out_tmp_reg[36]) is unused and will be removed from module relu4d_0.
WARNING: [Synth 8-3332] Sequential element (std_mult_pipe_5/comp/out_tmp_reg[35]) is unused and will be removed from module relu4d_0.
WARNING: [Synth 8-3332] Sequential element (std_mult_pipe_5/comp/out_tmp_reg[34]) is unused and will be removed from module relu4d_0.
WARNING: [Synth 8-3332] Sequential element (std_mult_pipe_5/comp/out_tmp_reg[33]) is unused and will be removed from module relu4d_0.
WARNING: [Synth 8-3332] Sequential element (std_mult_pipe_5/comp/out_tmp_reg[32]) is unused and will be removed from module relu4d_0.
WARNING: [Synth 8-3332] Sequential element (std_mult_pipe_5/comp/out_tmp_reg[31]) is unused and will be removed from module relu4d_0.
WARNING: [Synth 8-3332] Sequential element (std_mult_pipe_5/comp/out_tmp_reg[30]) is unused and will be removed from module relu4d_0.
WARNING: [Synth 8-3332] Sequential element (std_mult_pipe_5/comp/out_tmp_reg[29]) is unused and will be removed from module relu4d_0.
WARNING: [Synth 8-3332] Sequential element (std_mult_pipe_5/comp/out_tmp_reg[28]) is unused and will be removed from module relu4d_0.
WARNING: [Synth 8-3332] Sequential element (std_mult_pipe_5/comp/out_tmp_reg[27]) is unused and will be removed from module relu4d_0.
WARNING: [Synth 8-3332] Sequential element (std_mult_pipe_5/comp/out_tmp_reg[26]) is unused and will be removed from module relu4d_0.
WARNING: [Synth 8-3332] Sequential element (std_mult_pipe_5/comp/out_tmp_reg[25]) is unused and will be removed from module relu4d_0.
WARNING: [Synth 8-3332] Sequential element (std_mult_pipe_5/comp/out_tmp_reg[24]) is unused and will be removed from module relu4d_0.
WARNING: [Synth 8-3332] Sequential element (std_mult_pipe_5/comp/out_tmp_reg[23]) is unused and will be removed from module relu4d_0.
WARNING: [Synth 8-3332] Sequential element (std_mult_pipe_5/comp/out_tmp_reg[22]) is unused and will be removed from module relu4d_0.
WARNING: [Synth 8-3332] Sequential element (std_mult_pipe_5/comp/out_tmp_reg[21]) is unused and will be removed from module relu4d_0.
WARNING: [Synth 8-3332] Sequential element (std_mult_pipe_5/comp/out_tmp_reg[20]) is unused and will be removed from module relu4d_0.
WARNING: [Synth 8-3332] Sequential element (std_mult_pipe_5/comp/out_tmp_reg[19]) is unused and will be removed from module relu4d_0.
WARNING: [Synth 8-3332] Sequential element (std_mult_pipe_5/comp/out_tmp_reg[18]) is unused and will be removed from module relu4d_0.
WARNING: [Synth 8-3332] Sequential element (std_mult_pipe_5/comp/out_tmp_reg[17]) is unused and will be removed from module relu4d_0.
WARNING: [Synth 8-3332] Sequential element (std_mult_pipe_5/comp/out_tmp_reg[16]) is unused and will be removed from module relu4d_0.
WARNING: [Synth 8-3332] Sequential element (std_mult_pipe_5/comp/out_tmp_reg[15]) is unused and will be removed from module relu4d_0.
WARNING: [Synth 8-3332] Sequential element (std_mult_pipe_5/comp/out_tmp_reg[14]) is unused and will be removed from module relu4d_0.
WARNING: [Synth 8-3332] Sequential element (std_mult_pipe_5/comp/out_tmp_reg[13]) is unused and will be removed from module relu4d_0.
WARNING: [Synth 8-3332] Sequential element (std_mult_pipe_5/comp/out_tmp_reg[12]) is unused and will be removed from module relu4d_0.
WARNING: [Synth 8-3332] Sequential element (std_mult_pipe_5/comp/out_tmp_reg[11]) is unused and will be removed from module relu4d_0.
WARNING: [Synth 8-3332] Sequential element (std_mult_pipe_5/comp/out_tmp_reg[10]) is unused and will be removed from module relu4d_0.
WARNING: [Synth 8-3332] Sequential element (std_mult_pipe_5/comp/out_tmp_reg[9]) is unused and will be removed from module relu4d_0.
WARNING: [Synth 8-3332] Sequential element (std_mult_pipe_5/comp/out_tmp_reg[8]) is unused and will be removed from module relu4d_0.
WARNING: [Synth 8-3332] Sequential element (std_mult_pipe_5/comp/out_tmp_reg[7]) is unused and will be removed from module relu4d_0.
WARNING: [Synth 8-3332] Sequential element (std_mult_pipe_5/comp/out_tmp_reg[6]) is unused and will be removed from module relu4d_0.
WARNING: [Synth 8-3332] Sequential element (std_mult_pipe_5/comp/out_tmp_reg[5]) is unused and will be removed from module relu4d_0.
WARNING: [Synth 8-3332] Sequential element (std_mult_pipe_5/comp/out_tmp_reg[4]) is unused and will be removed from module relu4d_0.
WARNING: [Synth 8-3332] Sequential element (std_mult_pipe_5/comp/out_tmp_reg[3]) is unused and will be removed from module relu4d_0.
WARNING: [Synth 8-3332] Sequential element (std_mult_pipe_5/comp/out_tmp_reg[2]) is unused and will be removed from module relu4d_0.
WARNING: [Synth 8-3332] Sequential element (std_mult_pipe_5/comp/out_tmp_reg[1]) is unused and will be removed from module relu4d_0.
WARNING: [Synth 8-3332] Sequential element (std_mult_pipe_5/comp/out_tmp_reg[0]) is unused and will be removed from module relu4d_0.
WARNING: [Synth 8-3332] Sequential element (std_mult_pipe_5/comp/out_tmp_reg[47]__0) is unused and will be removed from module relu4d_0.
WARNING: [Synth 8-3332] Sequential element (std_mult_pipe_5/comp/out_tmp_reg[46]__0) is unused and will be removed from module relu4d_0.
WARNING: [Synth 8-3332] Sequential element (std_mult_pipe_5/comp/out_tmp_reg[45]__0) is unused and will be removed from module relu4d_0.
WARNING: [Synth 8-3332] Sequential element (std_mult_pipe_5/comp/out_tmp_reg[44]__0) is unused and will be removed from module relu4d_0.
WARNING: [Synth 8-3332] Sequential element (std_mult_pipe_5/comp/out_tmp_reg[43]__0) is unused and will be removed from module relu4d_0.
WARNING: [Synth 8-3332] Sequential element (std_mult_pipe_5/comp/out_tmp_reg[42]__0) is unused and will be removed from module relu4d_0.
WARNING: [Synth 8-3332] Sequential element (std_mult_pipe_5/comp/out_tmp_reg[41]__0) is unused and will be removed from module relu4d_0.
WARNING: [Synth 8-3332] Sequential element (std_mult_pipe_5/comp/out_tmp_reg[40]__0) is unused and will be removed from module relu4d_0.
WARNING: [Synth 8-3332] Sequential element (std_mult_pipe_5/comp/out_tmp_reg[39]__0) is unused and will be removed from module relu4d_0.
WARNING: [Synth 8-3332] Sequential element (std_mult_pipe_5/comp/out_tmp_reg[38]__0) is unused and will be removed from module relu4d_0.
WARNING: [Synth 8-3332] Sequential element (std_mult_pipe_5/comp/out_tmp_reg[37]__0) is unused and will be removed from module relu4d_0.
WARNING: [Synth 8-3332] Sequential element (std_mult_pipe_5/comp/out_tmp_reg[36]__0) is unused and will be removed from module relu4d_0.
WARNING: [Synth 8-3332] Sequential element (std_mult_pipe_5/comp/out_tmp_reg[35]__0) is unused and will be removed from module relu4d_0.
WARNING: [Synth 8-3332] Sequential element (std_mult_pipe_5/comp/out_tmp_reg[34]__0) is unused and will be removed from module relu4d_0.
WARNING: [Synth 8-3332] Sequential element (std_mult_pipe_5/comp/out_tmp_reg[33]__0) is unused and will be removed from module relu4d_0.
WARNING: [Synth 8-3332] Sequential element (std_mult_pipe_5/comp/out_tmp_reg[32]__0) is unused and will be removed from module relu4d_0.
WARNING: [Synth 8-3332] Sequential element (std_mult_pipe_5/comp/out_tmp_reg[31]__0) is unused and will be removed from module relu4d_0.
WARNING: [Synth 8-3332] Sequential element (std_mult_pipe_5/comp/out_tmp_reg[30]__0) is unused and will be removed from module relu4d_0.
WARNING: [Synth 8-3332] Sequential element (std_mult_pipe_5/comp/out_tmp_reg[29]__0) is unused and will be removed from module relu4d_0.
WARNING: [Synth 8-3332] Sequential element (std_mult_pipe_5/comp/out_tmp_reg[28]__0) is unused and will be removed from module relu4d_0.
WARNING: [Synth 8-3332] Sequential element (std_mult_pipe_5/comp/out_tmp_reg[27]__0) is unused and will be removed from module relu4d_0.
WARNING: [Synth 8-3332] Sequential element (std_mult_pipe_5/comp/out_tmp_reg[26]__0) is unused and will be removed from module relu4d_0.
WARNING: [Synth 8-3332] Sequential element (std_mult_pipe_5/comp/out_tmp_reg[25]__0) is unused and will be removed from module relu4d_0.
WARNING: [Synth 8-3332] Sequential element (std_mult_pipe_5/comp/out_tmp_reg[24]__0) is unused and will be removed from module relu4d_0.
WARNING: [Synth 8-3332] Sequential element (std_mult_pipe_5/comp/out_tmp_reg[23]__0) is unused and will be removed from module relu4d_0.
WARNING: [Synth 8-3332] Sequential element (std_mult_pipe_5/comp/out_tmp_reg[22]__0) is unused and will be removed from module relu4d_0.
WARNING: [Synth 8-3332] Sequential element (std_mult_pipe_5/comp/out_tmp_reg[21]__0) is unused and will be removed from module relu4d_0.
WARNING: [Synth 8-3332] Sequential element (std_mult_pipe_5/comp/out_tmp_reg[20]__0) is unused and will be removed from module relu4d_0.
WARNING: [Synth 8-3332] Sequential element (std_mult_pipe_5/comp/out_tmp_reg[19]__0) is unused and will be removed from module relu4d_0.
WARNING: [Synth 8-3332] Sequential element (std_mult_pipe_5/comp/out_tmp_reg[18]__0) is unused and will be removed from module relu4d_0.
WARNING: [Synth 8-3332] Sequential element (std_mult_pipe_5/comp/out_tmp_reg[17]__0) is unused and will be removed from module relu4d_0.
---------------------------------------------------------------------------------
Finished Cross Boundary and Area Optimization : Time (s): cpu = 00:02:25 ; elapsed = 00:02:27 . Memory (MB): peak = 3456.531 ; gain = 554.102 ; free physical = 3411 ; free virtual = 22693
---------------------------------------------------------------------------------
---------------------------------------------------------------------------------
Start ROM, RAM, DSP, Shift Register and Retiming Reporting
---------------------------------------------------------------------------------

DSP: Preliminary Mapping Report (see note below. The ' indicates corresponding REG is set)
+--------------+------------------+--------+--------+--------+--------+--------+------+------+------+------+-------+------+------+
|Module Name   | DSP Mapping      | A Size | B Size | C Size | D Size | P Size | AREG | BREG | CREG | DREG | ADREG | MREG | PREG | 
+--------------+------------------+--------+--------+--------+--------+--------+------+------+------+------+-------+------+------+
|std_mult_pipe | A2*B2            | 18     | 16     | -      | -      | 48     | 1    | 1    | -    | -    | -     | 0    | 0    | 
|std_mult_pipe | (PCIN>>17)+A2*B2 | 16     | 16     | -      | -      | 48     | 1    | 1    | -    | -    | -     | 0    | 1    | 
|std_mult_pipe | A2*B2            | 18     | 18     | -      | -      | 48     | 1    | 1    | -    | -    | -     | 0    | 0    | 
|std_mult_pipe | (PCIN>>17)+A2*B2 | 18     | 16     | -      | -      | 48     | 1    | 1    | -    | -    | -     | 0    | 1    | 
|main          | A2*B2            | 18     | 16     | -      | -      | 48     | 1    | 1    | -    | -    | -     | 0    | 0    | 
|main          | (PCIN>>17)+A2*B2 | 16     | 16     | -      | -      | 48     | 1    | 1    | -    | -    | -     | 0    | 1    | 
|main          | A2*B2            | 18     | 18     | -      | -      | 48     | 1    | 1    | -    | -    | -     | 0    | 0    | 
|main          | (PCIN>>17)+A2*B2 | 18     | 16     | -      | -      | 48     | 1    | 1    | -    | -    | -     | 0    | 1    | 
+--------------+------------------+--------+--------+--------+--------+--------+------+------+------+------+-------+------+------+

Note: The table above is a preliminary report that shows the DSPs inferred at the current stage of the synthesis flow. Some DSP may be reimplemented as non DSP primitives later in the synthesis flow. Multiple instantiated DSPs are reported only once.
---------------------------------------------------------------------------------
Finished ROM, RAM, DSP, Shift Register and Retiming Reporting
---------------------------------------------------------------------------------
No constraint files found.
---------------------------------------------------------------------------------
Start Timing Optimization
---------------------------------------------------------------------------------
---------------------------------------------------------------------------------
Finished Timing Optimization : Time (s): cpu = 00:02:26 ; elapsed = 00:02:28 . Memory (MB): peak = 3456.531 ; gain = 554.102 ; free physical = 3437 ; free virtual = 22719
---------------------------------------------------------------------------------
---------------------------------------------------------------------------------
Start Technology Mapping
---------------------------------------------------------------------------------
---------------------------------------------------------------------------------
Finished Technology Mapping : Time (s): cpu = 00:02:34 ; elapsed = 00:02:37 . Memory (MB): peak = 3456.531 ; gain = 554.102 ; free physical = 3541 ; free virtual = 22822
---------------------------------------------------------------------------------
---------------------------------------------------------------------------------
Start IO Insertion
---------------------------------------------------------------------------------
---------------------------------------------------------------------------------
Start Flattening Before IO Insertion
---------------------------------------------------------------------------------
---------------------------------------------------------------------------------
Finished Flattening Before IO Insertion
---------------------------------------------------------------------------------
---------------------------------------------------------------------------------
Start Final Netlist Cleanup
---------------------------------------------------------------------------------
---------------------------------------------------------------------------------
Finished Final Netlist Cleanup
---------------------------------------------------------------------------------
---------------------------------------------------------------------------------
Finished IO Insertion : Time (s): cpu = 00:02:40 ; elapsed = 00:02:43 . Memory (MB): peak = 3456.531 ; gain = 554.102 ; free physical = 3597 ; free virtual = 22878
---------------------------------------------------------------------------------
---------------------------------------------------------------------------------
Start Renaming Generated Instances
---------------------------------------------------------------------------------
---------------------------------------------------------------------------------
Finished Renaming Generated Instances : Time (s): cpu = 00:02:40 ; elapsed = 00:02:43 . Memory (MB): peak = 3456.531 ; gain = 554.102 ; free physical = 3603 ; free virtual = 22885
---------------------------------------------------------------------------------
---------------------------------------------------------------------------------
Start Rebuilding User Hierarchy
---------------------------------------------------------------------------------
---------------------------------------------------------------------------------
Finished Rebuilding User Hierarchy : Time (s): cpu = 00:02:43 ; elapsed = 00:02:46 . Memory (MB): peak = 3456.531 ; gain = 554.102 ; free physical = 3514 ; free virtual = 22799
---------------------------------------------------------------------------------
---------------------------------------------------------------------------------
Start Renaming Generated Ports
---------------------------------------------------------------------------------
---------------------------------------------------------------------------------
Finished Renaming Generated Ports : Time (s): cpu = 00:02:43 ; elapsed = 00:02:46 . Memory (MB): peak = 3456.531 ; gain = 554.102 ; free physical = 3514 ; free virtual = 22799
---------------------------------------------------------------------------------
---------------------------------------------------------------------------------
Start Handling Custom Attributes
---------------------------------------------------------------------------------
---------------------------------------------------------------------------------
Finished Handling Custom Attributes : Time (s): cpu = 00:02:45 ; elapsed = 00:02:48 . Memory (MB): peak = 3456.531 ; gain = 554.102 ; free physical = 3501 ; free virtual = 22787
---------------------------------------------------------------------------------
---------------------------------------------------------------------------------
Start Renaming Generated Nets
---------------------------------------------------------------------------------
---------------------------------------------------------------------------------
Finished Renaming Generated Nets : Time (s): cpu = 00:02:45 ; elapsed = 00:02:48 . Memory (MB): peak = 3456.531 ; gain = 554.102 ; free physical = 3501 ; free virtual = 22787
---------------------------------------------------------------------------------
---------------------------------------------------------------------------------
Start Writing Synthesis Report
---------------------------------------------------------------------------------

DSP Final Report (the ' indicates corresponding REG is set)
+--------------+-------------+--------+--------+--------+--------+--------+------+------+------+------+-------+------+------+
|Module Name   | DSP Mapping | A Size | B Size | C Size | D Size | P Size | AREG | BREG | CREG | DREG | ADREG | MREG | PREG | 
+--------------+-------------+--------+--------+--------+--------+--------+------+------+------+------+-------+------+------+
|std_mult_pipe | (A'*B')'    | 17     | 9      | -      | -      | 48     | 1    | 1    | -    | -    | -     | 0    | 1    | 
|main          | (A'*B')'    | 17     | 9      | -      | -      | 48     | 1    | 1    | -    | -    | -     | 0    | 1    | 
+--------------+-------------+--------+--------+--------+--------+--------+------+------+------+------+-------+------+------+


Report BlackBoxes: 
+-+--------------+----------+
| |BlackBox name |Instances |
+-+--------------+----------+
+-+--------------+----------+

Report Cell Usage: 
+------+--------+------+
|      |Cell    |Count |
+------+--------+------+
|1     |BUFG    |     1|
|2     |CARRY4  |    88|
|3     |DSP48E1 |     2|
|4     |LUT1    |    46|
|5     |LUT2    |   353|
|6     |LUT3    |  5000|
|7     |LUT4    |   549|
|8     |LUT5    |  5290|
|9     |LUT6    |  8693|
|10    |MUXF7   |  3744|
|11    |MUXF8   |  1728|
|12    |FDRE    | 38934|
|13    |IBUF    |     3|
|14    |OBUF    |     1|
+------+--------+------+

Report Instance Areas: 
+------+-------------------------------+---------------------------+------+
|      |Instance                       |Module                     |Cells |
+------+-------------------------------+---------------------------+------+
|1     |top                            |                           | 64432|
|2     |  forward_instance             |forward                    | 12268|
|3     |    adder                      |std_add__parameterized0    |    13|
|4     |    addf_0_reg                 |std_reg                    |  4833|
|5     |    cond_reg                   |std_reg__parameterized0    |     3|
|6     |    cond_reg0                  |std_reg__parameterized0_3  |     1|
|7     |    cond_reg1                  |std_reg__parameterized0_4  |     1|
|8     |    for_0_induction_var_reg    |std_reg_5                  |    18|
|9     |    for_1_induction_var_reg    |std_reg_6                  |    18|
|10    |    for_2_induction_var_reg    |std_reg_7                  |    18|
|11    |    for_3_induction_var_reg    |std_reg_8                  |    18|
|12    |    fsm                        |std_reg__parameterized1    |    35|
|13    |    fsm0                       |std_reg__parameterized3    |   446|
|14    |    idx                        |std_reg__parameterized1_9  |    10|
|15    |    idx0                       |std_reg__parameterized1_10 |    11|
|16    |    idx1                       |std_reg__parameterized2    |     9|
|17    |    muli_8_reg                 |std_reg_11                 |    17|
|18    |    relu4d_0_instance          |relu4d_0                   |  6205|
|19    |      cmpf_0_reg               |std_reg__parameterized0_13 |    34|
|20    |      compare_port_0_reg       |std_reg__parameterized0_14 |     1|
|21    |      cond_reg                 |std_reg__parameterized0_15 |     1|
|22    |      cond_reg0                |std_reg__parameterized0_16 |     2|
|23    |      cond_reg1                |std_reg__parameterized0_17 |     1|
|24    |      for_0_induction_var_reg  |std_reg_18                 |    18|
|25    |      for_1_induction_var_reg  |std_reg_19                 |    18|
|26    |      for_2_induction_var_reg  |std_reg_20                 |    18|
|27    |      for_3_induction_var_reg  |std_reg_21                 |    18|
|28    |      fsm                      |std_reg__parameterized1_22 |    36|
|29    |      fsm0                     |std_reg__parameterized3_23 |   234|
|30    |      idx                      |std_reg__parameterized1_24 |    10|
|31    |      idx0                     |std_reg__parameterized1_25 |     9|
|32    |      idx1                     |std_reg__parameterized2_26 |     3|
|33    |      muli_5_reg               |std_reg_27                 |    17|
|34    |      signal_reg               |std_reg__parameterized0_28 |     1|
|35    |      std_add_9                |std_add_29                 |  5768|
|36    |      std_compareFN_0          |std_compareFN              |    12|
|37    |        comparator             |compareRecFN               |     5|
|38    |      std_mult_pipe_5          |std_mult_pipe_30           |     1|
|39    |        comp                   |std_fp_mult_pipe_32        |     1|
|40    |      unordered_port_0_reg     |std_reg__parameterized0_31 |     3|
|41    |    signal_reg                 |std_reg__parameterized0_12 |     1|
|42    |    std_addFN_0                |std_addFN                  |   579|
|43    |      adder                    |addRecFN                   |   542|
|44    |        addRecFNToRaw          |addRecFNToRaw              |   428|
|45    |        roundRawOut            |roundRawFNToRecFN          |   114|
|46    |          roundAnyRawFNToRecFN |roundAnyRawFNToRecFN       |   114|
|47    |    std_add_12                 |std_add                    |    24|
|48    |    std_mult_pipe_8            |std_mult_pipe              |     1|
|49    |      comp                     |std_fp_mult_pipe           |     1|
|50    |  mem_0                        |seq_mem_d1                 | 14173|
|51    |  mem_1                        |seq_mem_d1_0               | 14257|
|52    |  mem_2                        |seq_mem_d1_1               |  9602|
|53    |  mem_3                        |seq_mem_d1_2               | 14127|
+------+-------------------------------+---------------------------+------+
---------------------------------------------------------------------------------
Finished Writing Synthesis Report : Time (s): cpu = 00:02:45 ; elapsed = 00:02:48 . Memory (MB): peak = 3456.531 ; gain = 554.102 ; free physical = 3502 ; free virtual = 22787
---------------------------------------------------------------------------------
Synthesis finished with 0 errors, 0 critical warnings and 306 warnings.
Synthesis Optimization Runtime : Time (s): cpu = 00:02:45 ; elapsed = 00:02:48 . Memory (MB): peak = 3456.531 ; gain = 554.102 ; free physical = 3515 ; free virtual = 22800
Synthesis Optimization Complete : Time (s): cpu = 00:02:45 ; elapsed = 00:02:48 . Memory (MB): peak = 3456.539 ; gain = 554.102 ; free physical = 3515 ; free virtual = 22800
INFO: [Project 1-571] Translating synthesized netlist
Netlist sorting complete. Time (s): cpu = 00:00:00.4 ; elapsed = 00:00:00.4 . Memory (MB): peak = 3456.539 ; gain = 0.000 ; free physical = 3554 ; free virtual = 22839
INFO: [Netlist 29-17] Analyzing 5562 Unisim elements for replacement
INFO: [Netlist 29-28] Unisim Transformation completed in 0 CPU seconds
INFO: [Project 1-570] Preparing netlist for logic optimization
INFO: [Opt 31-138] Pushed 0 inverter(s) to 0 load pin(s).
Netlist sorting complete. Time (s): cpu = 00:00:00.01 ; elapsed = 00:00:00.01 . Memory (MB): peak = 3512.559 ; gain = 0.000 ; free physical = 3495 ; free virtual = 22780
INFO: [Project 1-111] Unisim Transformation Summary:
No Unisim elements were transformed.

Synth Design complete, checksum: 3374c95c
INFO: [Common 17-83] Releasing license: Synthesis
123 Infos, 187 Warnings, 0 Critical Warnings and 0 Errors encountered.
synth_design completed successfully
synth_design: Time (s): cpu = 00:02:59 ; elapsed = 00:02:58 . Memory (MB): peak = 3512.559 ; gain = 610.172 ; free physical = 3691 ; free virtual = 22976
# if {[llength [get_ports clk]] > 0} {
#   create_clock -name clk -period 10.000 [get_ports clk]
# } else {
#   puts "WARNING: no port named clk; skipping create_clock"
# }
# if {[llength [get_ports reset]] > 0} {
#   set_false_path -from [get_ports reset]
# }
# report_clocks -file reports/${DESIGN}_clocks.rpt
INFO: [Timing 38-35] Done setting XDC timing constraints.
report_clocks: Time (s): cpu = 00:00:08 ; elapsed = 00:00:07 . Memory (MB): peak = 3576.590 ; gain = 64.031 ; free physical = 3366 ; free virtual = 22649
# write_checkpoint -force reports/${DESIGN}_post_synth.dcp
INFO: [Timing 38-480] Writing timing data to binary archive.
INFO: [Common 17-1381] The checkpoint '/home/mahfuz/vivado_run/reports/relu_post_synth.dcp' has been generated.
# report_utilization -hierarchical -file reports/${DESIGN}_util_synth_hier.rpt
# report_utilization               -file reports/${DESIGN}_util_synth.rpt
# report_timing_summary            -file reports/${DESIGN}_timing_synth.rpt
INFO: [Timing 38-91] UpdateTimingParams: Speed grade: -1, Delay Type: min_max.
INFO: [Timing 38-191] Multithreading enabled for timing update using a maximum of 8 CPUs
# opt_design
Command: opt_design
Attempting to get a license for feature 'Implementation' and/or device 'xc7z020'
INFO: [Common 17-349] Got license for feature 'Implementation' and/or device 'xc7z020'
Running DRC as a precondition to command opt_design

Starting DRC Task
INFO: [DRC 23-27] Running DRC with 8 threads
INFO: [Project 1-461] DRC finished with 0 Errors
INFO: [Project 1-462] Please refer to the DRC report (report_drc) for more information.

Time (s): cpu = 00:00:01 ; elapsed = 00:00:00.59 . Memory (MB): peak = 3679.664 ; gain = 23.035 ; free physical = 3227 ; free virtual = 22519

Starting Cache Timing Information Task
Ending Cache Timing Information Task | Checksum: 8ee125b7

Time (s): cpu = 00:00:00.01 ; elapsed = 00:00:00.02 . Memory (MB): peak = 3679.664 ; gain = 0.000 ; free physical = 3228 ; free virtual = 22519

Starting Logic Optimization Task

Phase 1 Retarget
INFO: [Opt 31-1287] Pulled Inverter forward_instance/fsm/out0_i_2__0 into driver instance forward_instance/fsm/out0_i_25, which resulted in an inversion of 18 pins
INFO: [Opt 31-1287] Pulled Inverter forward_instance/fsm0/out[3]_i_1__7 into driver instance forward_instance/fsm0/out0_i_24__0, which resulted in an inversion of 9 pins
INFO: [Opt 31-1287] Pulled Inverter forward_instance/relu4d_0_instance/fsm/out0_i_1 into driver instance forward_instance/relu4d_0_instance/fsm/out0_i_24, which resulted in an inversion of 18 pins
INFO: [Opt 31-1287] Pulled Inverter forward_instance/relu4d_0_instance/fsm0/out[3]_i_1__3 into driver instance forward_instance/relu4d_0_instance/fsm0/out0_i_25__0, which resulted in an inversion of 10 pins
INFO: [Opt 31-1287] Pulled Inverter mem_1/sDiffExps_carry_i_1 into driver instance mem_1/sDiffExps_carry_i_9, which resulted in an inversion of 7 pins
INFO: [Opt 31-1287] Pulled Inverter mem_1/sDiffExps_carry_i_3 into driver instance mem_1/sDiffExps_carry_i_14, which resulted in an inversion of 8 pins
INFO: [Opt 31-138] Pushed 0 inverter(s) to 0 load pin(s).
INFO: [Opt 31-49] Retargeted 0 cell(s).
Phase 1 Retarget | Checksum: 1bd66abb7

Time (s): cpu = 00:00:03 ; elapsed = 00:00:01 . Memory (MB): peak = 3679.664 ; gain = 0.000 ; free physical = 3083 ; free virtual = 22375
INFO: [Opt 31-389] Phase Retarget created 1 cells and removed 7 cells

Phase 2 Constant propagation
INFO: [Opt 31-138] Pushed 0 inverter(s) to 0 load pin(s).
Phase 2 Constant propagation | Checksum: 1787e50bf

Time (s): cpu = 00:00:03 ; elapsed = 00:00:02 . Memory (MB): peak = 3679.664 ; gain = 0.000 ; free physical = 3083 ; free virtual = 22375
INFO: [Opt 31-389] Phase Constant propagation created 0 cells and removed 0 cells

Phase 3 Sweep
Phase 3 Sweep | Checksum: eb1d12d0

Time (s): cpu = 00:00:09 ; elapsed = 00:00:07 . Memory (MB): peak = 3679.664 ; gain = 0.000 ; free physical = 3135 ; free virtual = 22419
INFO: [Opt 31-389] Phase Sweep created 0 cells and removed 64169 cells

Phase 4 BUFG optimization
Phase 4 BUFG optimization | Checksum: eb1d12d0

Time (s): cpu = 00:00:09 ; elapsed = 00:00:07 . Memory (MB): peak = 3679.664 ; gain = 0.000 ; free physical = 3136 ; free virtual = 22419
INFO: [Opt 31-662] Phase BUFG optimization created 0 cells of which 0 are BUFGs and removed 0 cells.

Phase 5 Shift Register Optimization
INFO: [Opt 31-1064] SRL Remap converted 0 SRLs to 0 registers and converted 0 registers of register chains to 0 SRLs
Phase 5 Shift Register Optimization | Checksum: eb1d12d0

Time (s): cpu = 00:00:09 ; elapsed = 00:00:07 . Memory (MB): peak = 3679.664 ; gain = 0.000 ; free physical = 3136 ; free virtual = 22419
INFO: [Opt 31-389] Phase Shift Register Optimization created 0 cells and removed 0 cells

Phase 6 Post Processing Netlist
Phase 6 Post Processing Netlist | Checksum: eb1d12d0

Time (s): cpu = 00:00:09 ; elapsed = 00:00:07 . Memory (MB): peak = 3679.664 ; gain = 0.000 ; free physical = 3136 ; free virtual = 22419
INFO: [Opt 31-389] Phase Post Processing Netlist created 0 cells and removed 0 cells
Opt_design Change Summary
=========================


-------------------------------------------------------------------------------------------------------------------------
|  Phase                        |  #Cells created  |  #Cells Removed  |  #Constrained objects preventing optimizations  |
-------------------------------------------------------------------------------------------------------------------------
|  Retarget                     |               1  |               7  |                                              0  |
|  Constant propagation         |               0  |               0  |                                              0  |
|  Sweep                        |               0  |           64169  |                                              0  |
|  BUFG optimization            |               0  |               0  |                                              0  |
|  Shift Register Optimization  |               0  |               0  |                                              0  |
|  Post Processing Netlist      |               0  |               0  |                                              0  |
-------------------------------------------------------------------------------------------------------------------------



Starting Connectivity Check Task

Time (s): cpu = 00:00:00.01 ; elapsed = 00:00:00 . Memory (MB): peak = 3679.664 ; gain = 0.000 ; free physical = 3137 ; free virtual = 22421
Ending Logic Optimization Task | Checksum: 089feda4

Time (s): cpu = 00:00:09 ; elapsed = 00:00:07 . Memory (MB): peak = 3679.664 ; gain = 0.000 ; free physical = 3137 ; free virtual = 22421

Starting Power Optimization Task
INFO: [Pwropt 34-132] Skipping clock gating for clocks with a period < 2.00 ns.
Ending Power Optimization Task | Checksum: 089feda4

Time (s): cpu = 00:00:00 ; elapsed = 00:00:00.01 . Memory (MB): peak = 3679.664 ; gain = 0.000 ; free physical = 3328 ; free virtual = 22611

Starting Final Cleanup Task
Ending Final Cleanup Task | Checksum: 089feda4

Time (s): cpu = 00:00:00 ; elapsed = 00:00:00 . Memory (MB): peak = 3679.664 ; gain = 0.000 ; free physical = 3328 ; free virtual = 22611

Starting Netlist Obfuscation Task
Netlist sorting complete. Time (s): cpu = 00:00:00 ; elapsed = 00:00:00 . Memory (MB): peak = 3679.664 ; gain = 0.000 ; free physical = 3328 ; free virtual = 22611
Ending Netlist Obfuscation Task | Checksum: 089feda4

Time (s): cpu = 00:00:00 ; elapsed = 00:00:00 . Memory (MB): peak = 3679.664 ; gain = 0.000 ; free physical = 3328 ; free virtual = 22611
INFO: [Common 17-83] Releasing license: Implementation
22 Infos, 0 Warnings, 0 Critical Warnings and 0 Errors encountered.
opt_design completed successfully
opt_design: Time (s): cpu = 00:00:12 ; elapsed = 00:00:09 . Memory (MB): peak = 3679.664 ; gain = 23.035 ; free physical = 3328 ; free virtual = 22611
# place_design
Command: place_design
Attempting to get a license for feature 'Implementation' and/or device 'xc7z020'
INFO: [Common 17-349] Got license for feature 'Implementation' and/or device 'xc7z020'
INFO: [Timing 38-35] Done setting XDC timing constraints.
INFO: [DRC 23-27] Running DRC with 8 threads
INFO: [Vivado_Tcl 4-198] DRC finished with 0 Errors
INFO: [Vivado_Tcl 4-199] Please refer to the DRC report (report_drc) for more information.
Running DRC as a precondition to command place_design
INFO: [DRC 23-27] Running DRC with 8 threads
INFO: [Vivado_Tcl 4-198] DRC finished with 0 Errors
INFO: [Vivado_Tcl 4-199] Please refer to the DRC report (report_drc) for more information.

Starting Placer Task
INFO: [Place 30-611] Multithreading enabled for place_design using a maximum of 8 CPUs

Phase 1 Placer Initialization

Phase 1.1 Placer Initialization Netlist Sorting
Netlist sorting complete. Time (s): cpu = 00:00:00 ; elapsed = 00:00:00 . Memory (MB): peak = 3679.664 ; gain = 0.000 ; free physical = 3310 ; free virtual = 22594
Phase 1.1 Placer Initialization Netlist Sorting | Checksum: 02bf3091

Time (s): cpu = 00:00:00 ; elapsed = 00:00:00.01 . Memory (MB): peak = 3679.664 ; gain = 0.000 ; free physical = 3310 ; free virtual = 22594
Netlist sorting complete. Time (s): cpu = 00:00:00 ; elapsed = 00:00:00 . Memory (MB): peak = 3679.664 ; gain = 0.000 ; free physical = 3310 ; free virtual = 22594

Phase 1.2 IO Placement/ Clock Placement/ Build Placer Device
Phase 1.2 IO Placement/ Clock Placement/ Build Placer Device | Checksum: dcd05067

Time (s): cpu = 00:00:00.37 ; elapsed = 00:00:00.16 . Memory (MB): peak = 3679.664 ; gain = 0.000 ; free physical = 3337 ; free virtual = 22620

Phase 1.3 Build Placer Netlist Model
Phase 1.3 Build Placer Netlist Model | Checksum: 17f6380fa

Time (s): cpu = 00:00:00.6 ; elapsed = 00:00:00.23 . Memory (MB): peak = 3679.664 ; gain = 0.000 ; free physical = 3344 ; free virtual = 22628

Phase 1.4 Constrain Clocks/Macros
Phase 1.4 Constrain Clocks/Macros | Checksum: 17f6380fa

Time (s): cpu = 00:00:00.61 ; elapsed = 00:00:00.23 . Memory (MB): peak = 3679.664 ; gain = 0.000 ; free physical = 3344 ; free virtual = 22628
Phase 1 Placer Initialization | Checksum: 17f6380fa

Time (s): cpu = 00:00:00.62 ; elapsed = 00:00:00.24 . Memory (MB): peak = 3679.664 ; gain = 0.000 ; free physical = 3344 ; free virtual = 22628

Phase 2 Global Placement

Phase 2.1 Floorplanning
Phase 2.1 Floorplanning | Checksum: 19d8f6a75

Time (s): cpu = 00:00:00.76 ; elapsed = 00:00:00.27 . Memory (MB): peak = 3679.664 ; gain = 0.000 ; free physical = 3372 ; free virtual = 22656

Phase 2.2 Update Timing before SLR Path Opt
Phase 2.2 Update Timing before SLR Path Opt | Checksum: 10871ec4e

Time (s): cpu = 00:00:00.85 ; elapsed = 00:00:00.28 . Memory (MB): peak = 3679.664 ; gain = 0.000 ; free physical = 3373 ; free virtual = 22657

Phase 2.3 Post-Processing in Floorplanning
Phase 2.3 Post-Processing in Floorplanning | Checksum: 10871ec4e

Time (s): cpu = 00:00:00.86 ; elapsed = 00:00:00.29 . Memory (MB): peak = 3679.664 ; gain = 0.000 ; free physical = 3373 ; free virtual = 22657

Phase 2.4 Global Placement Core

Phase 2.4.1 Physical Synthesis In Placer
INFO: [Physopt 32-1035] Found 0 LUTNM shape to break, 12 LUT instances to create LUTNM shape
INFO: [Physopt 32-1044] Break lutnm for timing: one critical 0, two critical 0, total 0, new lutff created 0
INFO: [Physopt 32-1138] End 1 Pass. Optimized 5 nets or LUTs. Breaked 0 LUT, combined 5 existing LUTs and moved 0 existing LUT
INFO: [Physopt 32-65] No nets found for high-fanout optimization.
INFO: [Physopt 32-232] Optimized 0 net. Created 0 new instance.
INFO: [Physopt 32-775] End 1 Pass. Optimized 0 net or cell. Created 0 new cell, deleted 0 existing cell and moved 0 existing cell
INFO: [Physopt 32-670] No setup violation found.  DSP Register Optimization was not performed.
INFO: [Physopt 32-670] No setup violation found.  Shift Register to Pipeline Optimization was not performed.
INFO: [Physopt 32-670] No setup violation found.  Shift Register Optimization was not performed.
INFO: [Physopt 32-670] No setup violation found.  BRAM Register Optimization was not performed.
INFO: [Physopt 32-670] No setup violation found.  URAM Register Optimization was not performed.
INFO: [Physopt 32-949] No candidate nets found for dynamic/static region interface net replication
INFO: [Physopt 32-775] End 1 Pass. Optimized 0 net or cell. Created 0 new cell, deleted 0 existing cell and moved 0 existing cell
Netlist sorting complete. Time (s): cpu = 00:00:00 ; elapsed = 00:00:00 . Memory (MB): peak = 3679.664 ; gain = 0.000 ; free physical = 3473 ; free virtual = 22755

Summary of Physical Synthesis Optimizations
============================================


-----------------------------------------------------------------------------------------------------------------------------------------------------------
|  Optimization                                     |  Added Cells  |  Removed Cells  |  Optimized Cells/Nets  |  Dont Touch  |  Iterations  |  Elapsed   |
-----------------------------------------------------------------------------------------------------------------------------------------------------------
|  LUT Combining                                    |            0  |              5  |                     5  |           0  |           1  |  00:00:00  |
|  Retime                                           |            0  |              0  |                     0  |           0  |           1  |  00:00:00  |
|  Very High Fanout                                 |            0  |              0  |                     0  |           0  |           1  |  00:00:00  |
|  DSP Register                                     |            0  |              0  |                     0  |           0  |           0  |  00:00:00  |
|  Shift Register to Pipeline                       |            0  |              0  |                     0  |           0  |           0  |  00:00:00  |
|  Shift Register                                   |            0  |              0  |                     0  |           0  |           0  |  00:00:00  |
|  BRAM Register                                    |            0  |              0  |                     0  |           0  |           0  |  00:00:00  |
|  URAM Register                                    |            0  |              0  |                     0  |           0  |           0  |  00:00:00  |
|  Dynamic/Static Region Interface Net Replication  |            0  |              0  |                     0  |           0  |           1  |  00:00:00  |
|  Total                                            |            0  |              5  |                     5  |           0  |           4  |  00:00:00  |
-----------------------------------------------------------------------------------------------------------------------------------------------------------


Phase 2.4.1 Physical Synthesis In Placer | Checksum: 1e7f9df4d

Time (s): cpu = 00:00:03 ; elapsed = 00:00:01 . Memory (MB): peak = 3679.664 ; gain = 0.000 ; free physical = 3473 ; free virtual = 22755
Phase 2.4 Global Placement Core | Checksum: 1d80933e0

Time (s): cpu = 00:00:04 ; elapsed = 00:00:01 . Memory (MB): peak = 3679.664 ; gain = 0.000 ; free physical = 3472 ; free virtual = 22754
Phase 2 Global Placement | Checksum: 1d80933e0

Time (s): cpu = 00:00:04 ; elapsed = 00:00:01 . Memory (MB): peak = 3679.664 ; gain = 0.000 ; free physical = 3472 ; free virtual = 22754

Phase 3 Detail Placement

Phase 3.1 Commit Multi Column Macros
Phase 3.1 Commit Multi Column Macros | Checksum: 16196a4f4

Time (s): cpu = 00:00:04 ; elapsed = 00:00:01 . Memory (MB): peak = 3679.664 ; gain = 0.000 ; free physical = 3472 ; free virtual = 22754

Phase 3.2 Commit Most Macros & LUTRAMs
Phase 3.2 Commit Most Macros & LUTRAMs | Checksum: 1c9a71aba

Time (s): cpu = 00:00:04 ; elapsed = 00:00:01 . Memory (MB): peak = 3679.664 ; gain = 0.000 ; free physical = 3472 ; free virtual = 22753

Phase 3.3 Area Swap Optimization
Phase 3.3 Area Swap Optimization | Checksum: 1b244849d

Time (s): cpu = 00:00:04 ; elapsed = 00:00:01 . Memory (MB): peak = 3679.664 ; gain = 0.000 ; free physical = 3472 ; free virtual = 22753

Phase 3.4 Pipeline Register Optimization
Phase 3.4 Pipeline Register Optimization | Checksum: 1c93965e3

Time (s): cpu = 00:00:04 ; elapsed = 00:00:01 . Memory (MB): peak = 3679.664 ; gain = 0.000 ; free physical = 3472 ; free virtual = 22753

Phase 3.5 Small Shape Detail Placement
Phase 3.5 Small Shape Detail Placement | Checksum: de20858d

Time (s): cpu = 00:00:04 ; elapsed = 00:00:01 . Memory (MB): peak = 3679.664 ; gain = 0.000 ; free physical = 3470 ; free virtual = 22752

Phase 3.6 Re-assign LUT pins
Phase 3.6 Re-assign LUT pins | Checksum: 15380254c

Time (s): cpu = 00:00:04 ; elapsed = 00:00:01 . Memory (MB): peak = 3679.664 ; gain = 0.000 ; free physical = 3470 ; free virtual = 22752

Phase 3.7 Pipeline Register Optimization
Phase 3.7 Pipeline Register Optimization | Checksum: 16c773ffe

Time (s): cpu = 00:00:04 ; elapsed = 00:00:01 . Memory (MB): peak = 3679.664 ; gain = 0.000 ; free physical = 3470 ; free virtual = 22752
Phase 3 Detail Placement | Checksum: 16c773ffe

Time (s): cpu = 00:00:04 ; elapsed = 00:00:01 . Memory (MB): peak = 3679.664 ; gain = 0.000 ; free physical = 3470 ; free virtual = 22752

Phase 4 Post Placement Optimization and Clean-Up

Phase 4.1 Post Commit Optimization
INFO: [Timing 38-35] Done setting XDC timing constraints.

Phase 4.1.1 Post Placement Optimization
Post Placement Optimization Initialization | Checksum: 14ba54b0f

Phase 4.1.1.1 BUFG Insertion

Starting Physical Synthesis Task

Phase 1 Physical Synthesis Initialization
INFO: [Physopt 32-721] Multithreading enabled for phys_opt_design using a maximum of 8 CPUs
INFO: [Physopt 32-619] Estimated Timing Summary | WNS=2.503 | TNS=0.000 |
Phase 1 Physical Synthesis Initialization | Checksum: 76f95a76

Time (s): cpu = 00:00:00.05 ; elapsed = 00:00:00.01 . Memory (MB): peak = 3679.664 ; gain = 0.000 ; free physical = 3470 ; free virtual = 22752
INFO: [Place 46-56] BUFG insertion identified 0 candidate nets. Inserted BUFG: 0, Replicated BUFG Driver: 0, Skipped due to Placement/Routing Conflicts: 0, Skipped due to Timing Degradation: 0, Skipped due to Illegal Netlist: 0.
Ending Physical Synthesis Task | Checksum: 13a39c2ac

Time (s): cpu = 00:00:00.05 ; elapsed = 00:00:00.02 . Memory (MB): peak = 3679.664 ; gain = 0.000 ; free physical = 3470 ; free virtual = 22752
Phase 4.1.1.1 BUFG Insertion | Checksum: 14ba54b0f

Time (s): cpu = 00:00:05 ; elapsed = 00:00:01 . Memory (MB): peak = 3679.664 ; gain = 0.000 ; free physical = 3470 ; free virtual = 22752

Phase 4.1.1.2 Post Placement Timing Optimization
INFO: [Place 30-746] Post Placement Timing Summary WNS=2.503. For the most accurate timing information please run report_timing.
Phase 4.1.1.2 Post Placement Timing Optimization | Checksum: 143f94d54

Time (s): cpu = 00:00:05 ; elapsed = 00:00:01 . Memory (MB): peak = 3679.664 ; gain = 0.000 ; free physical = 3470 ; free virtual = 22752

Time (s): cpu = 00:00:05 ; elapsed = 00:00:01 . Memory (MB): peak = 3679.664 ; gain = 0.000 ; free physical = 3470 ; free virtual = 22752
Phase 4.1 Post Commit Optimization | Checksum: 143f94d54

Time (s): cpu = 00:00:05 ; elapsed = 00:00:01 . Memory (MB): peak = 3679.664 ; gain = 0.000 ; free physical = 3470 ; free virtual = 22752

Phase 4.2 Post Placement Cleanup
Phase 4.2 Post Placement Cleanup | Checksum: 143f94d54

Time (s): cpu = 00:00:05 ; elapsed = 00:00:01 . Memory (MB): peak = 3679.664 ; gain = 0.000 ; free physical = 3470 ; free virtual = 22752

Phase 4.3 Placer Reporting

Phase 4.3.1 Print Estimated Congestion
INFO: [Place 30-612] Post-Placement Estimated Congestion 
 ____________________________________________________
|           | Global Congestion | Short Congestion  |
| Direction | Region Size       | Region Size       |
|___________|___________________|___________________|
|      North|                1x1|                1x1|
|___________|___________________|___________________|
|      South|                1x1|                1x1|
|___________|___________________|___________________|
|       East|                1x1|                1x1|
|___________|___________________|___________________|
|       West|                1x1|                1x1|
|___________|___________________|___________________|

Phase 4.3.1 Print Estimated Congestion | Checksum: 143f94d54

Time (s): cpu = 00:00:05 ; elapsed = 00:00:01 . Memory (MB): peak = 3679.664 ; gain = 0.000 ; free physical = 3470 ; free virtual = 22752
Phase 4.3 Placer Reporting | Checksum: 143f94d54

Time (s): cpu = 00:00:05 ; elapsed = 00:00:01 . Memory (MB): peak = 3679.664 ; gain = 0.000 ; free physical = 3470 ; free virtual = 22752

Phase 4.4 Final Placement Cleanup
Netlist sorting complete. Time (s): cpu = 00:00:00 ; elapsed = 00:00:00 . Memory (MB): peak = 3679.664 ; gain = 0.000 ; free physical = 3470 ; free virtual = 22752

Time (s): cpu = 00:00:05 ; elapsed = 00:00:01 . Memory (MB): peak = 3679.664 ; gain = 0.000 ; free physical = 3470 ; free virtual = 22752
Phase 4 Post Placement Optimization and Clean-Up | Checksum: 133920009

Time (s): cpu = 00:00:05 ; elapsed = 00:00:01 . Memory (MB): peak = 3679.664 ; gain = 0.000 ; free physical = 3470 ; free virtual = 22752
Ending Placer Task | Checksum: 123f1b84e

Time (s): cpu = 00:00:05 ; elapsed = 00:00:01 . Memory (MB): peak = 3679.664 ; gain = 0.000 ; free physical = 3470 ; free virtual = 22752
INFO: [Common 17-83] Releasing license: Implementation
29 Infos, 0 Warnings, 0 Critical Warnings and 0 Errors encountered.
place_design completed successfully
# route_design
Command: route_design
Attempting to get a license for feature 'Implementation' and/or device 'xc7z020'
INFO: [Common 17-349] Got license for feature 'Implementation' and/or device 'xc7z020'
Running DRC as a precondition to command route_design
INFO: [DRC 23-27] Running DRC with 8 threads
INFO: [Vivado_Tcl 4-198] DRC finished with 0 Errors
INFO: [Vivado_Tcl 4-199] Please refer to the DRC report (report_drc) for more information.


Starting Routing Task
INFO: [Route 35-254] Multithreading enabled for route_design using a maximum of 8 CPUs

Phase 1 Build RT Design
Checksum: PlaceDB: da8cadac ConstDB: 0 ShapeSum: 49650aa2 RouteDB: 0
Post Restoration Checksum: NetGraph: 308078 NumContArr: 4d0a8056 Constraints: 0 Timing: 0
Phase 1 Build RT Design | Checksum: 4d3b00ce

Time (s): cpu = 00:00:19 ; elapsed = 00:00:16 . Memory (MB): peak = 3679.664 ; gain = 0.000 ; free physical = 3378 ; free virtual = 22658

Phase 2 Router Initialization

Phase 2.1 Fix Topology Constraints
Phase 2.1 Fix Topology Constraints | Checksum: 4d3b00ce

Time (s): cpu = 00:00:19 ; elapsed = 00:00:16 . Memory (MB): peak = 3679.664 ; gain = 0.000 ; free physical = 3339 ; free virtual = 22620

Phase 2.2 Pre Route Cleanup
Phase 2.2 Pre Route Cleanup | Checksum: 4d3b00ce

Time (s): cpu = 00:00:19 ; elapsed = 00:00:16 . Memory (MB): peak = 3679.664 ; gain = 0.000 ; free physical = 3339 ; free virtual = 22620
 Number of Nodes with overlaps = 0

Phase 2.3 Update Timing
Phase 2.3 Update Timing | Checksum: 1826d43a2

Time (s): cpu = 00:00:19 ; elapsed = 00:00:16 . Memory (MB): peak = 3679.664 ; gain = 0.000 ; free physical = 3324 ; free virtual = 22604
INFO: [Route 35-416] Intermediate Timing Summary | WNS=2.620  | TNS=0.000  | WHS=-0.082 | THS=-1.685 |


Router Utilization Summary
  Global Vertical Routing Utilization    = 0 %
  Global Horizontal Routing Utilization  = 0 %
  Routable Net Status*
  *Does not include unroutable nets such as driverless and loadless.
  Run report_route_status for detailed report.
  Number of Failed Nets               = 208
    (Failed Nets is the sum of unrouted and partially routed nets)
  Number of Unrouted Nets             = 208
  Number of Partially Routed Nets     = 0
  Number of Node Overlaps             = 0

Phase 2 Router Initialization | Checksum: 1867df191

Time (s): cpu = 00:00:19 ; elapsed = 00:00:17 . Memory (MB): peak = 3679.664 ; gain = 0.000 ; free physical = 3320 ; free virtual = 22600

Phase 3 Initial Routing

Phase 3.1 Global Routing
Phase 3.1 Global Routing | Checksum: 1867df191

Time (s): cpu = 00:00:19 ; elapsed = 00:00:17 . Memory (MB): peak = 3679.664 ; gain = 0.000 ; free physical = 3320 ; free virtual = 22600
Phase 3 Initial Routing | Checksum: 16b05c47c

Time (s): cpu = 00:00:20 ; elapsed = 00:00:17 . Memory (MB): peak = 3679.664 ; gain = 0.000 ; free physical = 3325 ; free virtual = 22606

Phase 4 Rip-up And Reroute

Phase 4.1 Global Iteration 0
 Number of Nodes with overlaps = 35
 Number of Nodes with overlaps = 4
 Number of Nodes with overlaps = 2
 Number of Nodes with overlaps = 2
 Number of Nodes with overlaps = 2
 Number of Nodes with overlaps = 0
INFO: [Route 35-416] Intermediate Timing Summary | WNS=2.844  | TNS=0.000  | WHS=N/A    | THS=N/A    |

Phase 4.1 Global Iteration 0 | Checksum: 1215289fb

Time (s): cpu = 00:00:20 ; elapsed = 00:00:17 . Memory (MB): peak = 3679.664 ; gain = 0.000 ; free physical = 3327 ; free virtual = 22608
Phase 4 Rip-up And Reroute | Checksum: 1215289fb

Time (s): cpu = 00:00:20 ; elapsed = 00:00:17 . Memory (MB): peak = 3679.664 ; gain = 0.000 ; free physical = 3327 ; free virtual = 22608

Phase 5 Delay and Skew Optimization

Phase 5.1 Delay CleanUp

Phase 5.1.1 Update Timing
Phase 5.1.1 Update Timing | Checksum: d5e2b7bb

Time (s): cpu = 00:00:20 ; elapsed = 00:00:17 . Memory (MB): peak = 3679.664 ; gain = 0.000 ; free physical = 3327 ; free virtual = 22608
INFO: [Route 35-416] Intermediate Timing Summary | WNS=2.959  | TNS=0.000  | WHS=N/A    | THS=N/A    |

Phase 5.1 Delay CleanUp | Checksum: d5e2b7bb

Time (s): cpu = 00:00:20 ; elapsed = 00:00:17 . Memory (MB): peak = 3679.664 ; gain = 0.000 ; free physical = 3327 ; free virtual = 22608

Phase 5.2 Clock Skew Optimization
Phase 5.2 Clock Skew Optimization | Checksum: d5e2b7bb

Time (s): cpu = 00:00:20 ; elapsed = 00:00:17 . Memory (MB): peak = 3679.664 ; gain = 0.000 ; free physical = 3327 ; free virtual = 22608
Phase 5 Delay and Skew Optimization | Checksum: d5e2b7bb

Time (s): cpu = 00:00:20 ; elapsed = 00:00:17 . Memory (MB): peak = 3679.664 ; gain = 0.000 ; free physical = 3327 ; free virtual = 22608

Phase 6 Post Hold Fix

Phase 6.1 Hold Fix Iter

Phase 6.1.1 Update Timing
Phase 6.1.1 Update Timing | Checksum: ef336c71

Time (s): cpu = 00:00:20 ; elapsed = 00:00:17 . Memory (MB): peak = 3679.664 ; gain = 0.000 ; free physical = 3327 ; free virtual = 22608
INFO: [Route 35-416] Intermediate Timing Summary | WNS=2.959  | TNS=0.000  | WHS=0.160  | THS=0.000  |

Phase 6.1 Hold Fix Iter | Checksum: e11d21bd

Time (s): cpu = 00:00:20 ; elapsed = 00:00:17 . Memory (MB): peak = 3679.664 ; gain = 0.000 ; free physical = 3327 ; free virtual = 22608
Phase 6 Post Hold Fix | Checksum: e11d21bd

Time (s): cpu = 00:00:20 ; elapsed = 00:00:17 . Memory (MB): peak = 3679.664 ; gain = 0.000 ; free physical = 3327 ; free virtual = 22608

Phase 7 Route finalize

Router Utilization Summary
  Global Vertical Routing Utilization    = 0.0207621 %
  Global Horizontal Routing Utilization  = 0.0243408 %
  Routable Net Status*
  *Does not include unroutable nets such as driverless and loadless.
  Run report_route_status for detailed report.
  Number of Failed Nets               = 0
    (Failed Nets is the sum of unrouted and partially routed nets)
  Number of Unrouted Nets             = 0
  Number of Partially Routed Nets     = 0
  Number of Node Overlaps             = 0

Phase 7 Route finalize | Checksum: 146f9e4a3

Time (s): cpu = 00:00:20 ; elapsed = 00:00:17 . Memory (MB): peak = 3679.664 ; gain = 0.000 ; free physical = 3327 ; free virtual = 22608

Phase 8 Verifying routed nets

 Verification completed successfully
Phase 8 Verifying routed nets | Checksum: 146f9e4a3

Time (s): cpu = 00:00:20 ; elapsed = 00:00:17 . Memory (MB): peak = 3679.664 ; gain = 0.000 ; free physical = 3327 ; free virtual = 22608

Phase 9 Depositing Routes
Phase 9 Depositing Routes | Checksum: 10be9181f

Time (s): cpu = 00:00:20 ; elapsed = 00:00:17 . Memory (MB): peak = 3679.664 ; gain = 0.000 ; free physical = 3327 ; free virtual = 22608

Phase 10 Post Router Timing
INFO: [Route 35-57] Estimated Timing Summary | WNS=2.959  | TNS=0.000  | WHS=0.160  | THS=0.000  |

INFO: [Route 35-327] The final timing numbers are based on the router estimated timing analysis. For a complete and accurate timing signoff, please run report_timing_summary.
Phase 10 Post Router Timing | Checksum: 10be9181f

Time (s): cpu = 00:00:20 ; elapsed = 00:00:17 . Memory (MB): peak = 3679.664 ; gain = 0.000 ; free physical = 3327 ; free virtual = 22608
INFO: [Route 35-16] Router Completed Successfully

Time (s): cpu = 00:00:20 ; elapsed = 00:00:17 . Memory (MB): peak = 3679.664 ; gain = 0.000 ; free physical = 3359 ; free virtual = 22639

Routing Is Done.
INFO: [Common 17-83] Releasing license: Implementation
13 Infos, 0 Warnings, 0 Critical Warnings and 0 Errors encountered.
route_design completed successfully
route_design: Time (s): cpu = 00:00:21 ; elapsed = 00:00:17 . Memory (MB): peak = 3679.664 ; gain = 0.000 ; free physical = 3359 ; free virtual = 22639
# write_checkpoint -force reports/${DESIGN}_post_route.dcp
INFO: [Timing 38-480] Writing timing data to binary archive.
Writing XDEF routing.
Writing XDEF routing logical nets.
Writing XDEF routing special nets.
Write XDEF Complete: Time (s): cpu = 00:00:00.42 ; elapsed = 00:00:00.1 . Memory (MB): peak = 3679.664 ; gain = 0.000 ; free physical = 3359 ; free virtual = 22641
INFO: [Common 17-1381] The checkpoint '/home/mahfuz/vivado_run/reports/relu_post_route.dcp' has been generated.
# report_utilization -hierarchical -file reports/${DESIGN}_util_route_hier.rpt
# report_utilization               -file reports/${DESIGN}_util_route.rpt
# report_timing_summary            -file reports/${DESIGN}_timing_route.rpt
INFO: [Timing 38-91] UpdateTimingParams: Speed grade: -1, Delay Type: min_max.
INFO: [Timing 38-191] Multithreading enabled for timing update using a maximum of 8 CPUs
# report_power                     -file reports/${DESIGN}_power_route_est.rpt
Command: report_power -file reports/relu_power_route_est.rpt
Running Vector-less Activity Propagation...

Finished Running Vector-less Activity Propagation
0 Infos, 0 Warnings, 0 Critical Warnings and 0 Errors encountered.
report_power completed successfully
# quit
INFO: [Common 17-206] Exiting Vivado at Fri Feb  6 07:42:19 2026...
