Copyright 1986-2022 Xilinx, Inc. All Rights Reserved.
------------------------------------------------------------------------------------
| Tool Version : Vivado v.2022.1 (lin64) Build 3526262 Mon Apr 18 15:47:01 MDT 2022
| Date         : Fri Feb  6 07:42:19 2026
| Host         : dell-PT-3620 running 64-bit Ubuntu 22.04.5 LTS
| Command      : report_timing_summary -file reports/relu_timing_route.rpt
| Design       : main
| Device       : 7z020-clg484
| Speed File   : -1  PRODUCTION 1.12 2019-11-22
------------------------------------------------------------------------------------

Timing Summary Report

------------------------------------------------------------------------------------------------
| Timer Settings
| --------------
------------------------------------------------------------------------------------------------

  Enable Multi Corner Analysis               :  Yes
  Enable Pessimism Removal                   :  Yes
  Pessimism Removal Resolution               :  Nearest Common Node
  Enable Input Delay Default Clock           :  No
  Enable Preset / Clear Arcs                 :  No
  Disable Flight Delays                      :  No
  Ignore I/O Paths                           :  No
  Timing Early Launch at Borrowing Latches   :  No
  Borrow Time for Max Delay Exceptions       :  Yes
  Merge Timing Exceptions                    :  Yes

  Corner  Analyze    Analyze    
  Name    Max Paths  Min Paths  
  ------  ---------  ---------  
  Slow    Yes        Yes        
  Fast    Yes        Yes        


------------------------------------------------------------------------------------------------
| Report Methodology
| ------------------
------------------------------------------------------------------------------------------------

No report available as report_methodology has not been run prior. Run report_methodology on the current design for the summary of methodology violations.



check_timing report

Table of Contents
-----------------
1. checking no_clock (0)
2. checking constant_clock (0)
3. checking pulse_width_clock (0)
4. checking unconstrained_internal_endpoints (0)
5. checking no_input_delay (2)
6. checking no_output_delay (1)
7. checking multiple_clock (0)
8. checking generated_clocks (0)
9. checking loops (0)
10. checking partial_input_delay (0)
11. checking partial_output_delay (0)
12. checking latch_loops (0)

1. checking no_clock (0)
------------------------
 There are 0 register/latch pins with no clock.


2. checking constant_clock (0)
------------------------------
 There are 0 register/latch pins with constant_clock.


3. checking pulse_width_clock (0)
---------------------------------
 There are 0 register/latch pins which need pulse_width check


4. checking unconstrained_internal_endpoints (0)
------------------------------------------------
 There are 0 pins that are not constrained for maximum delay.

 There are 0 pins that are not constrained for maximum delay due to constant clock.


5. checking no_input_delay (2)
------------------------------
 There is 1 input port with no input delay specified. (HIGH)

 There is 1 input port with no input delay but user has a false path constraint. (MEDIUM)


6. checking no_output_delay (1)
-------------------------------
 There is 1 port with no output delay specified. (HIGH)

 There are 0 ports with no output delay but user has a false path constraint

 There are 0 ports with no output delay but with a timing clock defined on it or propagating through it


7. checking multiple_clock (0)
------------------------------
 There are 0 register/latch pins with multiple clocks.


8. checking generated_clocks (0)
--------------------------------
 There are 0 generated clocks that are not connected to a clock source.


9. checking loops (0)
---------------------
 There are 0 combinational loops in the design.


10. checking partial_input_delay (0)
------------------------------------
 There are 0 input ports with partial input delay specified.


11. checking partial_output_delay (0)
-------------------------------------
 There are 0 ports with partial output delay specified.


12. checking latch_loops (0)
----------------------------
 There are 0 combinational latch loops in the design through latch input



------------------------------------------------------------------------------------------------
| Design Timing Summary
| ---------------------
------------------------------------------------------------------------------------------------

    WNS(ns)      TNS(ns)  TNS Failing Endpoints  TNS Total Endpoints      WHS(ns)      THS(ns)  THS Failing Endpoints  THS Total Endpoints     WPWS(ns)     TPWS(ns)  TPWS Failing Endpoints  TPWS Total Endpoints  
    -------      -------  ---------------------  -------------------      -------      -------  ---------------------  -------------------     --------     --------  ----------------------  --------------------  
      2.972        0.000                      0                  109        0.163        0.000                      0                  109        4.500        0.000                       0                    72  


All user specified timing constraints are met.


------------------------------------------------------------------------------------------------
| Clock Summary
| -------------
------------------------------------------------------------------------------------------------

Clock  Waveform(ns)       Period(ns)      Frequency(MHz)
-----  ------------       ----------      --------------
clk    {0.000 5.000}      10.000          100.000         


------------------------------------------------------------------------------------------------
| Intra Clock Table
| -----------------
------------------------------------------------------------------------------------------------

Clock             WNS(ns)      TNS(ns)  TNS Failing Endpoints  TNS Total Endpoints      WHS(ns)      THS(ns)  THS Failing Endpoints  THS Total Endpoints     WPWS(ns)     TPWS(ns)  TPWS Failing Endpoints  TPWS Total Endpoints  
-----             -------      -------  ---------------------  -------------------      -------      -------  ---------------------  -------------------     --------     --------  ----------------------  --------------------  
clk                 2.972        0.000                      0                  109        0.163        0.000                      0                  109        4.500        0.000                       0                    72  


------------------------------------------------------------------------------------------------
| Inter Clock Table
| -----------------
------------------------------------------------------------------------------------------------

From Clock    To Clock          WNS(ns)      TNS(ns)  TNS Failing Endpoints  TNS Total Endpoints      WHS(ns)      THS(ns)  THS Failing Endpoints  THS Total Endpoints  
----------    --------          -------      -------  ---------------------  -------------------      -------      -------  ---------------------  -------------------  


------------------------------------------------------------------------------------------------
| Other Path Groups Table
| -----------------------
------------------------------------------------------------------------------------------------

Path Group    From Clock    To Clock          WNS(ns)      TNS(ns)  TNS Failing Endpoints  TNS Total Endpoints      WHS(ns)      THS(ns)  THS Failing Endpoints  THS Total Endpoints  
----------    ----------    --------          -------      -------  ---------------------  -------------------      -------      -------  ---------------------  -------------------  


------------------------------------------------------------------------------------------------
| Timing Details
| --------------
------------------------------------------------------------------------------------------------


---------------------------------------------------------------------------------------------------
From Clock:  clk
  To Clock:  clk

Setup :            0  Failing Endpoints,  Worst Slack        2.972ns,  Total Violation        0.000ns
Hold  :            0  Failing Endpoints,  Worst Slack        0.163ns,  Total Violation        0.000ns
PW    :            0  Failing Endpoints,  Worst Slack        4.500ns,  Total Violation        0.000ns
---------------------------------------------------------------------------------------------------


Max Delay Paths
--------------------------------------------------------------------------------------
Slack (MET) :             2.972ns  (required time - arrival time)
  Source:                 forward_instance/relu4d_0_instance/fsm0/out_reg[0]/C
                            (rising edge-triggered cell FDRE clocked by clk  {rise@0.000ns fall@5.000ns period=10.000ns})
  Destination:            forward_instance/relu4d_0_instance/fsm0/out_reg[2]/CE
                            (rising edge-triggered cell FDRE clocked by clk  {rise@0.000ns fall@5.000ns period=10.000ns})
  Path Group:             clk
  Path Type:              Setup (Max at Slow Process Corner)
  Requirement:            10.000ns  (clk rise@10.000ns - clk rise@0.000ns)
  Data Path Delay:        6.725ns  (logic 1.612ns (23.971%)  route 5.113ns (76.029%))
  Logic Levels:           7  (LUT2=1 LUT5=1 LUT6=5)
  Clock Path Skew:        -0.063ns (DCD - SCD + CPR)
    Destination Clock Delay (DCD):    4.593ns = ( 14.593 - 10.000 ) 
    Source Clock Delay      (SCD):    5.114ns
    Clock Pessimism Removal (CPR):    0.458ns
  Clock Uncertainty:      0.035ns  ((TSJ^2 + TIJ^2)^1/2 + DJ) / 2 + PE
    Total System Jitter     (TSJ):    0.071ns
    Total Input Jitter      (TIJ):    0.000ns
    Discrete Jitter          (DJ):    0.000ns
    Phase Error              (PE):    0.000ns

    Location             Delay type                Incr(ns)  Path(ns)    Netlist Resource(s)
  -------------------------------------------------------------------    -------------------
                         (clock clk rise edge)        0.000     0.000 r  
    AA9                                               0.000     0.000 r  clk (IN)
                         net (fo=0)                   0.000     0.000    clk
    AA9                  IBUF (Prop_ibuf_I_O)         1.008     1.008 r  clk_IBUF_inst/O
                         net (fo=1, routed)           2.171     3.179    clk_IBUF
    BUFGCTRL_X0Y0        BUFG (Prop_bufg_I_O)         0.101     3.280 r  clk_IBUF_BUFG_inst/O
                         net (fo=71, routed)          1.834     5.114    forward_instance/relu4d_0_instance/fsm0/clk_IBUF_BUFG
    SLICE_X4Y6           FDRE                                         r  forward_instance/relu4d_0_instance/fsm0/out_reg[0]/C
  -------------------------------------------------------------------    -------------------
    SLICE_X4Y6           FDRE (Prop_fdre_C_Q)         0.518     5.632 r  forward_instance/relu4d_0_instance/fsm0/out_reg[0]/Q
                         net (fo=24, routed)          1.025     6.657    forward_instance/relu4d_0_instance/fsm0/out_reg[0]_1[0]
    SLICE_X4Y8           LUT5 (Prop_lut5_I0_O)        0.146     6.803 f  forward_instance/relu4d_0_instance/fsm0/mem[299][31]_i_7/O
                         net (fo=3, routed)           0.612     7.415    forward_instance/fsm0/relu4d_0_instance_done
    SLICE_X5Y3           LUT6 (Prop_lut6_I0_O)        0.328     7.743 r  forward_instance/fsm0/mem[299][31]_i_4/O
                         net (fo=23, routed)          0.769     8.511    forward_instance/relu4d_0_instance/fsm0/out_reg[16]
    SLICE_X5Y8           LUT2 (Prop_lut2_I1_O)        0.124     8.635 f  forward_instance/relu4d_0_instance/fsm0/done_buf[0]_i_3/O
                         net (fo=7, routed)           0.494     9.129    forward_instance/relu4d_0_instance/fsm0/done_buf[0]_i_3_n_0
    SLICE_X7Y8           LUT6 (Prop_lut6_I1_O)        0.124     9.253 r  forward_instance/relu4d_0_instance/fsm0/out[3]_i_5__0/O
                         net (fo=3, routed)           0.740     9.993    forward_instance/relu4d_0_instance/fsm0/out[3]_i_5__0_n_0
    SLICE_X5Y6           LUT6 (Prop_lut6_I4_O)        0.124    10.117 r  forward_instance/relu4d_0_instance/fsm0/out[4]_i_15/O
                         net (fo=1, routed)           0.433    10.550    forward_instance/relu4d_0_instance/fsm0/out[4]_i_15_n_0
    SLICE_X5Y6           LUT6 (Prop_lut6_I5_O)        0.124    10.674 r  forward_instance/relu4d_0_instance/fsm0/out[4]_i_3__0/O
                         net (fo=1, routed)           0.440    11.115    forward_instance/relu4d_0_instance/fsm0/out[4]_i_3__0_n_0
    SLICE_X3Y6           LUT6 (Prop_lut6_I0_O)        0.124    11.239 r  forward_instance/relu4d_0_instance/fsm0/out[4]_i_1__0/O
                         net (fo=5, routed)           0.600    11.838    forward_instance/relu4d_0_instance/fsm0/_guard456
    SLICE_X3Y6           FDRE                                         r  forward_instance/relu4d_0_instance/fsm0/out_reg[2]/CE
  -------------------------------------------------------------------    -------------------

                         (clock clk rise edge)       10.000    10.000 r  
    AA9                                               0.000    10.000 r  clk (IN)
                         net (fo=0)                   0.000    10.000    clk
    AA9                  IBUF (Prop_ibuf_I_O)         0.874    10.874 r  clk_IBUF_inst/O
                         net (fo=1, routed)           1.972    12.846    clk_IBUF
    BUFGCTRL_X0Y0        BUFG (Prop_bufg_I_O)         0.091    12.937 r  clk_IBUF_BUFG_inst/O
                         net (fo=71, routed)          1.656    14.593    forward_instance/relu4d_0_instance/fsm0/clk_IBUF_BUFG
    SLICE_X3Y6           FDRE                                         r  forward_instance/relu4d_0_instance/fsm0/out_reg[2]/C
                         clock pessimism              0.458    15.051    
                         clock uncertainty           -0.035    15.015    
    SLICE_X3Y6           FDRE (Setup_fdre_C_CE)      -0.205    14.810    forward_instance/relu4d_0_instance/fsm0/out_reg[2]
  -------------------------------------------------------------------
                         required time                         14.810    
                         arrival time                         -11.838    
  -------------------------------------------------------------------
                         slack                                  2.972    





Min Delay Paths
--------------------------------------------------------------------------------------
Slack (MET) :             0.163ns  (arrival time - required time)
  Source:                 forward_instance/fsm/out_reg[2]/C
                            (rising edge-triggered cell FDRE clocked by clk  {rise@0.000ns fall@5.000ns period=10.000ns})
  Destination:            forward_instance/signal_reg/out_reg[0]/D
                            (rising edge-triggered cell FDRE clocked by clk  {rise@0.000ns fall@5.000ns period=10.000ns})
  Path Group:             clk
  Path Type:              Hold (Min at Fast Process Corner)
  Requirement:            0.000ns  (clk rise@0.000ns - clk rise@0.000ns)
  Data Path Delay:        0.296ns  (logic 0.186ns (62.765%)  route 0.110ns (37.235%))
  Logic Levels:           1  (LUT5=1)
  Clock Path Skew:        0.013ns (DCD - SCD - CPR)
    Destination Clock Delay (DCD):    2.037ns
    Source Clock Delay      (SCD):    1.520ns
    Clock Pessimism Removal (CPR):    0.505ns

    Location             Delay type                Incr(ns)  Path(ns)    Netlist Resource(s)
  -------------------------------------------------------------------    -------------------
                         (clock clk rise edge)        0.000     0.000 r  
    AA9                                               0.000     0.000 r  clk (IN)
                         net (fo=0)                   0.000     0.000    clk
    AA9                  IBUF (Prop_ibuf_I_O)         0.236     0.236 r  clk_IBUF_inst/O
                         net (fo=1, routed)           0.663     0.899    clk_IBUF
    BUFGCTRL_X0Y0        BUFG (Prop_bufg_I_O)         0.026     0.925 r  clk_IBUF_BUFG_inst/O
                         net (fo=71, routed)          0.595     1.520    forward_instance/fsm/clk_IBUF_BUFG
    SLICE_X9Y2           FDRE                                         r  forward_instance/fsm/out_reg[2]/C
  -------------------------------------------------------------------    -------------------
    SLICE_X9Y2           FDRE (Prop_fdre_C_Q)         0.141     1.661 f  forward_instance/fsm/out_reg[2]/Q
                         net (fo=3, routed)           0.110     1.771    forward_instance/fsm/out_reg[3]_1[0]
    SLICE_X8Y2           LUT5 (Prop_lut5_I2_O)        0.045     1.816 r  forward_instance/fsm/out[0]_i_1__16/O
                         net (fo=1, routed)           0.000     1.816    forward_instance/signal_reg/out_reg[0]_0
    SLICE_X8Y2           FDRE                                         r  forward_instance/signal_reg/out_reg[0]/D
  -------------------------------------------------------------------    -------------------

                         (clock clk rise edge)        0.000     0.000 r  
    AA9                                               0.000     0.000 r  clk (IN)
                         net (fo=0)                   0.000     0.000    clk
    AA9                  IBUF (Prop_ibuf_I_O)         0.425     0.425 r  clk_IBUF_inst/O
                         net (fo=1, routed)           0.719     1.144    clk_IBUF
    BUFGCTRL_X0Y0        BUFG (Prop_bufg_I_O)         0.029     1.173 r  clk_IBUF_BUFG_inst/O
                         net (fo=71, routed)          0.864     2.037    forward_instance/signal_reg/clk_IBUF_BUFG
    SLICE_X8Y2           FDRE                                         r  forward_instance/signal_reg/out_reg[0]/C
                         clock pessimism             -0.505     1.533    
    SLICE_X8Y2           FDRE (Hold_fdre_C_D)         0.120     1.653    forward_instance/signal_reg/out_reg[0]
  -------------------------------------------------------------------
                         required time                         -1.653    
                         arrival time                           1.816    
  -------------------------------------------------------------------
                         slack                                  0.163    





Pulse Width Checks
--------------------------------------------------------------------------------------
Clock Name:         clk
Waveform(ns):       { 0.000 5.000 }
Period(ns):         10.000
Sources:            { clk }

Check Type        Corner  Lib Pin  Reference Pin  Required(ns)  Actual(ns)  Slack(ns)  Location       Pin
Min Period        n/a     BUFG/I   n/a            2.155         10.000      7.845      BUFGCTRL_X0Y0  clk_IBUF_BUFG_inst/I
Low Pulse Width   Slow    FDRE/C   n/a            0.500         5.000       4.500      SLICE_X3Y2     forward_instance/addf_0_reg/done_reg/C
High Pulse Width  Slow    FDRE/C   n/a            0.500         5.000       4.500      SLICE_X3Y2     forward_instance/addf_0_reg/done_reg/C



