Copyright 1986-2022 Xilinx, Inc. All Rights Reserved.
-----------------------------------------------------------------------------------------
| Tool Version : Vivado v.2022.1 (lin64) Build 3526262 Mon Apr 18 15:47:01 MDT 2022
| Date         : Fri Feb  6 07:41:46 2026
| Host         : dell-PT-3620 running 64-bit Ubuntu 22.04.5 LTS
| Command      : report_utilization -hierarchical -file reports/relu_util_synth_hier.rpt
| Design       : main
| Device       : xc7z020clg484-1
| Speed File   : -1
| Design State : Synthesized
-----------------------------------------------------------------------------------------

Utilization Design Information

Table of Contents
-----------------
1. Utilization by Hierarchy

1. Utilization by Hierarchy
---------------------------

+--------------------------------+----------------------------+------------+------------+---------+------+-------+--------+--------+------------+
|            Instance            |           Module           | Total LUTs | Logic LUTs | LUTRAMs | SRLs |  FFs  | RAMB36 | RAMB18 | DSP Blocks |
+--------------------------------+----------------------------+------------+------------+---------+------+-------+--------+--------+------------+
| main                           |                      (top) |      17172 |      17172 |       0 |    0 | 38934 |      0 |      0 |          2 |
|   (main)                       |                      (top) |          0 |          0 |       0 |    0 |     0 |      0 |      0 |          0 |
|   forward_instance             |                    forward |       9062 |       9062 |       0 |    0 |   434 |      0 |      0 |          2 |
|     (forward_instance)         |                    forward |          7 |          7 |       0 |    0 |     0 |      0 |      0 |          0 |
|     adder                      |    std_add__parameterized0 |         13 |         13 |       0 |    0 |     0 |      0 |      0 |          0 |
|     addf_0_reg                 |                    std_reg |       2336 |       2336 |       0 |    0 |   161 |      0 |      0 |          0 |
|     cond_reg                   |    std_reg__parameterized0 |          1 |          1 |       0 |    0 |     1 |      0 |      0 |          0 |
|     cond_reg0                  |  std_reg__parameterized0_3 |          0 |          0 |       0 |    0 |     1 |      0 |      0 |          0 |
|     cond_reg1                  |  std_reg__parameterized0_4 |          0 |          0 |       0 |    0 |     1 |      0 |      0 |          0 |
|     for_0_induction_var_reg    |                  std_reg_5 |          0 |          0 |       0 |    0 |    18 |      0 |      0 |          0 |
|     for_1_induction_var_reg    |                  std_reg_6 |          0 |          0 |       0 |    0 |    18 |      0 |      0 |          0 |
|     for_2_induction_var_reg    |                  std_reg_7 |          0 |          0 |       0 |    0 |    18 |      0 |      0 |          0 |
|     for_3_induction_var_reg    |                  std_reg_8 |          0 |          0 |       0 |    0 |    18 |      0 |      0 |          0 |
|     fsm                        |    std_reg__parameterized1 |         28 |         28 |       0 |    0 |     4 |      0 |      0 |          0 |
|     fsm0                       |    std_reg__parameterized3 |        367 |        367 |       0 |    0 |     5 |      0 |      0 |          0 |
|     idx                        |  std_reg__parameterized1_9 |          3 |          3 |       0 |    0 |     5 |      0 |      0 |          0 |
|     idx0                       | std_reg__parameterized1_10 |          4 |          4 |       0 |    0 |     5 |      0 |      0 |          0 |
|     idx1                       |    std_reg__parameterized2 |          4 |          4 |       0 |    0 |     3 |      0 |      0 |          0 |
|     muli_8_reg                 |                 std_reg_11 |          0 |          0 |       0 |    0 |    17 |      0 |      0 |          0 |
|     relu4d_0_instance          |                   relu4d_0 |       5853 |       5853 |       0 |    0 |   124 |      0 |      0 |          1 |
|       cmpf_0_reg               | std_reg__parameterized0_13 |         16 |         16 |       0 |    0 |     2 |      0 |      0 |          0 |
|       compare_port_0_reg       | std_reg__parameterized0_14 |          0 |          0 |       0 |    0 |     1 |      0 |      0 |          0 |
|       cond_reg                 | std_reg__parameterized0_15 |          0 |          0 |       0 |    0 |     1 |      0 |      0 |          0 |
|       cond_reg0                | std_reg__parameterized0_16 |          1 |          1 |       0 |    0 |     1 |      0 |      0 |          0 |
|       cond_reg1                | std_reg__parameterized0_17 |          0 |          0 |       0 |    0 |     1 |      0 |      0 |          0 |
|       for_0_induction_var_reg  |                 std_reg_18 |          0 |          0 |       0 |    0 |    18 |      0 |      0 |          0 |
|       for_1_induction_var_reg  |                 std_reg_19 |          0 |          0 |       0 |    0 |    18 |      0 |      0 |          0 |
|       for_2_induction_var_reg  |                 std_reg_20 |          0 |          0 |       0 |    0 |    18 |      0 |      0 |          0 |
|       for_3_induction_var_reg  |                 std_reg_21 |          0 |          0 |       0 |    0 |    18 |      0 |      0 |          0 |
|       fsm                      | std_reg__parameterized1_22 |         28 |         28 |       0 |    0 |     4 |      0 |      0 |          0 |
|       fsm0                     | std_reg__parameterized3_23 |        204 |        204 |       0 |    0 |     5 |      0 |      0 |          0 |
|       idx                      | std_reg__parameterized1_24 |          3 |          3 |       0 |    0 |     5 |      0 |      0 |          0 |
|       idx0                     | std_reg__parameterized1_25 |          2 |          2 |       0 |    0 |     5 |      0 |      0 |          0 |
|       idx1                     | std_reg__parameterized2_26 |          0 |          0 |       0 |    0 |     3 |      0 |      0 |          0 |
|       muli_5_reg               |                 std_reg_27 |          0 |          0 |       0 |    0 |    17 |      0 |      0 |          0 |
|       signal_reg               | std_reg__parameterized0_28 |          0 |          0 |       0 |    0 |     1 |      0 |      0 |          0 |
|       std_add_9                |                 std_add_29 |       5596 |       5596 |       0 |    0 |     0 |      0 |      0 |          0 |
|       std_compareFN_0          |              std_compareFN |          2 |          2 |       0 |    0 |     4 |      0 |      0 |          0 |
|         (std_compareFN_0)      |              std_compareFN |          2 |          2 |       0 |    0 |     4 |      0 |      0 |          0 |
|         comparator             |               compareRecFN |          0 |          0 |       0 |    0 |     0 |      0 |      0 |          0 |
|       std_mult_pipe_5          |           std_mult_pipe_30 |          0 |          0 |       0 |    0 |     0 |      0 |      0 |          1 |
|         comp                   |        std_fp_mult_pipe_32 |          0 |          0 |       0 |    0 |     0 |      0 |      0 |          1 |
|       unordered_port_0_reg     | std_reg__parameterized0_31 |          1 |          1 |       0 |    0 |     2 |      0 |      0 |          0 |
|     signal_reg                 | std_reg__parameterized0_12 |          0 |          0 |       0 |    0 |     1 |      0 |      0 |          0 |
|     std_addFN_0                |                  std_addFN |        437 |        437 |       0 |    0 |    34 |      0 |      0 |          0 |
|       (std_addFN_0)            |                  std_addFN |          2 |          2 |       0 |    0 |    34 |      0 |      0 |          0 |
|       adder                    |                   addRecFN |        435 |        435 |       0 |    0 |     0 |      0 |      0 |          0 |
|         addRecFNToRaw          |              addRecFNToRaw |        349 |        349 |       0 |    0 |     0 |      0 |      0 |          0 |
|         roundRawOut            |          roundRawFNToRecFN |         86 |         86 |       0 |    0 |     0 |      0 |      0 |          0 |
|           roundAnyRawFNToRecFN |       roundAnyRawFNToRecFN |         86 |         86 |       0 |    0 |     0 |      0 |      0 |          0 |
|     std_add_12                 |                    std_add |         10 |         10 |       0 |    0 |     0 |      0 |      0 |          0 |
|     std_mult_pipe_8            |              std_mult_pipe |          0 |          0 |       0 |    0 |     0 |      0 |      0 |          1 |
|       comp                     |           std_fp_mult_pipe |          0 |          0 |       0 |    0 |     0 |      0 |      0 |          1 |
|   mem_0                        |                 seq_mem_d1 |       2693 |       2693 |       0 |    0 |  9633 |      0 |      0 |          0 |
|   mem_1                        |               seq_mem_d1_0 |       2751 |       2751 |       0 |    0 |  9633 |      0 |      0 |          0 |
|   mem_2                        |               seq_mem_d1_1 |          1 |          1 |       0 |    0 |  9601 |      0 |      0 |          0 |
|   mem_3                        |               seq_mem_d1_2 |       2667 |       2667 |       0 |    0 |  9633 |      0 |      0 |          0 |
+--------------------------------+----------------------------+------------+------------+---------+------+-------+--------+--------+------------+


