Copyright 1986-2022 Xilinx, Inc. All Rights Reserved.
-----------------------------------------------------------------------------------------
| Tool Version : Vivado v.2022.1 (lin64) Build 3526262 Mon Apr 18 15:47:01 MDT 2022
| Date         : Fri Feb  6 07:42:19 2026
| Host         : dell-PT-3620 running 64-bit Ubuntu 22.04.5 LTS
| Command      : report_utilization -hierarchical -file reports/relu_util_route_hier.rpt
| Design       : main
| Device       : xc7z020clg484-1
| Speed File   : -1
| Design State : Routed
-----------------------------------------------------------------------------------------

Utilization Design Information

Table of Contents
-----------------
1. Utilization by Hierarchy

1. Utilization by Hierarchy
---------------------------

+-------------------------------+----------------------------+------------+------------+---------+------+-----+--------+--------+------------+
|            Instance           |           Module           | Total LUTs | Logic LUTs | LUTRAMs | SRLs | FFs | RAMB36 | RAMB18 | DSP Blocks |
+-------------------------------+----------------------------+------------+------------+---------+------+-----+--------+--------+------------+
| main                          |                      (top) |        161 |        161 |       0 |    0 |  71 |      0 |      0 |          0 |
|   (main)                      |                      (top) |          0 |          0 |       0 |    0 |   0 |      0 |      0 |          0 |
|   forward_instance            |                    forward |        161 |        161 |       0 |    0 |  67 |      0 |      0 |          0 |
|     (forward_instance)        |                    forward |          2 |          2 |       0 |    0 |   0 |      0 |      0 |          0 |
|     addf_0_reg                |                    std_reg |          0 |          0 |       0 |    0 |   1 |      0 |      0 |          0 |
|     cond_reg                  |    std_reg__parameterized0 |          1 |          1 |       0 |    0 |   1 |      0 |      0 |          0 |
|     cond_reg0                 |  std_reg__parameterized0_3 |          0 |          0 |       0 |    0 |   1 |      0 |      0 |          0 |
|     cond_reg1                 |  std_reg__parameterized0_4 |          0 |          0 |       0 |    0 |   1 |      0 |      0 |          0 |
|     for_0_induction_var_reg   |                  std_reg_5 |          0 |          0 |       0 |    0 |   1 |      0 |      0 |          0 |
|     for_1_induction_var_reg   |                  std_reg_6 |          0 |          0 |       0 |    0 |   1 |      0 |      0 |          0 |
|     for_2_induction_var_reg   |                  std_reg_7 |          0 |          0 |       0 |    0 |   1 |      0 |      0 |          0 |
|     for_3_induction_var_reg   |                  std_reg_8 |          0 |          0 |       0 |    0 |   1 |      0 |      0 |          0 |
|     fsm                       |    std_reg__parameterized1 |          4 |          4 |       0 |    0 |   4 |      0 |      0 |          0 |
|     fsm0                      |    std_reg__parameterized3 |         74 |         74 |       0 |    0 |   5 |      0 |      0 |          0 |
|     idx                       |  std_reg__parameterized1_9 |          3 |          3 |       0 |    0 |   5 |      0 |      0 |          0 |
|     idx0                      | std_reg__parameterized1_10 |          4 |          4 |       0 |    0 |   5 |      0 |      0 |          0 |
|     idx1                      |    std_reg__parameterized2 |          4 |          4 |       0 |    0 |   3 |      0 |      0 |          0 |
|     relu4d_0_instance         |                   relu4d_0 |         70 |         70 |       0 |    0 |  34 |      0 |      0 |          0 |
|       cmpf_0_reg              | std_reg__parameterized0_13 |          0 |          0 |       0 |    0 |   1 |      0 |      0 |          0 |
|       cond_reg                | std_reg__parameterized0_15 |          0 |          0 |       0 |    0 |   1 |      0 |      0 |          0 |
|       cond_reg0               | std_reg__parameterized0_16 |          1 |          1 |       0 |    0 |   1 |      0 |      0 |          0 |
|       cond_reg1               | std_reg__parameterized0_17 |          0 |          0 |       0 |    0 |   1 |      0 |      0 |          0 |
|       for_0_induction_var_reg |                 std_reg_18 |          0 |          0 |       0 |    0 |   1 |      0 |      0 |          0 |
|       for_1_induction_var_reg |                 std_reg_19 |          0 |          0 |       0 |    0 |   1 |      0 |      0 |          0 |
|       for_2_induction_var_reg |                 std_reg_20 |          0 |          0 |       0 |    0 |   1 |      0 |      0 |          0 |
|       for_3_induction_var_reg |                 std_reg_21 |          0 |          0 |       0 |    0 |   1 |      0 |      0 |          0 |
|       fsm                     | std_reg__parameterized1_22 |          3 |          3 |       0 |    0 |   4 |      0 |      0 |          0 |
|       fsm0                    | std_reg__parameterized3_23 |         58 |         58 |       0 |    0 |   5 |      0 |      0 |          0 |
|       idx                     | std_reg__parameterized1_24 |          3 |          3 |       0 |    0 |   5 |      0 |      0 |          0 |
|       idx0                    | std_reg__parameterized1_25 |          2 |          2 |       0 |    0 |   5 |      0 |      0 |          0 |
|       idx1                    | std_reg__parameterized2_26 |          0 |          0 |       0 |    0 |   3 |      0 |      0 |          0 |
|       signal_reg              | std_reg__parameterized0_28 |          0 |          0 |       0 |    0 |   1 |      0 |      0 |          0 |
|       std_compareFN_0         |              std_compareFN |          2 |          2 |       0 |    0 |   2 |      0 |      0 |          0 |
|       unordered_port_0_reg    | std_reg__parameterized0_31 |          1 |          1 |       0 |    0 |   1 |      0 |      0 |          0 |
|     signal_reg                | std_reg__parameterized0_12 |          0 |          0 |       0 |    0 |   1 |      0 |      0 |          0 |
|     std_addFN_0               |                  std_addFN |          2 |          2 |       0 |    0 |   2 |      0 |      0 |          0 |
|   mem_0                       |                 seq_mem_d1 |          0 |          0 |       0 |    0 |   1 |      0 |      0 |          0 |
|   mem_1                       |               seq_mem_d1_0 |          0 |          0 |       0 |    0 |   1 |      0 |      0 |          0 |
|   mem_2                       |               seq_mem_d1_1 |          1 |          1 |       0 |    0 |   1 |      0 |      0 |          0 |
|   mem_3                       |               seq_mem_d1_2 |          0 |          0 |       0 |    0 |   1 |      0 |      0 |          0 |
+-------------------------------+----------------------------+------------+------------+---------+------+-----+--------+--------+------------+
* Note: The sum of lower-level cells may be larger than their parent cells total, due to cross-hierarchy LUT combining


