Copyright 1986-2022 Xilinx, Inc. All Rights Reserved.
------------------------------------------------------------------------------------
| Tool Version : Vivado v.2022.1 (lin64) Build 3526262 Mon Apr 18 15:47:01 MDT 2022
| Date         : Fri Feb  6 01:49:05 2026
| Host         : dell-PT-3620 running 64-bit Ubuntu 22.04.5 LTS
| Command      : report_timing_summary -file reports/gemm_timing_synth.rpt
| Design       : main
| Device       : 7z020-clg484
| Speed File   : -1  PRODUCTION 1.12 2019-11-22
------------------------------------------------------------------------------------

Timing Summary Report

------------------------------------------------------------------------------------------------
| Timer Settings
| --------------
------------------------------------------------------------------------------------------------

  Enable Multi Corner Analysis               :  Yes
  Enable Pessimism Removal                   :  Yes
  Pessimism Removal Resolution               :  Nearest Common Node
  Enable Input Delay Default Clock           :  No
  Enable Preset / Clear Arcs                 :  No
  Disable Flight Delays                      :  No
  Ignore I/O Paths                           :  No
  Timing Early Launch at Borrowing Latches   :  No
  Borrow Time for Max Delay Exceptions       :  Yes
  Merge Timing Exceptions                    :  Yes

  Corner  Analyze    Analyze    
  Name    Max Paths  Min Paths  
  ------  ---------  ---------  
  Slow    Yes        Yes        
  Fast    Yes        Yes        


------------------------------------------------------------------------------------------------
| Report Methodology
| ------------------
------------------------------------------------------------------------------------------------

No report available as report_methodology has not been run prior. Run report_methodology on the current design for the summary of methodology violations.



check_timing report

Table of Contents
-----------------
1. checking no_clock (0)
2. checking constant_clock (0)
3. checking pulse_width_clock (0)
4. checking unconstrained_internal_endpoints (0)
5. checking no_input_delay (2)
6. checking no_output_delay (1)
7. checking multiple_clock (0)
8. checking generated_clocks (0)
9. checking loops (0)
10. checking partial_input_delay (0)
11. checking partial_output_delay (0)
12. checking latch_loops (0)

1. checking no_clock (0)
------------------------
 There are 0 register/latch pins with no clock.


2. checking constant_clock (0)
------------------------------
 There are 0 register/latch pins with constant_clock.


3. checking pulse_width_clock (0)
---------------------------------
 There are 0 register/latch pins which need pulse_width check


4. checking unconstrained_internal_endpoints (0)
------------------------------------------------
 There are 0 pins that are not constrained for maximum delay.

 There are 0 pins that are not constrained for maximum delay due to constant clock.


5. checking no_input_delay (2)
------------------------------
 There is 1 input port with no input delay specified. (HIGH)

 There is 1 input port with no input delay but user has a false path constraint. (MEDIUM)


6. checking no_output_delay (1)
-------------------------------
 There is 1 port with no output delay specified. (HIGH)

 There are 0 ports with no output delay but user has a false path constraint

 There are 0 ports with no output delay but with a timing clock defined on it or propagating through it


7. checking multiple_clock (0)
------------------------------
 There are 0 register/latch pins with multiple clocks.


8. checking generated_clocks (0)
--------------------------------
 There are 0 generated clocks that are not connected to a clock source.


9. checking loops (0)
---------------------
 There are 0 combinational loops in the design.


10. checking partial_input_delay (0)
------------------------------------
 There are 0 input ports with partial input delay specified.


11. checking partial_output_delay (0)
-------------------------------------
 There are 0 ports with partial output delay specified.


12. checking latch_loops (0)
----------------------------
 There are 0 combinational latch loops in the design through latch input



------------------------------------------------------------------------------------------------
| Design Timing Summary
| ---------------------
------------------------------------------------------------------------------------------------

    WNS(ns)      TNS(ns)  TNS Failing Endpoints  TNS Total Endpoints      WHS(ns)      THS(ns)  THS Failing Endpoints  THS Total Endpoints     WPWS(ns)     TPWS(ns)  TPWS Failing Endpoints  TPWS Total Endpoints  
    -------      -------  ---------------------  -------------------      -------      -------  ---------------------  -------------------     --------     --------  ----------------------  --------------------  
      5.412        0.000                      0                   65        0.140        0.000                      0                   65        4.500        0.000                       0                    40  


All user specified timing constraints are met.


------------------------------------------------------------------------------------------------
| Clock Summary
| -------------
------------------------------------------------------------------------------------------------

Clock  Waveform(ns)       Period(ns)      Frequency(MHz)
-----  ------------       ----------      --------------
clk    {0.000 5.000}      10.000          100.000         


------------------------------------------------------------------------------------------------
| Intra Clock Table
| -----------------
------------------------------------------------------------------------------------------------

Clock             WNS(ns)      TNS(ns)  TNS Failing Endpoints  TNS Total Endpoints      WHS(ns)      THS(ns)  THS Failing Endpoints  THS Total Endpoints     WPWS(ns)     TPWS(ns)  TPWS Failing Endpoints  TPWS Total Endpoints  
-----             -------      -------  ---------------------  -------------------      -------      -------  ---------------------  -------------------     --------     --------  ----------------------  --------------------  
clk                 5.412        0.000                      0                   65        0.140        0.000                      0                   65        4.500        0.000                       0                    40  


------------------------------------------------------------------------------------------------
| Inter Clock Table
| -----------------
------------------------------------------------------------------------------------------------

From Clock    To Clock          WNS(ns)      TNS(ns)  TNS Failing Endpoints  TNS Total Endpoints      WHS(ns)      THS(ns)  THS Failing Endpoints  THS Total Endpoints  
----------    --------          -------      -------  ---------------------  -------------------      -------      -------  ---------------------  -------------------  


------------------------------------------------------------------------------------------------
| Other Path Groups Table
| -----------------------
------------------------------------------------------------------------------------------------

Path Group    From Clock    To Clock          WNS(ns)      TNS(ns)  TNS Failing Endpoints  TNS Total Endpoints      WHS(ns)      THS(ns)  THS Failing Endpoints  THS Total Endpoints  
----------    ----------    --------          -------      -------  ---------------------  -------------------      -------      -------  ---------------------  -------------------  


------------------------------------------------------------------------------------------------
| Timing Details
| --------------
------------------------------------------------------------------------------------------------


---------------------------------------------------------------------------------------------------
From Clock:  clk
  To Clock:  clk

Setup :            0  Failing Endpoints,  Worst Slack        5.412ns,  Total Violation        0.000ns
Hold  :            0  Failing Endpoints,  Worst Slack        0.140ns,  Total Violation        0.000ns
PW    :            0  Failing Endpoints,  Worst Slack        4.500ns,  Total Violation        0.000ns
---------------------------------------------------------------------------------------------------


Max Delay Paths
--------------------------------------------------------------------------------------
Slack (MET) :             5.412ns  (required time - arrival time)
  Source:                 gemm_instance/fsm0/out_reg[3]/C
                            (rising edge-triggered cell FDRE clocked by clk  {rise@0.000ns fall@5.000ns period=10.000ns})
  Destination:            gemm_instance/fsm0/out_reg[0]/CE
                            (rising edge-triggered cell FDRE clocked by clk  {rise@0.000ns fall@5.000ns period=10.000ns})
  Path Group:             clk
  Path Type:              Setup (Max at Slow Process Corner)
  Requirement:            10.000ns  (clk rise@10.000ns - clk rise@0.000ns)
  Data Path Delay:        4.206ns  (logic 1.021ns (24.275%)  route 3.185ns (75.725%))
  Logic Levels:           3  (LUT4=1 LUT6=2)
  Clock Path Skew:        -0.145ns (DCD - SCD + CPR)
    Destination Clock Delay (DCD):    2.078ns = ( 12.078 - 10.000 ) 
    Source Clock Delay      (SCD):    2.406ns
    Clock Pessimism Removal (CPR):    0.183ns
  Clock Uncertainty:      0.035ns  ((TSJ^2 + TIJ^2)^1/2 + DJ) / 2 + PE
    Total System Jitter     (TSJ):    0.071ns
    Total Input Jitter      (TIJ):    0.000ns
    Discrete Jitter          (DJ):    0.000ns
    Phase Error              (PE):    0.000ns

    Location             Delay type                Incr(ns)  Path(ns)    Netlist Resource(s)
  -------------------------------------------------------------------    -------------------
                         (clock clk rise edge)        0.000     0.000 r  
                                                      0.000     0.000 r  clk (IN)
                         net (fo=0)                   0.000     0.000    clk
                         IBUF (Prop_ibuf_I_O)         0.921     0.921 r  clk_IBUF_inst/O
                         net (fo=1, unplaced)         0.800     1.721    clk_IBUF
                         BUFG (Prop_bufg_I_O)         0.101     1.822 r  clk_IBUF_BUFG_inst/O
                         net (fo=39, unplaced)        0.584     2.406    gemm_instance/fsm0/clk_IBUF_BUFG
                         FDRE                                         r  gemm_instance/fsm0/out_reg[3]/C
  -------------------------------------------------------------------    -------------------
                         FDRE (Prop_fdre_C_Q)         0.478     2.884 f  gemm_instance/fsm0/out_reg[3]/Q
                         net (fo=26, unplaced)        0.807     3.691    gemm_instance/fsm0/out_reg_n_0_[3]
                         LUT4 (Prop_lut4_I1_O)        0.295     3.986 r  gemm_instance/fsm0/out[4]_i_11/O
                         net (fo=1, unplaced)         0.902     4.888    gemm_instance/fsm0/out[4]_i_11_n_0
                         LUT6 (Prop_lut6_I0_O)        0.124     5.012 r  gemm_instance/fsm0/out[4]_i_3/O
                         net (fo=2, unplaced)         0.975     5.987    gemm_instance/fsm0/out[4]_i_3_n_0
                         LUT6 (Prop_lut6_I0_O)        0.124     6.111 r  gemm_instance/fsm0/out[4]_i_1__0/O
                         net (fo=5, unplaced)         0.501     6.612    gemm_instance/fsm0/_guard315
                         FDRE                                         r  gemm_instance/fsm0/out_reg[0]/CE
  -------------------------------------------------------------------    -------------------

                         (clock clk rise edge)       10.000    10.000 r  
                                                      0.000    10.000 r  clk (IN)
                         net (fo=0)                   0.000    10.000    clk
                         IBUF (Prop_ibuf_I_O)         0.788    10.788 r  clk_IBUF_inst/O
                         net (fo=1, unplaced)         0.760    11.548    clk_IBUF
                         BUFG (Prop_bufg_I_O)         0.091    11.639 r  clk_IBUF_BUFG_inst/O
                         net (fo=39, unplaced)        0.439    12.078    gemm_instance/fsm0/clk_IBUF_BUFG
                         FDRE                                         r  gemm_instance/fsm0/out_reg[0]/C
                         clock pessimism              0.183    12.261    
                         clock uncertainty           -0.035    12.226    
                         FDRE (Setup_fdre_C_CE)      -0.202    12.024    gemm_instance/fsm0/out_reg[0]
  -------------------------------------------------------------------
                         required time                         12.024    
                         arrival time                          -6.612    
  -------------------------------------------------------------------
                         slack                                  5.412    





Min Delay Paths
--------------------------------------------------------------------------------------
Slack (MET) :             0.140ns  (arrival time - required time)
  Source:                 gemm_instance/idx1/done_reg/C
                            (rising edge-triggered cell FDRE clocked by clk  {rise@0.000ns fall@5.000ns period=10.000ns})
  Destination:            gemm_instance/idx1/done_reg/D
                            (rising edge-triggered cell FDRE clocked by clk  {rise@0.000ns fall@5.000ns period=10.000ns})
  Path Group:             clk
  Path Type:              Hold (Min at Fast Process Corner)
  Requirement:            0.000ns  (clk rise@0.000ns - clk rise@0.000ns)
  Data Path Delay:        0.384ns  (logic 0.245ns (63.855%)  route 0.139ns (36.145%))
  Logic Levels:           1  (LUT6=1)
  Clock Path Skew:        0.145ns (DCD - SCD - CPR)
    Destination Clock Delay (DCD):    0.982ns
    Source Clock Delay      (SCD):    0.628ns
    Clock Pessimism Removal (CPR):    0.209ns

    Location             Delay type                Incr(ns)  Path(ns)    Netlist Resource(s)
  -------------------------------------------------------------------    -------------------
                         (clock clk rise edge)        0.000     0.000 r  
                                                      0.000     0.000 r  clk (IN)
                         net (fo=0)                   0.000     0.000    clk
                         IBUF (Prop_ibuf_I_O)         0.151     0.151 r  clk_IBUF_inst/O
                         net (fo=1, unplaced)         0.337     0.488    clk_IBUF
                         BUFG (Prop_bufg_I_O)         0.026     0.514 r  clk_IBUF_BUFG_inst/O
                         net (fo=39, unplaced)        0.114     0.628    gemm_instance/idx1/clk_IBUF_BUFG
                         FDRE                                         r  gemm_instance/idx1/done_reg/C
  -------------------------------------------------------------------    -------------------
                         FDRE (Prop_fdre_C_Q)         0.147     0.775 f  gemm_instance/idx1/done_reg/Q
                         net (fo=3, unplaced)         0.139     0.913    gemm_instance/fsm0/cond_reg1_done
                         LUT6 (Prop_lut6_I5_O)        0.098     1.011 r  gemm_instance/fsm0/out[5]_i_1__1/O
                         net (fo=9, unplaced)         0.000     1.011    gemm_instance/idx1/E[0]
                         FDRE                                         r  gemm_instance/idx1/done_reg/D
  -------------------------------------------------------------------    -------------------

                         (clock clk rise edge)        0.000     0.000 r  
                                                      0.000     0.000 r  clk (IN)
                         net (fo=0)                   0.000     0.000    clk
                         IBUF (Prop_ibuf_I_O)         0.339     0.339 r  clk_IBUF_inst/O
                         net (fo=1, unplaced)         0.355     0.694    clk_IBUF
                         BUFG (Prop_bufg_I_O)         0.029     0.723 r  clk_IBUF_BUFG_inst/O
                         net (fo=39, unplaced)        0.259     0.982    gemm_instance/idx1/clk_IBUF_BUFG
                         FDRE                                         r  gemm_instance/idx1/done_reg/C
                         clock pessimism             -0.209     0.773    
                         FDRE (Hold_fdre_C_D)         0.099     0.872    gemm_instance/idx1/done_reg
  -------------------------------------------------------------------
                         required time                         -0.872    
                         arrival time                           1.011    
  -------------------------------------------------------------------
                         slack                                  0.140    





Pulse Width Checks
--------------------------------------------------------------------------------------
Clock Name:         clk
Waveform(ns):       { 0.000 5.000 }
Period(ns):         10.000
Sources:            { clk }

Check Type        Corner  Lib Pin  Reference Pin  Required(ns)  Actual(ns)  Slack(ns)  Location  Pin
Min Period        n/a     BUFG/I   n/a            2.155         10.000      7.845                clk_IBUF_BUFG_inst/I
Low Pulse Width   Slow    FDRE/C   n/a            0.500         5.000       4.500                gemm_instance/cond_reg/out_reg[0]/C
High Pulse Width  Slow    FDRE/C   n/a            0.500         5.000       4.500                gemm_instance/cond_reg/out_reg[0]/C



